#
# A fatal error has been detected by the Java Runtime Environment:
#
#  SIGSEGV (0xb) at pc=0x00000001069d1d1f, pid=41839, tid=25347
#
# JRE version: OpenJDK Runtime Environment Corretto-17.0.10.7.1 (17.0.10+7) (build 17.0.10+7-LTS)
# Java VM: OpenJDK 64-Bit Server VM Corretto-17.0.10.7.1 (17.0.10+7-LTS, mixed mode, emulated-client, sharing, tiered, compressed oops, compressed class ptrs, g1 gc, bsd-amd64)
# Problematic frame:
# V  [libjvm.dylib+0x463d1f]  void G1ParScanThreadState::do_oop_evac<narrowOop>(narrowOop*)+0x4f
#
# No core dump will be written. Core dumps have been disabled. To enable core dumping, try "ulimit -c unlimited" before starting Java again
#
# If you would like to submit a bug report, please visit:
#   https://github.com/corretto/corretto-17/issues/
#

---------------  S U M M A R Y ------------

Command Line: -XX:TieredStopAtLevel=1 -Dspring.output.ansi.enabled=always -Dcom.sun.management.jmxremote -Dspring.jmx.enabled=true -Dspring.liveBeansView.mbeanDomain -Dspring.application.admin.enabled=true -Dmanagement.endpoints.jmx.exposure.include=* -javaagent:/private/var/folders/jp/0vdv6hcd6gn_kpzcjlvg2_6m0000gn/T/AppTranslocation/77858DE0-2297-4955-8706-42E74F83E092/d/IntelliJ IDEA.app/Contents/lib/idea_rt.jar=62338:/private/var/folders/jp/0vdv6hcd6gn_kpzcjlvg2_6m0000gn/T/AppTranslocation/77858DE0-2297-4955-8706-42E74F83E092/d/IntelliJ IDEA.app/Contents/bin -Dfile.encoding=UTF-8 com.TurkcellUpdateProjectApplication

Host: "MacBookPro11,4" x86_64 2800 MHz, 8 cores, 16G, Darwin 21.6.0, macOS 12.7.4 (21H1123)
Time: Fri Mar 29 11:43:55 2024 +03 elapsed time: 7.601861 seconds (0d 0h 0m 7s)

---------------  T H R E A D  ---------------

Current thread (0x00007f9b85025e70):  GCTaskThread "GC Thread#1" [stack: 0x000070000cefb000,0x000070000cffb000] [id=25347]

Stack: [0x000070000cefb000,0x000070000cffb000],  sp=0x000070000cffab30,  free space=1022k
Native frames: (J=compiled Java code, j=interpreted, Vv=VM code, C=native code)
V  [libjvm.dylib+0x463d1f]  void G1ParScanThreadState::do_oop_evac<narrowOop>(narrowOop*)+0x4f
V  [libjvm.dylib+0x4620bf]  G1ParScanThreadState::trim_queue_to_threshold(unsigned int)+0x18f
V  [libjvm.dylib+0x47d136]  void G1ParCopyClosure<(G1Barrier)1, false>::do_oop_work<oopDesc*>(oopDesc**)+0x256
V  [libjvm.dylib+0x2f78db]  ClassLoaderData::oops_do(OopClosure*, int, bool)+0xdb
V  [libjvm.dylib+0x4605bf]  G1CLDScanClosure::do_cld(ClassLoaderData*)+0x3f
V  [libjvm.dylib+0x2fa822]  ClassLoaderDataGraph::roots_cld_do(CLDClosure*, CLDClosure*)+0x42
V  [libjvm.dylib+0x47efb1]  G1RootProcessor::process_java_roots(G1RootClosures*, G1GCPhaseTimes*, unsigned int)+0xc1
V  [libjvm.dylib+0x47ee6c]  G1RootProcessor::evacuate_roots(G1ParScanThreadState*, unsigned int)+0x5c
V  [libjvm.dylib+0x429ccf]  G1EvacuateRegionsTask::scan_roots(G1ParScanThreadState*, unsigned int)+0x1f
V  [libjvm.dylib+0x429bb5]  G1EvacuateRegionsBaseTask::work(unsigned int)+0x75
V  [libjvm.dylib+0xb5535c]  GangWorker::loop()+0x5c
V  [libjvm.dylib+0xb552e6]  GangWorker::run()+0x16
V  [libjvm.dylib+0xa9b577]  Thread::call_run()+0xa7
V  [libjvm.dylib+0x8b3578]  thread_native_entry(Thread*)+0x148
C  [libsystem_pthread.dylib+0x64e1]  _pthread_start+0x7d
C  [libsystem_pthread.dylib+0x1f6b]  thread_start+0xf


siginfo: si_signo: 11 (SIGSEGV), si_code: 1 (SEGV_MAPERR), si_addr: 0x0000000000000120

Registers:
RAX=0x00007f9b88807a00, RBX=0x0000000000000003, RCX=0x0000000000000015, RDX=0x0000000000000120
RSP=0x000070000cffab30, RBP=0x000070000cffab50, RSI=0x0000000000000000, RDI=0x0000000000000000
R8 =0x0000000000000001, R9 =0x0000000000000000, R10=0x00007f9b85544930, R11=0x0000000706488cd8
R12=0x00000001072932b0, R13=0x00000007046149f4, R14=0x00007f9b85544930, R15=0x00000007046149f4
RIP=0x00000001069d1d1f, EFLAGS=0x0000000000010246, ERR=0x0000000000000004
  TRAPNO=0x000000000000000e


Register to memory mapping:

RAX=0x00007f9b88807a00 points into unknown readable memory: 0x0000000000000000 | 00 00 00 00 00 00 00 00
RBX=0x0000000000000003 is an unknown value
RCX=0x0000000000000015 is an unknown value
RDX=0x0000000000000120 is an unknown value
RSP=0x000070000cffab30 points into unknown readable memory: 0x00007f9b85544930 | 30 49 54 85 9b 7f 00 00
RBP=0x000070000cffab50 points into unknown readable memory: 0x000070000cffab90 | 90 ab ff 0c 00 70 00 00
RSI=0x0 is NULL
RDI=0x0 is NULL
R8 =0x0000000000000001 is an unknown value
R9 =0x0 is NULL
R10=0x00007f9b85544930 points into unknown readable memory: 0x000000010726e618 | 18 e6 26 07 01 00 00 00
R11=0x0000000706488cd8 is an oop: [B 
{0x0000000706488cd8} - klass: {type array byte}
 - length: 58
R12=0x00000001072932b0: _ZN14CompressedOops11_narrow_oopE+0 in /Users/beratkulcu/Library/Java/JavaVirtualMachines/corretto-17.0.10/Contents/Home/lib/server/libjvm.dylib at 0x000000010656e000
R13=0x00000007046149f4 is pointing into object: java.lang.Class 
{0x00000007046149f0} - klass: 'java/lang/Class'
 - ---- fields (total size 14 words):
 - private volatile transient 'classRedefinedCount' 'I' @12  0
 - private volatile transient 'cachedConstructor' 'Ljava/lang/reflect/Constructor;' @40  NULL (0)
 - private transient 'name' 'Ljava/lang/String;' @44  "org.springframework.beans.factory.support.MethodDescriptor"{0x0000000704614b90} (e08c2972)
 - private transient 'module' 'Ljava/lang/Module;' @48  a 'java/lang/Module'{0x0000000700402d58} (e00805ab)
 - private final 'classLoader' 'Ljava/lang/ClassLoader;' @52  a 'jdk/internal/loader/ClassLoaders$AppClassLoader'{0x0000000700312500} (e00624a0)
 - private transient 'classData' 'Ljava/lang/Object;' @56  NULL (0)
 - private transient 'packageName' 'Ljava/lang/String;' @60  "org.springframework.beans.factory.support"{0x0000000700842f70} (e01085ee)
 - private final 'componentType' 'Ljava/lang/Class;' @64  NULL (0)
 - private volatile transient 'reflectionData' 'Ljava/lang/ref/SoftReference;' @68  NULL (0)
 - private volatile transient 'genericInfo' 'Lsun/reflect/generics/repository/ClassRepository;' @72  NULL (0)
 - private volatile transient 'enumConstants' '[Ljava/lang/Object;' @76  NULL (0)
 - private volatile transient 'enumConstantDirectory' 'Ljava/util/Map;' @80  NULL (0)
 - private volatile transient 'annotationData' 'Ljava/lang/Class$AnnotationData;' @84  NULL (0)
 - private volatile transient 'annotationType' 'Lsun/reflect/annotation/AnnotationType;' @88  NULL (0)
 - transient 'classValueMap' 'Ljava/lang/ClassValue$ClassValueMap;' @92  NULL (0)
 - signature: Lorg/springframework/beans/factory/support/MethodDescriptor;
 - fake entry for mirror: 'org/springframework/beans/factory/support/MethodDescriptor'
 - fake entry for array: NULL
 - fake entry for oop_size: 14
 - fake entry for static_oop_field_count: 0
R14=0x00007f9b85544930 points into unknown readable memory: 0x000000010726e618 | 18 e6 26 07 01 00 00 00
R15=0x00000007046149f4 is pointing into object: java.lang.Class 
{0x00000007046149f0} - klass: 'java/lang/Class'
 - ---- fields (total size 14 words):
 - private volatile transient 'classRedefinedCount' 'I' @12  0
 - private volatile transient 'cachedConstructor' 'Ljava/lang/reflect/Constructor;' @40  NULL (0)
 - private transient 'name' 'Ljava/lang/String;' @44  "org.springframework.beans.factory.support.MethodDescriptor"{0x0000000704614b90} (e08c2972)
 - private transient 'module' 'Ljava/lang/Module;' @48  a 'java/lang/Module'{0x0000000700402d58} (e00805ab)
 - private final 'classLoader' 'Ljava/lang/ClassLoader;' @52  a 'jdk/internal/loader/ClassLoaders$AppClassLoader'{0x0000000700312500} (e00624a0)
 - private transient 'classData' 'Ljava/lang/Object;' @56  NULL (0)
 - private transient 'packageName' 'Ljava/lang/String;' @60  "org.springframework.beans.factory.support"{0x0000000700842f70} (e01085ee)
 - private final 'componentType' 'Ljava/lang/Class;' @64  NULL (0)
 - private volatile transient 'reflectionData' 'Ljava/lang/ref/SoftReference;' @68  NULL (0)
 - private volatile transient 'genericInfo' 'Lsun/reflect/generics/repository/ClassRepository;' @72  NULL (0)
 - private volatile transient 'enumConstants' '[Ljava/lang/Object;' @76  NULL (0)
 - private volatile transient 'enumConstantDirectory' 'Ljava/util/Map;' @80  NULL (0)
 - private volatile transient 'annotationData' 'Ljava/lang/Class$AnnotationData;' @84  NULL (0)
 - private volatile transient 'annotationType' 'Lsun/reflect/annotation/AnnotationType;' @88  NULL (0)
 - transient 'classValueMap' 'Ljava/lang/ClassValue$ClassValueMap;' @92  NULL (0)
 - signature: Lorg/springframework/beans/factory/support/MethodDescriptor;
 - fake entry for mirror: 'org/springframework/beans/factory/support/MethodDescriptor'
 - fake entry for array: NULL
 - fake entry for oop_size: 14
 - fake entry for static_oop_field_count: 0


Top of Stack: (sp=0x000070000cffab30)
0x000070000cffab30:   00007f9b85544930 00007f9b85544930
0x000070000cffab40:   0000000000000040 ffffffff00000000
0x000070000cffab50:   000070000cffab90 00000001069d00bf
0x000070000cffab60:   00007f9b85544948 00007f9b85544930
0x000070000cffab70:   0000000000000020 0000000000000001
0x000070000cffab80:   00000001c4f8b364 00000004f003c26a
0x000070000cffab90:   000070000cffabd0 00000001069eb136
0x000070000cffaba0:   000000010726ec18 00007f9b84757f60
0x000070000cffabb0:   0000000000000020 0000000000000001
0x000070000cffabc0:   00007f9b84757f60 00007f9b85544e78
0x000070000cffabd0:   000070000cffac00 00000001068658db
0x000070000cffabe0:   0000600001f1c1e0 00007f9b85025ad0
0x000070000cffabf0:   00007f9b85544ed8 0000000000000000
0x000070000cffac00:   000070000cffac30 00000001069ce5bf
0x000070000cffac10:   0000600001f1c1e0 00007f9b85025ad0
0x000070000cffac20:   00007f9b85544ed8 00007f9b85544de8
0x000070000cffac30:   000070000cffac60 0000000106868822
0x000070000cffac40:   00007f9b85544ed8 00007f9b85544d50
0x000070000cffac50:   00007f9b85544de8 00007f9b85544d58
0x000070000cffac60:   000070000cffad00 00000001069ecfb1
0x000070000cffac70:   000000010726def8 00000001c4e577aa
0x000070000cffac80:   00000004efce0bd2 0000000100000003
0x000070000cffac90:   00007f9b85025ad0 0000000000000000
0x000070000cffaca0:   0000000000000000 0000000000000000
0x000070000cffacb0:   0000700000000000 000000010701d876
0x000070000cffacc0:   000000010726df18 000070000cffad01
0x000070000cffacd0:   000000000cffad00 00007f9b85025ad0
0x000070000cfface0:   0000000000000000 00007f9b85544930
0x000070000cffacf0:   00007f9b85544d50 000070000bfc71f0
0x000070000cffad00:   000070000cffae40 00000001069ece6c
0x000070000cffad10:   000000010726df18 00000001c4e4cc6e
0x000070000cffad20:   00000004efcc29dc 00007ff800000001 

Instructions: (pc=0x00000001069d1d1f)
0x00000001069d1c1f:   be 05 00 00 00 31 d2 e8 f5 b4 cf ff 48 85 c0 74
0x00000001069d1c2f:   14 48 89 80 00 02 00 00 0f 57 c0 0f 11 80 08 02
0x00000001069d1c3f:   00 00 49 89 c4 48 8b 4d d0 eb 10 48 8b 4d d0 31
0x00000001069d1c4f:   c0 4c 89 a0 08 02 00 00 49 89 c4 48 8d 04 d9 48
0x00000001069d1c5f:   83 c0 20 4c 89 20 48 81 04 d9 18 02 00 00 49 8b
0x00000001069d1c6f:   84 24 00 02 00 00 4c 89 28 49 83 84 24 00 02 00
0x00000001069d1c7f:   00 08 41 83 7e 20 01 74 38 45 84 ff 74 33 49 8b
0x00000001069d1c8f:   5e 18 49 c1 ed 09 48 8b 43 60 4c 03 68 40 48 8b
0x00000001069d1c9f:   70 38 49 29 f5 4c 39 ab b0 01 00 00 74 13 48 8d
0x00000001069d1caf:   7b 18 4c 01 ee e8 f7 73 00 00 4c 89 ab b0 01 00
0x00000001069d1cbf:   00 48 83 c4 08 5b 41 5c 41 5d 41 5e 41 5f 5d c3
0x00000001069d1ccf:   90 55 48 89 e5 41 57 41 56 41 54 53 49 89 f7 8b
0x00000001069d1cdf:   16 4c 8d 25 c9 15 8c 00 41 8b 5c 24 08 89 d9 48
0x00000001069d1cef:   d3 e2 49 89 fe 49 8b 3c 24 48 01 fa 49 8b 46 08
0x00000001069d1cff:   8a 88 90 05 00 00 48 89 d6 48 d3 ee 48 8b 80 80
0x00000001069d1d0f:   05 00 00 0f b7 34 70 66 85 f6 0f 88 cc 00 00 00
0x00000001069d1d1f:   48 8b 0a 89 c8 f7 d0 a8 03 75 22 48 8d 15 58 b3
0x00000001069d1d2f:   8f 00 89 ce 83 e6 07 48 83 e1 fc 31 c0 83 fe 05
0x00000001069d1d3f:   48 0f 45 c1 80 3a 00 48 0f 44 c1 eb 11 4c 89 f7
0x00000001069d1d4f:   e8 7c ef ff ff 49 8b 3c 24 41 8b 5c 24 08 48 89
0x00000001069d1d5f:   c2 48 29 fa 89 d9 48 d3 ea 41 89 17 48 89 c2 4c
0x00000001069d1d6f:   31 fa 48 8d 0d e8 b6 8f 00 8a 09 48 d3 ea 48 85
0x00000001069d1d7f:   d2 74 69 49 8b 56 08 8a 8a c0 01 00 00 4c 89 fe
0x00000001069d1d8f:   48 d3 ee 48 8b 8a b0 01 00 00 48 8b 0c f1 f7 41
0x00000001069d1d9f:   74 02 00 00 00 75 45 8a 8a 90 05 00 00 48 d3 e8
0x00000001069d1daf:   48 8b 8a 80 05 00 00 80 3c 41 00 74 2f 49 c1 ef
0x00000001069d1dbf:   09 49 8b 46 60 4c 03 78 40 48 8b 70 38 49 29 f7
0x00000001069d1dcf:   4d 39 be b0 01 00 00 74 13 49 8d 7e 18 4c 01 fe
0x00000001069d1ddf:   e8 cc 72 00 00 4d 89 be b0 01 00 00 5b 41 5c 41
0x00000001069d1def:   5e 41 5f 5d c3 66 2e 0f 1f 84 00 00 00 00 00 66
0x00000001069d1dff:   90 55 48 89 e5 41 57 41 56 41 55 41 54 53 50 49
0x00000001069d1e0f:   89 f7 48 89 fb 48 8b 06 48 8d 0d 6b b2 8f 00 89 


Stack slot to memory mapping:
stack at sp + 0 slots: 0x00007f9b85544930 points into unknown readable memory: 0x000000010726e618 | 18 e6 26 07 01 00 00 00
stack at sp + 1 slots: 0x00007f9b85544930 points into unknown readable memory: 0x000000010726e618 | 18 e6 26 07 01 00 00 00
stack at sp + 2 slots: 0x0000000000000040 is an unknown value
stack at sp + 3 slots: 0xffffffff00000000 is an unknown value
stack at sp + 4 slots: 0x000070000cffab90 points into unknown readable memory: 0x000070000cffabd0 | d0 ab ff 0c 00 70 00 00
stack at sp + 5 slots: 0x00000001069d00bf: _ZN20G1ParScanThreadState23trim_queue_to_thresholdEj+0x18f in /Users/beratkulcu/Library/Java/JavaVirtualMachines/corretto-17.0.10/Contents/Home/lib/server/libjvm.dylib at 0x000000010656e000
stack at sp + 6 slots: 0x00007f9b85544948 points into unknown readable memory: 0x000000010726e820 | 20 e8 26 07 01 00 00 00
stack at sp + 7 slots: 0x00007f9b85544930 points into unknown readable memory: 0x000000010726e618 | 18 e6 26 07 01 00 00 00


---------------  P R O C E S S  ---------------

Threads class SMR info:
_java_thread_list=0x0000600002f6e440, length=21, elements={
0x00007f9b8780ca00, 0x00007f9b84811600, 0x00007f9b8480ce00, 0x00007f9b87053200,
0x00007f9b87055a00, 0x00007f9b87056000, 0x00007f9b8680ca00, 0x00007f9b86815000,
0x00007f9b84824000, 0x00007f9b87810e00, 0x00007f9b858a0c00, 0x00007f9b84827e00,
0x00007f9b84854600, 0x00007f9b8480f000, 0x00007f9b871db800, 0x00007f9b84855a00,
0x00007f9b87934600, 0x00007f9b87278000, 0x00007f9b84a0f600, 0x00007f9b879ed600,
0x00007f9b84a0fc00
}

Java Threads: ( => current thread )
  0x00007f9b8780ca00 JavaThread "main" [_thread_blocked, id=10243, stack(0x000070000b8b6000,0x000070000b9b6000)]
  0x00007f9b84811600 JavaThread "Reference Handler" daemon [_thread_blocked, id=17923, stack(0x000070000bfcb000,0x000070000c0cb000)]
  0x00007f9b8480ce00 JavaThread "Finalizer" daemon [_thread_blocked, id=17411, stack(0x000070000c0ce000,0x000070000c1ce000)]
  0x00007f9b87053200 JavaThread "Signal Dispatcher" daemon [_thread_blocked, id=41987, stack(0x000070000c2d7000,0x000070000c3d7000)]
  0x00007f9b87055a00 JavaThread "Service Thread" daemon [_thread_blocked, id=41475, stack(0x000070000c3da000,0x000070000c4da000)]
  0x00007f9b87056000 JavaThread "Monitor Deflation Thread" daemon [_thread_blocked, id=22531, stack(0x000070000c4dd000,0x000070000c5dd000)]
  0x00007f9b8680ca00 JavaThread "C1 CompilerThread0" daemon [_thread_blocked, id=22787, stack(0x000070000c5e0000,0x000070000c6e0000)]
  0x00007f9b86815000 JavaThread "Sweeper thread" daemon [_thread_blocked, id=23299, stack(0x000070000c6e3000,0x000070000c7e3000)]
  0x00007f9b84824000 JavaThread "Common-Cleaner" daemon [_thread_blocked, id=40451, stack(0x000070000c7e6000,0x000070000c8e6000)]
  0x00007f9b87810e00 JavaThread "C1 CompilerThread1" daemon [_thread_blocked, id=39939, stack(0x000070000c8e9000,0x000070000c9e9000)]
  0x00007f9b858a0c00 JavaThread "Monitor Ctrl-Break" daemon [_thread_in_native, id=23555, stack(0x000070000caef000,0x000070000cbef000)]
  0x00007f9b84827e00 JavaThread "Notification Thread" daemon [_thread_blocked, id=24067, stack(0x000070000cbf2000,0x000070000ccf2000)]
  0x00007f9b84854600 JavaThread "Attach Listener" daemon [_thread_blocked, id=24579, stack(0x000070000ccf5000,0x000070000cdf5000)]
  0x00007f9b8480f000 JavaThread "RMI TCP Accept-0" daemon [_thread_in_native, id=39431, stack(0x000070000c9ec000,0x000070000caec000)]
  0x00007f9b871db800 JavaThread "Thread-0" [_thread_blocked, id=37123, stack(0x000070000d40a000,0x000070000d50a000)]
  0x00007f9b84855a00 JavaThread "restartedMain" [_thread_blocked, id=26115, stack(0x000070000d50d000,0x000070000d60d000)]
  0x00007f9b87934600 JavaThread "C1 CompilerThread2" daemon [_thread_blocked, id=35587, stack(0x000070000d919000,0x000070000da19000)]
  0x00007f9b87278000 JavaThread "C1 CompilerThread3" daemon [_thread_blocked, id=35075, stack(0x000070000da1c000,0x000070000db1c000)]
  0x00007f9b84a0f600 JavaThread "Catalina-utility-1" [_thread_blocked, id=31491, stack(0x000070000e234000,0x000070000e334000)]
  0x00007f9b879ed600 JavaThread "Catalina-utility-2" [_thread_blocked, id=29699, stack(0x000070000e337000,0x000070000e437000)]
  0x00007f9b84a0fc00 JavaThread "container-0" [_thread_blocked, id=30979, stack(0x000070000e43a000,0x000070000e53a000)]

Other Threads:
  0x00007f9b85506190 VMThread "VM Thread" [stack: 0x000070000bec8000,0x000070000bfc8000] [id=15875]
  0x00007f9b8470ea80 WatcherThread [stack: 0x000070000cdf8000,0x000070000cef8000] [id=22023]
  0x00007f9b84704810 GCTaskThread "GC Thread#0" [stack: 0x000070000b9b9000,0x000070000bab9000] [id=19971]
=>0x00007f9b85025e70 GCTaskThread "GC Thread#1" [stack: 0x000070000cefb000,0x000070000cffb000] [id=25347]
  0x00007f9b850262f0 GCTaskThread "GC Thread#2" [stack: 0x000070000cffe000,0x000070000d0fe000] [id=25603]
  0x00007f9b85026770 GCTaskThread "GC Thread#3" [stack: 0x000070000d101000,0x000070000d201000] [id=38403]
  0x00007f9b84712d30 GCTaskThread "GC Thread#4" [stack: 0x000070000d204000,0x000070000d304000] [id=37891]
  0x00007f9b84713710 GCTaskThread "GC Thread#5" [stack: 0x000070000d307000,0x000070000d407000] [id=37635]
  0x00007f9b8502e7e0 GCTaskThread "GC Thread#6" [stack: 0x000070000d713000,0x000070000d813000] [id=26627]
  0x00007f9b8502edf0 GCTaskThread "GC Thread#7" [stack: 0x000070000d816000,0x000070000d916000] [id=26883]
  0x00007f9b84704ec0 ConcurrentGCThread "G1 Main Marker" [stack: 0x000070000babc000,0x000070000bbbc000] [id=12803]
  0x00007f9b85504f60 ConcurrentGCThread "G1 Conc#0" [stack: 0x000070000bbbf000,0x000070000bcbf000] [id=18947]
  0x00007f9b8472c510 ConcurrentGCThread "G1 Conc#1" [stack: 0x000070000db1f000,0x000070000dc1f000] [id=34563]
  0x00007f9b85006c20 ConcurrentGCThread "G1 Refine#0" [stack: 0x000070000bcc2000,0x000070000bdc2000] [id=13571]
  0x00007f9b85535020 ConcurrentGCThread "G1 Refine#1" [stack: 0x000070000d610000,0x000070000d710000] [id=26379]
  0x00007f9b851084b0 ConcurrentGCThread "G1 Refine#2" [stack: 0x000070000dc22000,0x000070000dd22000] [id=27651]
  0x00007f9b85535430 ConcurrentGCThread "G1 Refine#3" [stack: 0x000070000dd25000,0x000070000de25000] [id=33539]
  0x00007f9b852076c0 ConcurrentGCThread "G1 Refine#4" [stack: 0x000070000de28000,0x000070000df28000] [id=32771]
  0x00007f9b85108790 ConcurrentGCThread "G1 Refine#5" [stack: 0x000070000df2b000,0x000070000e02b000] [id=28163]
  0x00007f9b8a0056c0 ConcurrentGCThread "G1 Refine#6" [stack: 0x000070000e02e000,0x000070000e12e000] [id=32003]
  0x00007f9b886068a0 ConcurrentGCThread "G1 Refine#7" [stack: 0x000070000e131000,0x000070000e231000] [id=29187]
  0x00007f9b850074c0 ConcurrentGCThread "G1 Service" [stack: 0x000070000bdc5000,0x000070000bec5000] [id=18435]

Threads with active compile tasks:

VM state: at safepoint (normal execution)

VM Mutex/Monitor currently owned by a thread:  ([mutex/lock_event])
[0x000060000001d680] Threads_lock - owner thread: 0x00007f9b85506190
[0x000060000001dc00] Heap_lock - owner thread: 0x00007f9b84855a00

Heap address: 0x0000000700000000, size: 4096 MB, Compressed Oops mode: Zero based, Oop shift amount: 3

CDS archive(s) mapped at: [0x000000011e000000-0x000000011ebba000-0x000000011ebba000), size 12296192, SharedBaseAddress: 0x000000011e000000, ArchiveRelocationMode: 1.
Compressed class space mapped at: 0x000000011f000000-0x000000015f000000, reserved size: 1073741824
Narrow klass base: 0x000000011e000000, Narrow klass shift: 0, Narrow klass range: 0x100000000

GC Precious Log:
 CPUs: 8 total, 8 available
 Memory: 16384M
 Large Page Support: Disabled
 NUMA Support: Disabled
 Compressed Oops: Enabled (Zero based)
 Heap Region Size: 2M
 Heap Min Capacity: 8M
 Heap Initial Capacity: 256M
 Heap Max Capacity: 4G
 Pre-touch: Disabled
 Parallel Workers: 8
 Concurrent Workers: 2
 Concurrent Refinement Workers: 8
 Periodic GC: Disabled

Heap:
 garbage-first heap   total 126976K, used 73938K [0x0000000700000000, 0x0000000800000000)
  region size 2048K, 27 young (55296K), 4 survivors (8192K)
 Metaspace       used 35630K, committed 36096K, reserved 1114112K
  class space    used 5069K, committed 5312K, reserved 1048576K

Heap Regions: E=young(eden), S=young(survivor), O=old, HS=humongous(starts), HC=humongous(continues), CS=collection set, F=free, OA=open archive, CA=closed archive, TAMS=top-at-mark-start (previous, next)
|   0|0x0000000700000000, 0x0000000700200000, 0x0000000700200000|100%| O|  |TAMS 0x0000000700200000, 0x0000000700200000| Untracked 
|   1|0x0000000700200000, 0x0000000700400000, 0x0000000700400000|100%| O|  |TAMS 0x0000000700400000, 0x0000000700400000| Untracked 
|   2|0x0000000700400000, 0x0000000700600000, 0x0000000700600000|100%| O|  |TAMS 0x0000000700600000, 0x0000000700600000| Untracked 
|   3|0x0000000700600000, 0x0000000700680cd0, 0x0000000700800000| 25%| O|  |TAMS 0x0000000700600000, 0x0000000700600000| Untracked 
|   4|0x0000000700800000, 0x0000000700a00000, 0x0000000700a00000|100%| O|  |TAMS 0x0000000700800000, 0x0000000700a00000| Untracked 
|   5|0x0000000700a00000, 0x0000000700c00000, 0x0000000700c00000|100%| O|  |TAMS 0x0000000700a00000, 0x0000000700c00000| Untracked 
|   6|0x0000000700c00000, 0x0000000700e00000, 0x0000000700e00000|100%| O|  |TAMS 0x0000000700c00000, 0x0000000700e00000| Untracked 
|   7|0x0000000700e00000, 0x0000000701000000, 0x0000000701000000|100%| O|  |TAMS 0x0000000700e00000, 0x0000000701000000| Untracked 
|   8|0x0000000701000000, 0x0000000701200000, 0x0000000701200000|100%| O|  |TAMS 0x0000000701000000, 0x0000000701200000| Untracked 
|   9|0x0000000701200000, 0x0000000701400000, 0x0000000701400000|100%| O|  |TAMS 0x0000000701200000, 0x0000000701400000| Untracked 
|  10|0x0000000701400000, 0x0000000701600000, 0x0000000701600000|100%| O|  |TAMS 0x0000000701400000, 0x0000000701519c00| Untracked 
|  11|0x0000000701600000, 0x0000000701600000, 0x0000000701800000|  0%| F|  |TAMS 0x0000000701600000, 0x0000000701600000| Untracked 
|  12|0x0000000701800000, 0x0000000701800000, 0x0000000701a00000|  0%| F|  |TAMS 0x0000000701800000, 0x0000000701800000| Untracked 
|  13|0x0000000701a00000, 0x0000000701a00000, 0x0000000701c00000|  0%| F|  |TAMS 0x0000000701a00000, 0x0000000701a00000| Untracked 
|  14|0x0000000701c00000, 0x0000000701c00000, 0x0000000701e00000|  0%| F|  |TAMS 0x0000000701c00000, 0x0000000701c00000| Untracked 
|  15|0x0000000701e00000, 0x0000000701e00000, 0x0000000702000000|  0%| F|  |TAMS 0x0000000701e00000, 0x0000000701e00000| Untracked 
|  16|0x0000000702000000, 0x0000000702000000, 0x0000000702200000|  0%| F|  |TAMS 0x0000000702000000, 0x0000000702000000| Untracked 
|  17|0x0000000702200000, 0x0000000702200000, 0x0000000702400000|  0%| F|  |TAMS 0x0000000702200000, 0x0000000702200000| Untracked 
|  18|0x0000000702400000, 0x0000000702400000, 0x0000000702600000|  0%| F|  |TAMS 0x0000000702400000, 0x0000000702400000| Untracked 
|  19|0x0000000702600000, 0x0000000702600000, 0x0000000702800000|  0%| F|  |TAMS 0x0000000702600000, 0x0000000702600000| Untracked 
|  20|0x0000000702800000, 0x0000000702800000, 0x0000000702a00000|  0%| F|  |TAMS 0x0000000702800000, 0x0000000702800000| Untracked 
|  21|0x0000000702a00000, 0x0000000702a00000, 0x0000000702c00000|  0%| F|  |TAMS 0x0000000702a00000, 0x0000000702a00000| Untracked 
|  22|0x0000000702c00000, 0x0000000702c00000, 0x0000000702e00000|  0%| F|  |TAMS 0x0000000702c00000, 0x0000000702c00000| Untracked 
|  23|0x0000000702e00000, 0x0000000702e00000, 0x0000000703000000|  0%| F|  |TAMS 0x0000000702e00000, 0x0000000702e00000| Untracked 
|  24|0x0000000703000000, 0x0000000703000000, 0x0000000703200000|  0%| F|  |TAMS 0x0000000703000000, 0x0000000703000000| Untracked 
|  25|0x0000000703200000, 0x0000000703230210, 0x0000000703400000|  9%| E|CS|TAMS 0x0000000703200000, 0x0000000703230210| Complete 
|  26|0x0000000703400000, 0x0000000703600000, 0x0000000703600000|100%| E|CS|TAMS 0x0000000703400000, 0x0000000703600000| Complete 
|  27|0x0000000703600000, 0x0000000703800000, 0x0000000703800000|100%| E|CS|TAMS 0x0000000703600000, 0x0000000703800000| Complete 
|  28|0x0000000703800000, 0x0000000703a00000, 0x0000000703a00000|100%| E|CS|TAMS 0x0000000703800000, 0x0000000703a00000| Complete 
|  29|0x0000000703a00000, 0x0000000703a00000, 0x0000000703c00000|  0%| F|  |TAMS 0x0000000703a00000, 0x0000000703a00000| Untracked 
|  30|0x0000000703c00000, 0x0000000703c00000, 0x0000000703e00000|  0%| F|  |TAMS 0x0000000703c00000, 0x0000000703c00000| Untracked 
|  31|0x0000000703e00000, 0x0000000703e00000, 0x0000000704000000|  0%| F|  |TAMS 0x0000000703e00000, 0x0000000703e00000| Untracked 
|  32|0x0000000704000000, 0x0000000704000000, 0x0000000704200000|  0%| F|  |TAMS 0x0000000704000000, 0x0000000704000000| Untracked 
|  33|0x0000000704200000, 0x00000007042dc1a8, 0x0000000704400000| 42%| S|  |TAMS 0x0000000704200000, 0x0000000704200000| Complete 
|  34|0x0000000704400000, 0x0000000704600000, 0x0000000704600000|100%| S|  |TAMS 0x0000000704400000, 0x0000000704400000| Complete 
|  35|0x0000000704600000, 0x0000000704800000, 0x0000000704800000|100%| S|  |TAMS 0x0000000704600000, 0x0000000704600000| Complete 
|  36|0x0000000704800000, 0x0000000704a00000, 0x0000000704a00000|100%| S|  |TAMS 0x0000000704800000, 0x0000000704800000| Complete 
|  37|0x0000000704a00000, 0x0000000704b03c10, 0x0000000704c00000| 50%| E|CS|TAMS 0x0000000704a00000, 0x0000000704b03c10| Complete 
|  38|0x0000000704c00000, 0x0000000704e00000, 0x0000000704e00000|100%| E|CS|TAMS 0x0000000704c00000, 0x0000000704e00000| Complete 
|  39|0x0000000704e00000, 0x0000000705000000, 0x0000000705000000|100%| E|CS|TAMS 0x0000000704e00000, 0x0000000705000000| Complete 
|  40|0x0000000705000000, 0x0000000705200000, 0x0000000705200000|100%| E|CS|TAMS 0x0000000705000000, 0x0000000705200000| Complete 
|  41|0x0000000705200000, 0x0000000705400000, 0x0000000705400000|100%| E|CS|TAMS 0x0000000705200000, 0x0000000705400000| Complete 
|  42|0x0000000705400000, 0x0000000705600000, 0x0000000705600000|100%| E|CS|TAMS 0x0000000705400000, 0x0000000705600000| Complete 
|  43|0x0000000705600000, 0x0000000705800000, 0x0000000705800000|100%| E|CS|TAMS 0x0000000705600000, 0x0000000705800000| Complete 
|  44|0x0000000705800000, 0x0000000705a00000, 0x0000000705a00000|100%| E|CS|TAMS 0x0000000705800000, 0x0000000705a00000| Complete 
|  45|0x0000000705a00000, 0x0000000705c00000, 0x0000000705c00000|100%| E|CS|TAMS 0x0000000705a00000, 0x0000000705c00000| Complete 
|  46|0x0000000705c00000, 0x0000000705e00000, 0x0000000705e00000|100%| E|CS|TAMS 0x0000000705c00000, 0x0000000705e00000| Complete 
|  47|0x0000000705e00000, 0x0000000706000000, 0x0000000706000000|100%| E|CS|TAMS 0x0000000705e00000, 0x0000000706000000| Complete 
|  48|0x0000000706000000, 0x0000000706200000, 0x0000000706200000|100%| E|CS|TAMS 0x0000000706000000, 0x0000000706200000| Complete 
|  49|0x0000000706200000, 0x0000000706400000, 0x0000000706400000|100%| E|CS|TAMS 0x0000000706200000, 0x0000000706400000| Complete 
|  50|0x0000000706400000, 0x0000000706600000, 0x0000000706600000|100%| E|CS|TAMS 0x0000000706400000, 0x0000000706600000| Complete 
|  51|0x0000000706600000, 0x0000000706800000, 0x0000000706800000|100%| E|CS|TAMS 0x0000000706600000, 0x0000000706800000| Complete 
|  52|0x0000000706800000, 0x0000000706a00000, 0x0000000706a00000|100%| E|CS|TAMS 0x0000000706800000, 0x0000000706a00000| Complete 
|  53|0x0000000706a00000, 0x0000000706c00000, 0x0000000706c00000|100%| E|CS|TAMS 0x0000000706a00000, 0x0000000706c00000| Complete 
|  74|0x0000000709400000, 0x0000000709600000, 0x0000000709600000|100%| E|CS|TAMS 0x0000000709400000, 0x0000000709600000| Complete 
|  75|0x0000000709600000, 0x0000000709800000, 0x0000000709800000|100%| E|CS|TAMS 0x0000000709600000, 0x0000000709800000| Complete 
|  76|0x0000000709800000, 0x0000000709a00000, 0x0000000709a00000|100%| E|CS|TAMS 0x0000000709800000, 0x0000000709a00000| Complete 
|  77|0x0000000709a00000, 0x0000000709c00000, 0x0000000709c00000|100%| E|CS|TAMS 0x0000000709a00000, 0x0000000709c00000| Complete 
|  78|0x0000000709c00000, 0x0000000709e00000, 0x0000000709e00000|100%| E|CS|TAMS 0x0000000709c00000, 0x0000000709e00000| Complete 
| 127|0x000000070fe00000, 0x0000000710000000, 0x0000000710000000|100%| E|CS|TAMS 0x000000070fe00000, 0x0000000710000000| Complete 
|2046|0x00000007ffc00000, 0x00000007ffd74000, 0x00000007ffe00000| 72%|OA|  |TAMS 0x00000007ffd74000, 0x00000007ffd74000| Untracked 
|2047|0x00000007ffe00000, 0x00000007ffe73000, 0x0000000800000000| 22%|CA|  |TAMS 0x00000007ffe73000, 0x00000007ffe73000| Untracked 

Card table byte_map: [0x00000001076ea000,0x0000000107eea000] _byte_map_base: 0x0000000103eea000

Marking Bits (Prev, Next): (CMBitMap*) 0x00007f9b8480a050, (CMBitMap*) 0x00007f9b8480a010
 Prev Bits: [0x00000001177db000, 0x000000011b7db000)
 Next Bits: [0x00000001137db000, 0x00000001177db000)

Polling page: 0x0000000105451000

Metaspace:

Usage:
  Non-class:     29.84 MB used.
      Class:      4.95 MB used.
       Both:     34.79 MB used.

Virtual space:
  Non-class space:       64.00 MB reserved,      30.06 MB ( 47%) committed,  1 nodes.
      Class space:        1.00 GB reserved,       5.19 MB ( <1%) committed,  1 nodes.
             Both:        1.06 GB reserved,      35.25 MB (  3%) committed. 

Chunk freelists:
   Non-Class:  1.19 MB
       Class:  10.67 MB
        Both:  11.86 MB

MaxMetaspaceSize: unlimited
CompressedClassSpaceSize: 1.00 GB
Initial GC threshold: 21.00 MB
Current GC threshold: 35.25 MB
CDS: on
MetaspaceReclaimPolicy: balanced
 - commit_granule_bytes: 65536.
 - commit_granule_words: 8192.
 - virtual_space_node_default_size: 8388608.
 - enlarge_chunks_in_place: 1.
 - new_chunks_are_fully_committed: 0.
 - uncommit_free_chunks: 1.
 - use_allocation_guard: 0.
 - handle_deallocations: 1.


Internal statistics:

num_allocs_failed_limit: 6.
num_arena_births: 574.
num_arena_deaths: 0.
num_vsnodes_births: 2.
num_vsnodes_deaths: 0.
num_space_committed: 564.
num_space_uncommitted: 0.
num_chunks_returned_to_freelist: 6.
num_chunks_taken_from_freelist: 1820.
num_chunk_merges: 6.
num_chunk_splits: 1304.
num_chunks_enlarged: 997.
num_inconsistent_stats: 0.

CodeCache: size=49152Kb used=9842Kb max_used=9842Kb free=39309Kb
 bounds [0x000000010ffdb000, 0x000000011097b000, 0x0000000112fdb000]
 total_blobs=4927 nmethods=4388 adapters=464
 compilation: enabled
              stopped_count=0, restarted_count=0
 full_count=0

Compilation events (20 events):
Event: 7.562 Thread 0x00007f9b87810e00 nmethod 4377 0x0000000110974110 code [0x00000001109742a0, 0x0000000110974370]
Event: 7.562 Thread 0x00007f9b87278000 nmethod 4378 0x0000000110974410 code [0x00000001109745e0, 0x0000000110974880]
Event: 7.562 Thread 0x00007f9b87810e00 4381       1       java.nio.file.Files$AcceptAllFilter::accept (2 bytes)
Event: 7.562 Thread 0x00007f9b87934600 nmethod 4379 0x0000000110974a10 code [0x0000000110974ba0, 0x0000000110974c70]
Event: 7.562 Thread 0x00007f9b87278000 4380       1       java.util.concurrent.locks.ReentrantReadWriteLock::writeLock (5 bytes)
Event: 7.563 Thread 0x00007f9b87810e00 nmethod 4381 0x0000000110974d10 code [0x0000000110974ea0, 0x0000000110974f70]
Event: 7.563 Thread 0x00007f9b87278000 nmethod 4380 0x0000000110975010 code [0x00000001109751a0, 0x0000000110975270]
Event: 7.563 Thread 0x00007f9b87934600 4382       1       java.util.concurrent.locks.ReentrantReadWriteLock$FairSync::readerShouldBlock (5 bytes)
Event: 7.563 Thread 0x00007f9b87278000 4383       1       sun.nio.fs.UnixDirectoryStream::isOpen (13 bytes)
Event: 7.563 Thread 0x00007f9b87934600 nmethod 4382 0x0000000110975790 code [0x0000000110975920, 0x0000000110975a00]
Event: 7.563 Thread 0x00007f9b87278000 nmethod 4383 0x0000000110975a90 code [0x0000000110975c20, 0x0000000110975cf0]
Event: 7.563 Thread 0x00007f9b8680ca00 nmethod 4374 0x0000000110975d90 code [0x0000000110975fe0, 0x0000000110976740]
Event: 7.563 Thread 0x00007f9b87934600 4385       1       sun.nio.fs.UnixPath::compareTo (9 bytes)
Event: 7.563 Thread 0x00007f9b87934600 nmethod 4385 0x0000000110976a90 code [0x0000000110976c40, 0x0000000110976d60]
Event: 7.563 Thread 0x00007f9b87278000 4386       1       org.springframework.core.io.FileSystemResource::hashCode (8 bytes)
Event: 7.563 Thread 0x00007f9b87278000 nmethod 4386 0x0000000110976e10 code [0x0000000110976fc0, 0x00000001109770a0]
Event: 7.577 Thread 0x00007f9b8680ca00 4387       1       sun.nio.fs.UnixUriUtils::match (50 bytes)
Event: 7.577 Thread 0x00007f9b8680ca00 nmethod 4387 0x0000000110977190 code [0x0000000110977340, 0x00000001109774d0]
Event: 7.578 Thread 0x00007f9b87810e00 4388       1       org.springframework.orm.jpa.persistenceunit.PersistenceManagedTypesScanner::matchesEntityTypeFilter (48 bytes)
Event: 7.578 Thread 0x00007f9b87810e00 nmethod 4388 0x0000000110977510 code [0x0000000110977700, 0x0000000110977960]

GC Heap History (15 events):
Event: 5.446 GC heap before
{Heap before GC invocations=0 (full 0):
 garbage-first heap   total 266240K, used 22428K [0x0000000700000000, 0x0000000800000000)
  region size 2048K, 11 young (22528K), 0 survivors (0K)
 Metaspace       used 7104K, committed 7296K, reserved 1114112K
  class space    used 898K, committed 1024K, reserved 1048576K
}
Event: 5.450 GC heap after
{Heap after GC invocations=1 (full 0):
 garbage-first heap   total 266240K, used 9088K [0x0000000700000000, 0x0000000800000000)
  region size 2048K, 2 young (4096K), 2 survivors (4096K)
 Metaspace       used 7104K, committed 7296K, reserved 1114112K
  class space    used 898K, committed 1024K, reserved 1048576K
}
Event: 5.723 GC heap before
{Heap before GC invocations=1 (full 0):
 garbage-first heap   total 266240K, used 31616K [0x0000000700000000, 0x0000000800000000)
  region size 2048K, 14 young (28672K), 2 survivors (4096K)
 Metaspace       used 11508K, committed 11712K, reserved 1114112K
  class space    used 1595K, committed 1664K, reserved 1048576K
}
Event: 5.726 GC heap after
{Heap after GC invocations=2 (full 0):
 garbage-first heap   total 266240K, used 11014K [0x0000000700000000, 0x0000000800000000)
  region size 2048K, 1 young (2048K), 1 survivors (2048K)
 Metaspace       used 11508K, committed 11712K, reserved 1114112K
  class space    used 1595K, committed 1664K, reserved 1048576K
}
Event: 6.050 GC heap before
{Heap before GC invocations=2 (full 0):
 garbage-first heap   total 266240K, used 105222K [0x0000000700000000, 0x0000000800000000)
  region size 2048K, 49 young (100352K), 1 survivors (2048K)
 Metaspace       used 21253K, committed 21504K, reserved 1114112K
  class space    used 2951K, committed 3072K, reserved 1048576K
}
Event: 6.057 GC heap after
{Heap after GC invocations=3 (full 0):
 garbage-first heap   total 266240K, used 18802K [0x0000000700000000, 0x0000000800000000)
  region size 2048K, 5 young (10240K), 5 survivors (10240K)
 Metaspace       used 21253K, committed 21504K, reserved 1114112K
  class space    used 2951K, committed 3072K, reserved 1048576K
}
Event: 6.413 GC heap before
{Heap before GC invocations=4 (full 0):
 garbage-first heap   total 81920K, used 55666K [0x0000000700000000, 0x0000000800000000)
  region size 2048K, 24 young (49152K), 5 survivors (10240K)
 Metaspace       used 23476K, committed 23744K, reserved 1114112K
  class space    used 3279K, committed 3392K, reserved 1048576K
}
Event: 6.419 GC heap after
{Heap after GC invocations=5 (full 0):
 garbage-first heap   total 81920K, used 21591K [0x0000000700000000, 0x0000000800000000)
  region size 2048K, 2 young (4096K), 2 survivors (4096K)
 Metaspace       used 23476K, committed 23744K, reserved 1114112K
  class space    used 3279K, committed 3392K, reserved 1048576K
}
Event: 6.440 GC heap before
{Heap before GC invocations=5 (full 0):
 garbage-first heap   total 81920K, used 23639K [0x0000000700000000, 0x0000000800000000)
  region size 2048K, 3 young (6144K), 2 survivors (4096K)
 Metaspace       used 23744K, committed 24000K, reserved 1114112K
  class space    used 3316K, committed 3392K, reserved 1048576K
}
Event: 6.444 GC heap after
{Heap after GC invocations=6 (full 0):
 garbage-first heap   total 81920K, used 22238K [0x0000000700000000, 0x0000000800000000)
  region size 2048K, 1 young (2048K), 1 survivors (2048K)
 Metaspace       used 23744K, committed 24000K, reserved 1114112K
  class space    used 3316K, committed 3392K, reserved 1048576K
}
Event: 6.670 GC heap before
{Heap before GC invocations=6 (full 0):
 garbage-first heap   total 81920K, used 50910K [0x0000000700000000, 0x0000000800000000)
  region size 2048K, 16 young (32768K), 1 survivors (2048K)
 Metaspace       used 25508K, committed 25856K, reserved 1114112K
  class space    used 3613K, committed 3776K, reserved 1048576K
}
Event: 6.673 GC heap after
{Heap after GC invocations=7 (full 0):
 garbage-first heap   total 126976K, used 23950K [0x0000000700000000, 0x0000000800000000)
  region size 2048K, 2 young (4096K), 2 survivors (4096K)
 Metaspace       used 25508K, committed 25856K, reserved 1114112K
  class space    used 3613K, committed 3776K, reserved 1048576K
}
Event: 7.243 GC heap before
{Heap before GC invocations=7 (full 0):
 garbage-first heap   total 126976K, used 87438K [0x0000000700000000, 0x0000000800000000)
  region size 2048K, 33 young (67584K), 2 survivors (4096K)
 Metaspace       used 32056K, committed 32384K, reserved 1114112K
  class space    used 4596K, committed 4736K, reserved 1048576K
}
Event: 7.247 GC heap after
{Heap after GC invocations=8 (full 0):
 garbage-first heap   total 126976K, used 27843K [0x0000000700000000, 0x0000000800000000)
  region size 2048K, 4 young (8192K), 4 survivors (8192K)
 Metaspace       used 32056K, committed 32384K, reserved 1114112K
  class space    used 4596K, committed 4736K, reserved 1048576K
}
Event: 7.598 GC heap before
{Heap before GC invocations=8 (full 0):
 garbage-first heap   total 126976K, used 72899K [0x0000000700000000, 0x0000000800000000)
  region size 2048K, 27 young (55296K), 4 survivors (8192K)
 Metaspace       used 35630K, committed 36096K, reserved 1114112K
  class space    used 5069K, committed 5312K, reserved 1048576K
}

Dll operation events (20 events):
Event: 7.109 Loading shared library /System/Library/Java/Extensions/libtcnative-1.dylib failed, dlopen(/System/Library/Java/Extensions/libtcnative-1.dylib, 0x0001): tried: '/System/Library/Java/Extensions/libtcnative-1.dylib' (no such file)
Event: 7.109 Loading shared library /System/Library/Java/Extensions/libtcnative-1.jnilib failed, dlopen(/System/Library/Java/Extensions/libtcnative-1.jnilib, 0x0001): tried: '/System/Library/Java/Extensions/libtcnative-1.jnilib' (no such file)
Event: 7.109 Loading shared library /usr/lib/java/libtcnative-1.dylib failed, dlopen(/usr/lib/java/libtcnative-1.dylib, 0x0001): tried: '/usr/lib/java/libtcnative-1.dylib' (no such file)
Event: 7.109 Loading shared library /usr/lib/java/libtcnative-1.jnilib failed, dlopen(/usr/lib/java/libtcnative-1.jnilib, 0x0001): tried: '/usr/lib/java/libtcnative-1.jnilib' (no such file)
Event: 7.110 Loading shared library /Users/beratkulcu/Desktop/Turkcell-Update-Project/libtcnative-1.dylib failed, dlopen(/Users/beratkulcu/Desktop/Turkcell-Update-Project/libtcnative-1.dylib, 0x0001): tried: '/Users/beratkulcu/Desktop/Turkcell-Update-Project/libtcnati
Event: 7.110 Loading shared library /Users/beratkulcu/Desktop/Turkcell-Update-Project/libtcnative-1.jnilib failed, dlopen(/Users/beratkulcu/Desktop/Turkcell-Update-Project/libtcnative-1.jnilib, 0x0001): tried: '/Users/beratkulcu/Desktop/Turkcell-Update-Project/libtcna
Event: 7.110 Loading shared library /Users/beratkulcu/Library/Java/JavaVirtualMachines/corretto-17.0.10/Contents/Home/lib/liblibtcnative-1.dylib failed, dlopen(/Users/beratkulcu/Library/Java/JavaVirtualMachines/corretto-17.0.10/Contents/Home/lib/liblibtcnative-1.dylib
Event: 7.110 Loading shared library /Users/beratkulcu/Library/Java/JavaVirtualMachines/corretto-17.0.10/Contents/Home/lib/liblibtcnative-1.jnilib failed, dlopen(/Users/beratkulcu/Library/Java/JavaVirtualMachines/corretto-17.0.10/Contents/Home/lib/liblibtcnative-1.jnil
Event: 7.110 Loading shared library /Users/beratkulcu/Library/Java/Extensions/liblibtcnative-1.dylib failed, dlopen(/Users/beratkulcu/Library/Java/Extensions/liblibtcnative-1.dylib, 0x0001): tried: '/Users/beratkulcu/Library/Java/Extensions/liblibtcnative-1.dylib' (no
Event: 7.110 Loading shared library /Users/beratkulcu/Library/Java/Extensions/liblibtcnative-1.jnilib failed, dlopen(/Users/beratkulcu/Library/Java/Extensions/liblibtcnative-1.jnilib, 0x0001): tried: '/Users/beratkulcu/Library/Java/Extensions/liblibtcnative-1.jnilib' 
Event: 7.110 Loading shared library /Library/Java/Extensions/liblibtcnative-1.dylib failed, dlopen(/Library/Java/Extensions/liblibtcnative-1.dylib, 0x0001): tried: '/Library/Java/Extensions/liblibtcnative-1.dylib' (no such file)
Event: 7.110 Loading shared library /Library/Java/Extensions/liblibtcnative-1.jnilib failed, dlopen(/Library/Java/Extensions/liblibtcnative-1.jnilib, 0x0001): tried: '/Library/Java/Extensions/liblibtcnative-1.jnilib' (no such file)
Event: 7.110 Loading shared library /Network/Library/Java/Extensions/liblibtcnative-1.dylib failed, dlopen(/Network/Library/Java/Extensions/liblibtcnative-1.dylib, 0x0001): tried: '/Network/Library/Java/Extensions/liblibtcnative-1.dylib' (no such file)
Event: 7.110 Loading shared library /Network/Library/Java/Extensions/liblibtcnative-1.jnilib failed, dlopen(/Network/Library/Java/Extensions/liblibtcnative-1.jnilib, 0x0001): tried: '/Network/Library/Java/Extensions/liblibtcnative-1.jnilib' (no such file)
Event: 7.111 Loading shared library /System/Library/Java/Extensions/liblibtcnative-1.dylib failed, dlopen(/System/Library/Java/Extensions/liblibtcnative-1.dylib, 0x0001): tried: '/System/Library/Java/Extensions/liblibtcnative-1.dylib' (no such file)
Event: 7.111 Loading shared library /System/Library/Java/Extensions/liblibtcnative-1.jnilib failed, dlopen(/System/Library/Java/Extensions/liblibtcnative-1.jnilib, 0x0001): tried: '/System/Library/Java/Extensions/liblibtcnative-1.jnilib' (no such file)
Event: 7.111 Loading shared library /usr/lib/java/liblibtcnative-1.dylib failed, dlopen(/usr/lib/java/liblibtcnative-1.dylib, 0x0001): tried: '/usr/lib/java/liblibtcnative-1.dylib' (no such file)
Event: 7.111 Loading shared library /usr/lib/java/liblibtcnative-1.jnilib failed, dlopen(/usr/lib/java/liblibtcnative-1.jnilib, 0x0001): tried: '/usr/lib/java/liblibtcnative-1.jnilib' (no such file)
Event: 7.111 Loading shared library /Users/beratkulcu/Desktop/Turkcell-Update-Project/liblibtcnative-1.dylib failed, dlopen(/Users/beratkulcu/Desktop/Turkcell-Update-Project/liblibtcnative-1.dylib, 0x0001): tried: '/Users/beratkulcu/Desktop/Turkcell-Update-Project/lib
Event: 7.111 Loading shared library /Users/beratkulcu/Desktop/Turkcell-Update-Project/liblibtcnative-1.jnilib failed, dlopen(/Users/beratkulcu/Desktop/Turkcell-Update-Project/liblibtcnative-1.jnilib, 0x0001): tried: '/Users/beratkulcu/Desktop/Turkcell-Update-Project/l

Deoptimization events (6 events):
Event: 7.067 Thread 0x00007f9b84855a00 DEOPT PACKING pc=0x000000011087af8a sp=0x000070000d60adb0
Event: 7.067 Thread 0x00007f9b84855a00 DEOPT UNPACKING pc=0x0000000110031e2f sp=0x000070000d60a368 mode 0
Event: 7.494 Thread 0x00007f9b84855a00 DEOPT PACKING pc=0x0000000110453601 sp=0x000070000d60b950
Event: 7.494 Thread 0x00007f9b84855a00 DEOPT UNPACKING pc=0x0000000110031e2f sp=0x000070000d60ae00 mode 3
Event: 7.494 Thread 0x00007f9b879ed600 DEOPT PACKING pc=0x00000001103ece16 sp=0x000070000e436670
Event: 7.494 Thread 0x00007f9b879ed600 DEOPT UNPACKING pc=0x0000000110031e2f sp=0x000070000e435ae8 mode 3

Classes unloaded (0 events):
No events

Classes redefined (0 events):
No events

Internal exceptions (20 events):
Event: 7.049 Thread 0x00007f9b84855a00 Exception <a 'java/lang/ArrayIndexOutOfBoundsException'{0x0000000704d90c58}: Index 21 out of bounds for length 21> (0x0000000704d90c58) 
thrown [src/hotspot/share/interpreter/interpreterRuntime.cpp, line 428]
Event: 7.049 Thread 0x00007f9b84855a00 Exception <a 'java/lang/ArrayIndexOutOfBoundsException'{0x0000000704d91220}: Index 21 out of bounds for length 21> (0x0000000704d91220) 
thrown [src/hotspot/share/interpreter/interpreterRuntime.cpp, line 428]
Event: 7.177 Thread 0x00007f9b84855a00 Exception <a 'java/lang/NoSuchMethodError'{0x000000070400fa20}: 'void java.lang.invoke.DirectMethodHandle$Holder.invokeInterface(java.lang.Object, java.lang.Object, int)'> (0x000000070400fa20) 
thrown [src/hotspot/share/interpreter/linkResolver.cpp, line 759]
Event: 7.180 Thread 0x00007f9b84855a00 Exception <a 'java/lang/IncompatibleClassChangeError'{0x000000070405f7c0}: Found class java.lang.Object, but interface was expected> (0x000000070405f7c0) 
thrown [src/hotspot/share/interpreter/linkResolver.cpp, line 826]
Event: 7.181 Thread 0x00007f9b84855a00 Exception <a 'java/lang/NoSuchMethodError'{0x0000000704077ba8}: 'void java.lang.invoke.DirectMethodHandle$Holder.invokeStatic(java.lang.Object, int, java.lang.Object)'> (0x0000000704077ba8) 
thrown [src/hotspot/share/interpreter/linkResolver.cpp, line 759]
Event: 7.184 Thread 0x00007f9b84855a00 Exception <a 'java/lang/NoSuchMethodError'{0x00000007040b6fe0}: 'void java.lang.invoke.DirectMethodHandle$Holder.invokeVirtual(java.lang.Object, java.lang.Object, int)'> (0x00000007040b6fe0) 
thrown [src/hotspot/share/interpreter/linkResolver.cpp, line 759]
Event: 7.184 Thread 0x00007f9b84855a00 Exception <a 'java/lang/NoSuchMethodError'{0x00000007040bd148}: 'void java.lang.invoke.DirectMethodHandle$Holder.invokeStatic(java.lang.Object, java.lang.Object, java.lang.Object, int, java.lang.Object)'> (0x00000007040bd148) 
thrown [src/hotspot/share/interpreter/linkResolver.cpp, line 759]
Event: 7.184 Thread 0x00007f9b84855a00 Exception <a 'java/lang/NoSuchMethodError'{0x00000007040c45c8}: 'java.lang.Object java.lang.invoke.DirectMethodHandle$Holder.newInvokeSpecial(java.lang.Object, java.lang.Object, java.lang.Object, int)'> (0x00000007040c45c8) 
thrown [src/hotspot/share/interpreter/linkResolver.cpp, line 759]
Event: 7.184 Thread 0x00007f9b84855a00 Exception <a 'java/lang/NoSuchMethodError'{0x00000007040c88b0}: 'java.lang.Object java.lang.invoke.DirectMethodHandle$Holder.invokeSpecial(java.lang.Object, java.lang.Object, java.lang.Object, java.lang.Object, int)'> (0x00000007040c88b0) 
thrown [src/hotspot/share/interpreter/linkResolver.cpp, line 759]
Event: 7.184 Thread 0x00007f9b84855a00 Exception <a 'java/lang/NoSuchMethodError'{0x00000007040cc478}: 'java.lang.Object java.lang.invoke.Invokers$Holder.linkToTargetMethod(java.lang.Object, java.lang.Object, int, java.lang.Object)'> (0x00000007040cc478) 
thrown [src/hotspot/share/interpreter/linkResolver.cpp, line 759]
Event: 7.336 Thread 0x00007f9b84855a00 Exception <a 'java/lang/NoSuchMethodError'{0x00000007096e78c0}: 'java.lang.Object java.lang.invoke.DirectMethodHandle$Holder.invokeSpecial(java.lang.Object, java.lang.Object, long, java.lang.Object, java.lang.Object, java.lang.Object, java.lang.Object, java.lang.Object, java.lang.Object)'> (0x00000007096e78c0) 
thrown [src/hotspot/share/interpreter/linkResolver.cpp, line 759]
Event: 7.336 Thread 0x00007f9b84855a00 Exception <a 'java/lang/NoSuchMethodError'{0x00000007096ec3e8}: 'java.lang.Object java.lang.invoke.DelegatingMethodHandle$Holder.reinvoke_L(java.lang.Object, long, java.lang.Object, java.lang.Object, java.lang.Object, java.lang.Object, java.lang.Object, java.lang.Object)'> (0x00000007096ec3e8) 
thrown [src/hotspot/share/interpreter/linkResolver.cpp, line 759]
Event: 7.353 Thread 0x00007f9b84855a00 Exception <a 'java/io/FileNotFoundException'{0x0000000709451658}> (0x0000000709451658) 
thrown [src/hotspot/share/prims/jni.cpp, line 516]
Event: 7.362 Thread 0x00007f9b84855a00 Exception <a 'java/lang/NoSuchMethodError'{0x00000007095c8690}: 'int java.lang.invoke.DirectMethodHandle$Holder.invokeInterface(java.lang.Object, java.lang.Object, java.lang.Object, java.lang.Object)'> (0x00000007095c8690) 
thrown [src/hotspot/share/interpreter/linkResolver.cpp, line 759]
Event: 7.392 Thread 0x00007f9b84855a00 Exception <a 'java/lang/NoSuchMethodError'{0x000000070691deb8}: 'java.lang.Object java.lang.invoke.DirectMethodHandle$Holder.invokeStaticInit(java.lang.Object, java.lang.Object, java.lang.Object, java.lang.Object)'> (0x000000070691deb8) 
thrown [src/hotspot/share/interpreter/linkResolver.cpp, line 759]
Event: 7.393 Thread 0x00007f9b84855a00 Exception <a 'java/lang/IncompatibleClassChangeError'{0x0000000706932010}: Found class java.lang.Object, but interface was expected> (0x0000000706932010) 
thrown [src/hotspot/share/interpreter/linkResolver.cpp, line 826]
Event: 7.394 Thread 0x00007f9b84855a00 Exception <a 'java/lang/IncompatibleClassChangeError'{0x000000070693fc80}: Found class java.lang.Object, but interface was expected> (0x000000070693fc80) 
thrown [src/hotspot/share/interpreter/linkResolver.cpp, line 826]
Event: 7.395 Thread 0x00007f9b84855a00 Exception <a 'java/lang/IncompatibleClassChangeError'{0x000000070696fa00}: Found class java.lang.Object, but interface was expected> (0x000000070696fa00) 
thrown [src/hotspot/share/interpreter/linkResolver.cpp, line 826]
Event: 7.483 Thread 0x00007f9b84855a00 Exception <a 'java/lang/NoSuchMethodError'{0x0000000705f57470}: 'long java.lang.invoke.DirectMethodHandle$Holder.invokeVirtual(java.lang.Object, java.lang.Object)'> (0x0000000705f57470) 
thrown [src/hotspot/share/interpreter/linkResolver.cpp, line 759]
Event: 7.486 Thread 0x00007f9b84855a00 Exception <a 'java/io/FileNotFoundException'{0x0000000705f8cf08}> (0x0000000705f8cf08) 
thrown [src/hotspot/share/prims/jni.cpp, line 516]

VM Operations (20 events):
Event: 7.143 Executing VM operation: ICBufferFull done
Event: 7.243 Executing VM operation: G1CollectForAllocation
Event: 7.248 Executing VM operation: G1CollectForAllocation done
Event: 7.343 Executing VM operation: HandshakeAllThreads
Event: 7.343 Executing VM operation: HandshakeAllThreads done
Event: 7.435 Executing VM operation: HandshakeAllThreads
Event: 7.435 Executing VM operation: HandshakeAllThreads done
Event: 7.436 Executing VM operation: HandshakeAllThreads
Event: 7.436 Executing VM operation: HandshakeAllThreads done
Event: 7.464 Executing VM operation: HandshakeAllThreads
Event: 7.464 Executing VM operation: HandshakeAllThreads done
Event: 7.465 Executing VM operation: HandshakeAllThreads
Event: 7.465 Executing VM operation: HandshakeAllThreads done
Event: 7.487 Executing VM operation: HandshakeAllThreads
Event: 7.487 Executing VM operation: HandshakeAllThreads done
Event: 7.535 Executing VM operation: HandshakeAllThreads
Event: 7.535 Executing VM operation: HandshakeAllThreads done
Event: 7.541 Executing VM operation: HandshakeAllThreads
Event: 7.541 Executing VM operation: HandshakeAllThreads done
Event: 7.598 Executing VM operation: CollectForMetadataAllocation

Events (20 events):
Event: 7.491 loading class java/util/concurrent/Executors$RunnableAdapter
Event: 7.491 loading class java/util/concurrent/Executors$RunnableAdapter done
Event: 7.491 loading class java/util/concurrent/ThreadPoolExecutor$Worker
Event: 7.491 loading class java/util/concurrent/ThreadPoolExecutor$Worker done
Event: 7.493 Thread 0x00007f9b84a0f600 Thread added: 0x00007f9b84a0f600
Event: 7.493 Protecting memory [0x000070000e234000,0x000070000e238000] with protection modes 0
Event: 7.493 loading class java/util/concurrent/TimeUnit$1
Event: 7.493 loading class java/util/concurrent/TimeUnit$1 done
Event: 7.493 Thread 0x00007f9b879ed600 Thread added: 0x00007f9b879ed600
Event: 7.493 Protecting memory [0x000070000e337000,0x000070000e33b000] with protection modes 0
Event: 7.493 loading class java/util/concurrent/locks/AbstractQueuedSynchronizer$ConditionNode
Event: 7.493 loading class java/util/concurrent/locks/AbstractQueuedSynchronizer$Node
Event: 7.493 loading class java/util/concurrent/locks/AbstractQueuedSynchronizer$ExclusiveNode
Event: 7.493 loading class java/util/concurrent/locks/AbstractQueuedSynchronizer$Node done
Event: 7.493 loading class java/util/concurrent/locks/AbstractQueuedSynchronizer$ConditionNode done
Event: 7.493 loading class java/util/concurrent/locks/AbstractQueuedSynchronizer$ExclusiveNode done
Event: 7.496 Thread 0x00007f9b84a0fc00 Thread added: 0x00007f9b84a0fc00
Event: 7.496 Protecting memory [0x000070000e43a000,0x000070000e43e000] with protection modes 0
Event: 7.587 loading class java/lang/instrument/ClassFileTransformer
Event: 7.587 loading class java/lang/instrument/ClassFileTransformer done


Dynamic libraries:
0x000000010542f000 	/Users/beratkulcu/Library/Java/JavaVirtualMachines/corretto-17.0.10/Contents/Home/lib/libjli.dylib
0x00007ff814775000 	/usr/lib/libz.1.dylib
0x00007ff814855000 	/usr/lib/libSystem.B.dylib
0x00007ff814850000 	/usr/lib/system/libcache.dylib
0x00007ff81480c000 	/usr/lib/system/libcommonCrypto.dylib
0x00007ff814835000 	/usr/lib/system/libcompiler_rt.dylib
0x00007ff81482b000 	/usr/lib/system/libcopyfile.dylib
0x00007ff8097de000 	/usr/lib/system/libcorecrypto.dylib
0x00007ff80989c000 	/usr/lib/system/libdispatch.dylib
0x00007ff809a5d000 	/usr/lib/system/libdyld.dylib
0x00007ff814847000 	/usr/lib/system/libkeymgr.dylib
0x00007ff8147ea000 	/usr/lib/system/libmacho.dylib
0x00007ff813e6b000 	/usr/lib/system/libquarantine.dylib
0x00007ff814845000 	/usr/lib/system/libremovefile.dylib
0x00007ff80e9f6000 	/usr/lib/system/libsystem_asl.dylib
0x00007ff809787000 	/usr/lib/system/libsystem_blocks.dylib
0x00007ff809921000 	/usr/lib/system/libsystem_c.dylib
0x00007ff81483d000 	/usr/lib/system/libsystem_collections.dylib
0x00007ff81311f000 	/usr/lib/system/libsystem_configuration.dylib
0x00007ff8123c8000 	/usr/lib/system/libsystem_containermanager.dylib
0x00007ff814522000 	/usr/lib/system/libsystem_coreservices.dylib
0x00007ff80c094000 	/usr/lib/system/libsystem_darwin.dylib
0x00007ff814848000 	/usr/lib/system/libsystem_dnssd.dylib
0x00007ff80991e000 	/usr/lib/system/libsystem_featureflags.dylib
0x00007ff809a73000 	/usr/lib/system/libsystem_info.dylib
0x00007ff814788000 	/usr/lib/system/libsystem_m.dylib
0x00007ff809870000 	/usr/lib/system/libsystem_malloc.dylib
0x00007ff80e991000 	/usr/lib/system/libsystem_networkextension.dylib
0x00007ff80c4be000 	/usr/lib/system/libsystem_notify.dylib
0x00007ff81aac9000 	/usr/lib/system/libsystem_product_info_filter.dylib
0x00007ff813123000 	/usr/lib/system/libsystem_sandbox.dylib
0x00007ff814842000 	/usr/lib/system/libsystem_secinit.dylib
0x00007ff809a19000 	/usr/lib/system/libsystem_kernel.dylib
0x00007ff809a69000 	/usr/lib/system/libsystem_platform.dylib
0x00007ff809a51000 	/usr/lib/system/libsystem_pthread.dylib
0x00007ff810244000 	/usr/lib/system/libsystem_symptoms.dylib
0x00007ff8097c5000 	/usr/lib/system/libsystem_trace.dylib
0x00007ff814818000 	/usr/lib/system/libunwind.dylib
0x00007ff809789000 	/usr/lib/system/libxpc.dylib
0x00007ff809a03000 	/usr/lib/libc++abi.dylib
0x00007ff8098e3000 	/usr/lib/libobjc.A.dylib
0x00007ff814823000 	/usr/lib/liboah.dylib
0x00007ff8099aa000 	/usr/lib/libc++.1.dylib
0x00007ff8208de000 	/System/Library/Frameworks/Cocoa.framework/Versions/A/Cocoa
0x00007ff80c51c000 	/System/Library/Frameworks/AppKit.framework/Versions/C/AppKit
0x00007ff80fa32000 	/System/Library/Frameworks/CoreData.framework/Versions/A/CoreData
0x00007ff80a91b000 	/System/Library/Frameworks/Foundation.framework/Versions/C/Foundation
0x00007ff80d3ac000 	/System/Library/PrivateFrameworks/UIFoundation.framework/Versions/A/UIFoundation
0x00007ff81a7cc000 	/System/Library/PrivateFrameworks/RemoteViewServices.framework/Versions/A/RemoteViewServices
0x00007ff812aa8000 	/System/Library/PrivateFrameworks/XCTTargetBootstrap.framework/Versions/A/XCTTargetBootstrap
0x00007ff816662000 	/System/Library/PrivateFrameworks/InternationalSupport.framework/Versions/A/InternationalSupport
0x00007ff8166ec000 	/System/Library/PrivateFrameworks/UserActivity.framework/Versions/A/UserActivity
0x00007ff815a3d000 	/usr/lib/libspindump.dylib
0x00007ff80d63b000 	/System/Library/Frameworks/UniformTypeIdentifiers.framework/Versions/A/UniformTypeIdentifiers
0x00007ff8111cd000 	/usr/lib/libapp_launch_measurement.dylib
0x00007ff810404000 	/System/Library/PrivateFrameworks/CoreAnalytics.framework/Versions/A/CoreAnalytics
0x00007ff8111d0000 	/System/Library/PrivateFrameworks/CoreAutoLayout.framework/Versions/A/CoreAutoLayout
0x00007ff812400000 	/System/Library/Frameworks/Metal.framework/Versions/A/Metal
0x00007ff81312f000 	/usr/lib/liblangid.dylib
0x00007ff812aad000 	/System/Library/PrivateFrameworks/CoreSVG.framework/Versions/A/CoreSVG
0x00007ff80ea26000 	/System/Library/PrivateFrameworks/SkyLight.framework/Versions/A/SkyLight
0x00007ff80edc5000 	/System/Library/Frameworks/CoreGraphics.framework/Versions/A/CoreGraphics
0x00007ff81ae8c000 	/System/Library/Frameworks/Accelerate.framework/Versions/A/Accelerate
0x00007ff8154bc000 	/System/Library/PrivateFrameworks/IconServices.framework/Versions/A/IconServices
0x00007ff8123e5000 	/System/Library/Frameworks/IOSurface.framework/Versions/A/IOSurface
0x00007ff810432000 	/usr/lib/libDiagnosticMessagesClient.dylib
0x00007ff81e582000 	/System/Library/Frameworks/ApplicationServices.framework/Versions/A/ApplicationServices
0x00007ff812a94000 	/System/Library/PrivateFrameworks/DFRFoundation.framework/Versions/A/DFRFoundation
0x00007ff80be00000 	/usr/lib/libicucore.A.dylib
0x00007ff817458000 	/System/Library/Frameworks/AudioToolbox.framework/Versions/A/AudioToolbox
0x00007ff81666e000 	/System/Library/PrivateFrameworks/DataDetectorsCore.framework/Versions/A/DataDetectorsCore
0x00007ff912b71000 	/System/Library/PrivateFrameworks/TextInput.framework/Versions/A/TextInput
0x00007ff80e9a9000 	/usr/lib/libMobileGestalt.dylib
0x00007ff8127a0000 	/System/Library/Frameworks/Carbon.framework/Versions/A/Frameworks/HIToolbox.framework/Versions/A/HIToolbox
0x00007ff810bcf000 	/System/Library/Frameworks/QuartzCore.framework/Versions/A/QuartzCore
0x00007ff80baa5000 	/System/Library/Frameworks/Security.framework/Versions/A/Security
0x00007ff81a804000 	/System/Library/Frameworks/Carbon.framework/Versions/A/Frameworks/SpeechRecognition.framework/Versions/A/SpeechRecognition
0x00007ff810f2d000 	/System/Library/PrivateFrameworks/CoreUI.framework/Versions/A/CoreUI
0x00007ff80b36f000 	/System/Library/Frameworks/CoreAudio.framework/Versions/A/CoreAudio
0x00007ff810521000 	/System/Library/Frameworks/DiskArbitration.framework/Versions/A/DiskArbitration
0x00007ff815e2e000 	/System/Library/PrivateFrameworks/MultitouchSupport.framework/Versions/A/MultitouchSupport
0x00007ff80e9a8000 	/usr/lib/libenergytrace.dylib
0x00007ff80c404000 	/System/Library/Frameworks/IOKit.framework/Versions/A/IOKit
0x00007ff81abf4000 	/System/Library/Frameworks/CoreServices.framework/Versions/A/CoreServices
0x00007ff811167000 	/System/Library/PrivateFrameworks/PerformanceAnalysis.framework/Versions/A/PerformanceAnalysis
0x00007ffa22842000 	/System/Library/Frameworks/OpenGL.framework/Versions/A/OpenGL
0x00007ff813d91000 	/System/Library/PrivateFrameworks/MobileKeyBag.framework/Versions/A/MobileKeyBag
0x00007ff80f491000 	/System/Library/Frameworks/ColorSync.framework/Versions/A/ColorSync
0x00007ff809a9e000 	/System/Library/Frameworks/CoreFoundation.framework/Versions/A/CoreFoundation
0x00007ff812d25000 	/System/Library/Frameworks/CoreImage.framework/Versions/A/CoreImage
0x00007ff80b183000 	/System/Library/Frameworks/CoreText.framework/Versions/A/CoreText
0x00007ff812add000 	/System/Library/Frameworks/ImageIO.framework/Versions/A/ImageIO
0x00007ff81485b000 	/System/Library/PrivateFrameworks/SoftLinking.framework/Versions/A/SoftLinking
0x00007ff811218000 	/usr/lib/libxml2.2.dylib
0x00007ff814adf000 	/usr/lib/libcompression.dylib
0x00007ff816595000 	/System/Library/PrivateFrameworks/TextureIO.framework/Versions/A/TextureIO
0x00007ff8151cd000 	/usr/lib/libate.dylib
0x00007ff814fa9000 	/usr/lib/liblzma.5.dylib
0x00007ff80a62d000 	/System/Library/Frameworks/SystemConfiguration.framework/Versions/A/SystemConfiguration
0x00007ff814857000 	/usr/lib/libfakelink.dylib
0x00007ff80e502000 	/System/Library/Frameworks/CFNetwork.framework/Versions/A/CFNetwork
0x00007ff814998000 	/usr/lib/libarchive.2.dylib
0x00007ff81312b000 	/System/Library/PrivateFrameworks/AppleSystemInfo.framework/Versions/A/AppleSystemInfo
0x00007ff813e92000 	/usr/lib/libbsm.0.dylib
0x00007ff80db11000 	/usr/lib/libnetwork.dylib
0x00007ff8147f0000 	/usr/lib/system/libkxld.dylib
0x00007ff813ac5000 	/System/Library/PrivateFrameworks/IOMobileFramebuffer.framework/Versions/A/IOMobileFramebuffer
0x00007ffb221f9000 	/usr/lib/libCoreEntitlements.dylib
0x00007ff814504000 	/System/Library/PrivateFrameworks/AppleFSCompression.framework/Versions/A/AppleFSCompression
0x00007ff813e7a000 	/usr/lib/libcoretls.dylib
0x00007ff814fc3000 	/usr/lib/libcoretls_cfhelpers.dylib
0x00007ff814ad9000 	/usr/lib/libpam.2.dylib
0x00007ff80fe63000 	/usr/lib/libsqlite3.dylib
0x00007ff815032000 	/usr/lib/libxar.1.dylib
0x00007ff814514000 	/usr/lib/libbz2.1.0.dylib
0x00007ff81485c000 	/usr/lib/libpcap.A.dylib
0x00007ff81023c000 	/usr/lib/libdns_services.dylib
0x00007ff814aa9000 	/usr/lib/libapple_nghttp2.dylib
0x00007ff814896000 	/usr/lib/libiconv.2.dylib
0x00007ff8147e9000 	/usr/lib/libcharset.1.dylib
0x00007ff81119b000 	/System/Library/Frameworks/CoreServices.framework/Versions/A/Frameworks/FSEvents.framework/Versions/A/FSEvents
0x00007ff80c09e000 	/System/Library/Frameworks/CoreServices.framework/Versions/A/Frameworks/CarbonCore.framework/Versions/A/CarbonCore
0x00007ff810485000 	/System/Library/Frameworks/CoreServices.framework/Versions/A/Frameworks/Metadata.framework/Versions/A/Metadata
0x00007ff814527000 	/System/Library/Frameworks/CoreServices.framework/Versions/A/Frameworks/OSServices.framework/Versions/A/OSServices
0x00007ff814a1e000 	/System/Library/Frameworks/CoreServices.framework/Versions/A/Frameworks/SearchKit.framework/Versions/A/SearchKit
0x00007ff8101ce000 	/System/Library/Frameworks/CoreServices.framework/Versions/A/Frameworks/AE.framework/Versions/A/AE
0x00007ff809fa1000 	/System/Library/Frameworks/CoreServices.framework/Versions/A/Frameworks/LaunchServices.framework/Versions/A/LaunchServices
0x00007ff814f5a000 	/System/Library/Frameworks/CoreServices.framework/Versions/A/Frameworks/DictionaryServices.framework/Versions/A/DictionaryServices
0x00007ff8111a8000 	/System/Library/Frameworks/CoreServices.framework/Versions/A/Frameworks/SharedFileList.framework/Versions/A/SharedFileList
0x00007ff813e6e000 	/usr/lib/libCheckFix.dylib
0x00007ff80ea0d000 	/System/Library/PrivateFrameworks/TCC.framework/Versions/A/TCC
0x00007ff813131000 	/System/Library/PrivateFrameworks/CoreNLP.framework/Versions/A/CoreNLP
0x00007ff810435000 	/System/Library/PrivateFrameworks/MetadataUtilities.framework/Versions/A/MetadataUtilities
0x00007ff80a6de000 	/usr/lib/libmecabra.dylib
0x00007ff813ea2000 	/usr/lib/libmecab.dylib
0x00007ff80a6a9000 	/usr/lib/libCRFSuite.dylib
0x00007ff813efc000 	/usr/lib/libgermantok.dylib
0x00007ff814a84000 	/usr/lib/libThaiTokenizer.dylib
0x00007ff810528000 	/System/Library/Frameworks/Accelerate.framework/Versions/A/Frameworks/vImage.framework/Versions/A/vImage
0x00007ff81abcb000 	/System/Library/Frameworks/Accelerate.framework/Versions/A/Frameworks/vecLib.framework/Versions/A/vecLib
0x00007ff815073000 	/System/Library/Frameworks/Accelerate.framework/Versions/A/Frameworks/vecLib.framework/Versions/A/libvMisc.dylib
0x00007ff8138f0000 	/System/Library/Frameworks/Accelerate.framework/Versions/A/Frameworks/vecLib.framework/Versions/A/libvDSP.dylib
0x00007ff80a31d000 	/System/Library/Frameworks/Accelerate.framework/Versions/A/Frameworks/vecLib.framework/Versions/A/libBLAS.dylib
0x00007ff814bbc000 	/System/Library/Frameworks/Accelerate.framework/Versions/A/Frameworks/vecLib.framework/Versions/A/libLAPACK.dylib
0x00007ff813eff000 	/System/Library/Frameworks/Accelerate.framework/Versions/A/Frameworks/vecLib.framework/Versions/A/libLinearAlgebra.dylib
0x00007ff814ac1000 	/System/Library/Frameworks/Accelerate.framework/Versions/A/Frameworks/vecLib.framework/Versions/A/libSparseBLAS.dylib
0x00007ff814bb6000 	/System/Library/Frameworks/Accelerate.framework/Versions/A/Frameworks/vecLib.framework/Versions/A/libQuadrature.dylib
0x00007ff81321c000 	/System/Library/Frameworks/Accelerate.framework/Versions/A/Frameworks/vecLib.framework/Versions/A/libBNNS.dylib
0x00007ff80a5b7000 	/System/Library/Frameworks/Accelerate.framework/Versions/A/Frameworks/vecLib.framework/Versions/A/libSparse.dylib
0x00007ff813215000 	/System/Library/PrivateFrameworks/LinguisticData.framework/Versions/A/LinguisticData
0x00007ff80a56d000 	/System/Library/PrivateFrameworks/Lexicon.framework/Versions/A/Lexicon
0x00007ff81506c000 	/usr/lib/libChineseTokenizer.dylib
0x00007ff80acd8000 	/System/Library/PrivateFrameworks/LanguageModeling.framework/Versions/A/LanguageModeling
0x00007ff814a86000 	/System/Library/PrivateFrameworks/AppleSauce.framework/Versions/A/AppleSauce
0x00007ff813ab3000 	/System/Library/PrivateFrameworks/CoreEmoji.framework/Versions/A/CoreEmoji
0x00007ff814987000 	/usr/lib/libcmph.dylib
0x00007ff81117f000 	/System/Library/Frameworks/OpenDirectory.framework/Versions/A/Frameworks/CFOpenDirectory.framework/Versions/A/CFOpenDirectory
0x00007ff811173000 	/System/Library/Frameworks/OpenDirectory.framework/Versions/A/OpenDirectory
0x00007ff814fc5000 	/System/Library/PrivateFrameworks/APFS.framework/Versions/A/APFS
0x00007ff813dc9000 	/System/Library/Frameworks/SecurityFoundation.framework/Versions/A/SecurityFoundation
0x00007ff815040000 	/usr/lib/libutil.dylib
0x00007ff80c3c8000 	/System/Library/PrivateFrameworks/CoreServicesStore.framework/Versions/A/CoreServicesStore
0x00007ff815044000 	/usr/lib/libxslt.1.dylib
0x00007ff813e56000 	/System/Library/PrivateFrameworks/BackgroundTaskManagement.framework/Versions/A/BackgroundTaskManagement
0x00007ff8164b5000 	/System/Library/Frameworks/ImageIO.framework/Versions/A/Resources/libRadiance.dylib
0x00007ff8164be000 	/System/Library/Frameworks/ImageIO.framework/Versions/A/Resources/libJPEG.dylib
0x00007ff81640d000 	/System/Library/Frameworks/ImageIO.framework/Versions/A/Resources/libPng.dylib
0x00007ff81642e000 	/System/Library/Frameworks/ImageIO.framework/Versions/A/Resources/libTIFF.dylib
0x00007ff81651e000 	/System/Library/Frameworks/ImageIO.framework/Versions/A/Resources/libGIF.dylib
0x00007ff815d47000 	/System/Library/Frameworks/ImageIO.framework/Versions/A/Resources/libJP2.dylib
0x00007ff815482000 	/usr/lib/libexpat.1.dylib
0x00007ff815cfc000 	/System/Library/PrivateFrameworks/AppleJPEG.framework/Versions/A/AppleJPEG
0x00007ff812665000 	/System/Library/PrivateFrameworks/FontServices.framework/libFontParser.dylib
0x00007ff810178000 	/System/Library/PrivateFrameworks/RunningBoardServices.framework/Versions/A/RunningBoardServices
0x00007ff820e99000 	/System/Library/PrivateFrameworks/IOSurfaceAccelerator.framework/Versions/A/IOSurfaceAccelerator
0x00007ff815e2a000 	/System/Library/PrivateFrameworks/WatchdogClient.framework/Versions/A/WatchdogClient
0x00007ff80adc6000 	/System/Library/Frameworks/CoreDisplay.framework/Versions/A/CoreDisplay
0x00007ff812563000 	/System/Library/Frameworks/CoreMedia.framework/Versions/A/CoreMedia
0x00007ff8123f7000 	/System/Library/PrivateFrameworks/IOAccelerator.framework/Versions/A/IOAccelerator
0x00007ff8112fc000 	/System/Library/Frameworks/CoreVideo.framework/Versions/A/CoreVideo
0x00007ff814ad7000 	/System/Library/Frameworks/MetalPerformanceShaders.framework/Versions/A/MetalPerformanceShaders
0x00007ff815e67000 	/System/Library/Frameworks/VideoToolbox.framework/Versions/A/VideoToolbox
0x00007ff8100c2000 	/System/Library/PrivateFrameworks/BaseBoard.framework/Versions/A/BaseBoard
0x00007ff80fe49000 	/System/Library/PrivateFrameworks/ProtocolBuffer.framework/Versions/A/ProtocolBuffer
0x00007ff8164ae000 	/System/Library/PrivateFrameworks/GPUWrangler.framework/Versions/A/GPUWrangler
0x00007ff816492000 	/System/Library/PrivateFrameworks/IOPresentment.framework/Versions/A/IOPresentment
0x00007ff8164b8000 	/System/Library/PrivateFrameworks/DSExternalDisplay.framework/Versions/A/DSExternalDisplay
0x00007ffa22836000 	/System/Library/Frameworks/OpenGL.framework/Versions/A/Libraries/libCoreFSCache.dylib
0x00007ffb0f90c000 	/System/Library/PrivateFrameworks/GPUCompiler.framework/Versions/31001/Libraries/libGPUCompilerUtils.dylib
0x00007ff816523000 	/System/Library/PrivateFrameworks/CMCaptureCore.framework/Versions/A/CMCaptureCore
0x00007ff815a2b000 	/System/Library/PrivateFrameworks/AppServerSupport.framework/Versions/A/AppServerSupport
0x00007ff817cf1000 	/System/Library/PrivateFrameworks/perfdata.framework/Versions/A/perfdata
0x00007ff80aef2000 	/System/Library/PrivateFrameworks/AudioToolboxCore.framework/Versions/A/AudioToolboxCore
0x00007ff812541000 	/System/Library/PrivateFrameworks/caulk.framework/Versions/A/caulk
0x00007ff817603000 	/usr/lib/libAudioStatistics.dylib
0x00007ff90f2f6000 	/System/Library/PrivateFrameworks/SystemPolicy.framework/Versions/A/SystemPolicy
0x00007ff81785e000 	/usr/lib/libSMC.dylib
0x00007ff820791000 	/System/Library/Frameworks/CoreMIDI.framework/Versions/A/CoreMIDI
0x00007ff8163dc000 	/usr/lib/libAudioToolboxUtility.dylib
0x00007ff90b51a000 	/System/Library/PrivateFrameworks/OSAServicesClient.framework/Versions/A/OSAServicesClient
0x00007ff817cfe000 	/usr/lib/libperfcheck.dylib
0x00007ff90fda7000 	/usr/lib/libmis.dylib
0x00007ffa22891000 	/System/Library/Frameworks/OpenGL.framework/Versions/A/Libraries/libGLU.dylib
0x00007ffa22855000 	/System/Library/Frameworks/OpenGL.framework/Versions/A/Libraries/libGFXShared.dylib
0x00007ffa22a5e000 	/System/Library/Frameworks/OpenGL.framework/Versions/A/Libraries/libGL.dylib
0x00007ffa2285e000 	/System/Library/Frameworks/OpenGL.framework/Versions/A/Libraries/libGLImage.dylib
0x00007ffa22852000 	/System/Library/Frameworks/OpenGL.framework/Versions/A/Libraries/libCVMSPluginSupport.dylib
0x00007ffa2283d000 	/System/Library/Frameworks/OpenGL.framework/Versions/A/Libraries/libCoreVMClient.dylib
0x00007ff8130ad000 	/System/Library/Frameworks/MetalPerformanceShaders.framework/Versions/A/Frameworks/MPSCore.framework/Versions/A/MPSCore
0x00007ff81446f000 	/System/Library/Frameworks/MetalPerformanceShaders.framework/Versions/A/Frameworks/MPSImage.framework/Versions/A/MPSImage
0x00007ff813f15000 	/System/Library/Frameworks/MetalPerformanceShaders.framework/Versions/A/Frameworks/MPSNeuralNetwork.framework/Versions/A/MPSNeuralNetwork
0x00007ff814389000 	/System/Library/Frameworks/MetalPerformanceShaders.framework/Versions/A/Frameworks/MPSMatrix.framework/Versions/A/MPSMatrix
0x00007ff814144000 	/System/Library/Frameworks/MetalPerformanceShaders.framework/Versions/A/Frameworks/MPSRayIntersector.framework/Versions/A/MPSRayIntersector
0x00007ff8143c1000 	/System/Library/Frameworks/MetalPerformanceShaders.framework/Versions/A/Frameworks/MPSNDArray.framework/Versions/A/MPSNDArray
0x00007ffa28316000 	/System/Library/Frameworks/MetalPerformanceShaders.framework/Versions/A/Frameworks/MPSFunctions.framework/Versions/A/MPSFunctions
0x00007ff80a1f9000 	/System/Library/PrivateFrameworks/MetalTools.framework/Versions/A/MetalTools
0x00007ff813129000 	/System/Library/PrivateFrameworks/AggregateDictionary.framework/Versions/A/AggregateDictionary
0x00007ff815264000 	/usr/lib/libIOReport.dylib
0x00007ffa23e6d000 	/System/Library/Frameworks/OpenCL.framework/Versions/A/OpenCL
0x00007ff8155c9000 	/System/Library/PrivateFrameworks/FaceCore.framework/Versions/A/FaceCore
0x00007ff8155ba000 	/System/Library/PrivateFrameworks/GraphVisualizer.framework/Versions/A/GraphVisualizer
0x00007ffb0f817000 	/System/Library/PrivateFrameworks/FontServices.framework/Versions/A/FontServices
0x00007ff8159e3000 	/System/Library/PrivateFrameworks/OTSVG.framework/Versions/A/OTSVG
0x00007ff810ee2000 	/System/Library/Frameworks/ApplicationServices.framework/Versions/A/Frameworks/ATS.framework/Versions/A/Resources/libFontRegistry.dylib
0x00007ff815a33000 	/System/Library/PrivateFrameworks/FontServices.framework/libhvf.dylib
0x00007ffb0f818000 	/System/Library/PrivateFrameworks/FontServices.framework/libXTFontStaticRegistryData.dylib
0x00007ff815432000 	/System/Library/PrivateFrameworks/AppleVA.framework/Versions/A/AppleVA
0x00007ff817623000 	/System/Library/Frameworks/ApplicationServices.framework/Versions/A/Frameworks/ATS.framework/Versions/A/ATS
0x00007ff80f58f000 	/System/Library/Frameworks/ApplicationServices.framework/Versions/A/Frameworks/HIServices.framework/Versions/A/HIServices
0x00007ff81652d000 	/System/Library/Frameworks/ApplicationServices.framework/Versions/A/Frameworks/PrintCore.framework/Versions/A/PrintCore
0x00007ff8179b1000 	/System/Library/Frameworks/ApplicationServices.framework/Versions/A/Frameworks/QD.framework/Versions/A/QD
0x00007ff8179a9000 	/System/Library/Frameworks/ApplicationServices.framework/Versions/A/Frameworks/ColorSyncLegacy.framework/Versions/A/ColorSyncLegacy
0x00007ff817613000 	/System/Library/Frameworks/ApplicationServices.framework/Versions/A/Frameworks/SpeechSynthesis.framework/Versions/A/SpeechSynthesis
0x00007ff8164ee000 	/System/Library/Frameworks/ApplicationServices.framework/Versions/A/Frameworks/ATSUI.framework/Versions/A/ATSUI
0x00007ff81793e000 	/usr/lib/libcups.2.dylib
0x00007ff817d0d000 	/System/Library/Frameworks/Kerberos.framework/Versions/A/Kerberos
0x00007ff817d1c000 	/System/Library/Frameworks/GSS.framework/Versions/A/GSS
0x00007ff81768f000 	/usr/lib/libresolv.9.dylib
0x00007ff815a42000 	/System/Library/PrivateFrameworks/Heimdal.framework/Versions/A/Heimdal
0x00007ff81e914000 	/System/Library/Frameworks/Kerberos.framework/Versions/A/Libraries/libHeimdalProxy.dylib
0x00007ff81024c000 	/System/Library/Frameworks/Network.framework/Versions/A/Network
0x00007ff81549d000 	/usr/lib/libheimdal-asn1.dylib
0x00007ff817d67000 	/System/Library/PrivateFrameworks/CommonAuth.framework/Versions/A/CommonAuth
0x00007ff817595000 	/System/Library/PrivateFrameworks/AudioSession.framework/Versions/A/AudioSession
0x00007ff81552d000 	/System/Library/PrivateFrameworks/MediaExperience.framework/Versions/A/MediaExperience
0x00007ff817427000 	/System/Library/PrivateFrameworks/AudioSession.framework/libSessionUtility.dylib
0x00007ff8179bd000 	/System/Library/PrivateFrameworks/AudioResourceArbitration.framework/Versions/A/AudioResourceArbitration
0x00007ff81ba3e000 	/System/Library/PrivateFrameworks/PowerLog.framework/Versions/A/PowerLog
0x00007ff8154a6000 	/System/Library/PrivateFrameworks/IconFoundation.framework/Versions/A/IconFoundation
0x00007ff81a7f4000 	/System/Library/PrivateFrameworks/SpeechRecognitionCore.framework/Versions/A/SpeechRecognitionCore
0x00007ffa0f2cf000 	/System/Library/CoreServices/Encodings/libLatin5Converter.dylib
0x000000010656e000 	/Users/beratkulcu/Library/Java/JavaVirtualMachines/corretto-17.0.10/Contents/Home/lib/server/libjvm.dylib
0x0000000105460000 	/Users/beratkulcu/Library/Java/JavaVirtualMachines/corretto-17.0.10/Contents/Home/lib/libjimage.dylib
0x0000000105483000 	/Users/beratkulcu/Library/Java/JavaVirtualMachines/corretto-17.0.10/Contents/Home/lib/libinstrument.dylib
0x00000001054c5000 	/Users/beratkulcu/Library/Java/JavaVirtualMachines/corretto-17.0.10/Contents/Home/lib/libjava.dylib
0x00000001054aa000 	/Users/beratkulcu/Library/Java/JavaVirtualMachines/corretto-17.0.10/Contents/Home/lib/libzip.dylib
0x0000000105e35000 	/Users/beratkulcu/Library/Java/JavaVirtualMachines/corretto-17.0.10/Contents/Home/lib/libnio.dylib
0x0000000105e6f000 	/Users/beratkulcu/Library/Java/JavaVirtualMachines/corretto-17.0.10/Contents/Home/lib/libnet.dylib
0x0000000105e1a000 	/Users/beratkulcu/Library/Java/JavaVirtualMachines/corretto-17.0.10/Contents/Home/lib/libextnet.dylib
0x0000000105e51000 	/Users/beratkulcu/Library/Java/JavaVirtualMachines/corretto-17.0.10/Contents/Home/lib/libmanagement.dylib
0x0000000105e8f000 	/Users/beratkulcu/Library/Java/JavaVirtualMachines/corretto-17.0.10/Contents/Home/lib/libmanagement_ext.dylib


VM Arguments:
jvm_args: -XX:TieredStopAtLevel=1 -Dspring.output.ansi.enabled=always -Dcom.sun.management.jmxremote -Dspring.jmx.enabled=true -Dspring.liveBeansView.mbeanDomain -Dspring.application.admin.enabled=true -Dmanagement.endpoints.jmx.exposure.include=* -javaagent:/private/var/folders/jp/0vdv6hcd6gn_kpzcjlvg2_6m0000gn/T/AppTranslocation/77858DE0-2297-4955-8706-42E74F83E092/d/IntelliJ IDEA.app/Contents/lib/idea_rt.jar=62338:/private/var/folders/jp/0vdv6hcd6gn_kpzcjlvg2_6m0000gn/T/AppTranslocation/77858DE0-2297-4955-8706-42E74F83E092/d/IntelliJ IDEA.app/Contents/bin -Dfile.encoding=UTF-8 
java_command: com.TurkcellUpdateProjectApplication
java_class_path (initial): /Users/beratkulcu/Desktop/Turkcell-Update-Project/target/classes:/Users/beratkulcu/.m2/repository/org/springframework/boot/spring-boot-starter-actuator/3.2.4/spring-boot-starter-actuator-3.2.4.jar:/Users/beratkulcu/.m2/repository/org/springframework/boot/spring-boot-starter/3.2.4/spring-boot-starter-3.2.4.jar:/Users/beratkulcu/.m2/repository/org/springframework/boot/spring-boot-starter-logging/3.2.4/spring-boot-starter-logging-3.2.4.jar:/Users/beratkulcu/.m2/repository/ch/qos/logback/logback-classic/1.4.14/logback-classic-1.4.14.jar:/Users/beratkulcu/.m2/repository/ch/qos/logback/logback-core/1.4.14/logback-core-1.4.14.jar:/Users/beratkulcu/.m2/repository/org/apache/logging/log4j/log4j-to-slf4j/2.21.1/log4j-to-slf4j-2.21.1.jar:/Users/beratkulcu/.m2/repository/org/apache/logging/log4j/log4j-api/2.21.1/log4j-api-2.21.1.jar:/Users/beratkulcu/.m2/repository/org/slf4j/jul-to-slf4j/2.0.12/jul-to-slf4j-2.0.12.jar:/Users/beratkulcu/.m2/repository/jakarta/annotation/jakarta.annotation-api/2.1.1/jakarta.annotation-api-2.1.1.jar:/Users/beratkulcu/.m2/repository/org/yaml/snakeyaml/2.2/snakeyaml-2.2.jar:/Users/beratkulcu/.m2/repository/org/springframework/boot/spring-boot-actuator-autoconfigure/3.2.4/spring-boot-actuator-autoconfigure-3.2.4.jar:/Users/beratkulcu/.m2/repository/org/springframework/boot/spring-boot-actuator/3.2.4/spring-boot-actuator-3.2.4.jar:/Users/beratkulcu/.m2/repository/com/fasterxml/jackson/core/jackson-databind/2.15.4/jackson-databind-2.15.4.jar:/Users/beratkulcu/.m2/repository/com/fasterxml/jackson/core/jackson-annotations/2.15.4/jackson-annotations-2.15.4.jar:/Users/beratkulcu/.m2/repository/com/fasterxml/jackson/core/jackson-core/2.15.4/jackson-core-2.15.4.jar:/Users/beratkulcu/.m2/repository/com/fasterxml/jackson/datatype/jackson-datatype-jsr310/2.15.4/jackson-datatype-jsr310-2.15.4.jar:/Users/beratkulcu/.m2/repository/io/micrometer/micrometer-observation/1.12.4/micrometer-observation-1.12.4.jar:/Users/beratkulcu/.m2/reposi
Launcher Type: SUN_STANDARD

[Global flags]
     intx CICompilerCount                          = 4                                         {product} {ergonomic}
     uint ConcGCThreads                            = 2                                         {product} {ergonomic}
     uint G1ConcRefinementThreads                  = 8                                         {product} {ergonomic}
   size_t G1HeapRegionSize                         = 2097152                                   {product} {ergonomic}
    uintx GCDrainStackTargetSize                   = 64                                        {product} {ergonomic}
   size_t InitialHeapSize                          = 268435456                                 {product} {ergonomic}
     bool ManagementServer                         = true                                      {product} {command line}
   size_t MarkStackSize                            = 4194304                                   {product} {ergonomic}
   size_t MaxHeapSize                              = 4294967296                                {product} {ergonomic}
   size_t MaxNewSize                               = 2575302656                                {product} {ergonomic}
   size_t MinHeapDeltaBytes                        = 2097152                                   {product} {ergonomic}
   size_t MinHeapSize                              = 8388608                                   {product} {ergonomic}
    uintx NonProfiledCodeHeapSize                  = 0                                      {pd product} {ergonomic}
     bool ProfileInterpreter                       = false                                  {pd product} {command line}
    uintx ProfiledCodeHeapSize                     = 0                                      {pd product} {ergonomic}
   size_t SoftMaxHeapSize                          = 4294967296                             {manageable} {ergonomic}
     intx TieredStopAtLevel                        = 1                                         {product} {command line}
     bool UseCompressedClassPointers               = true                           {product lp64_product} {ergonomic}
     bool UseCompressedOops                        = true                           {product lp64_product} {ergonomic}
     bool UseG1GC                                  = true                                      {product} {ergonomic}
     bool UseNUMA                                  = false                                     {product} {ergonomic}
     bool UseNUMAInterleaving                      = false                                     {product} {ergonomic}

Logging:
Log output configuration:
 #0: stdout all=warning uptime,level,tags
 #1: stderr all=off uptime,level,tags

Environment Variables:
PATH=/Users/beratkulcu/Downloads/apache-maven-3.6.3/bin:/usr/local/bin:/usr/bin:/bin:/usr/sbin:/sbin
SHELL=/bin/zsh
LC_CTYPE=tr_TR.UTF-8
TMPDIR=/var/folders/jp/0vdv6hcd6gn_kpzcjlvg2_6m0000gn/T/

Active Locale:
LC_ALL=C/tr_TR.UTF-8/C/C/C/C
LC_COLLATE=C
LC_CTYPE=tr_TR.UTF-8
LC_MESSAGES=C
LC_MONETARY=C
LC_NUMERIC=C
LC_TIME=C

Signal Handlers:
   SIGSEGV: crash_handler in libjvm.dylib, mask=11100110000111110111111111111111, flags=SA_RESTART|SA_SIGINFO, unblocked
    SIGBUS: crash_handler in libjvm.dylib, mask=11100110000111110111111111111111, flags=SA_RESTART|SA_SIGINFO, unblocked
    SIGFPE: crash_handler in libjvm.dylib, mask=11100110000111110111111111111111, flags=SA_RESTART|SA_SIGINFO, unblocked
   SIGPIPE: javaSignalHandler in libjvm.dylib, mask=11100110000111110111111111111111, flags=SA_RESTART|SA_SIGINFO, blocked
   SIGXFSZ: javaSignalHandler in libjvm.dylib, mask=11100110000111110111111111111111, flags=SA_RESTART|SA_SIGINFO, blocked
    SIGILL: crash_handler in libjvm.dylib, mask=11100110000111110111111111111111, flags=SA_RESTART|SA_SIGINFO, unblocked
   SIGUSR2: SR_handler in libjvm.dylib, mask=00100000000000000000000000000000, flags=SA_RESTART|SA_SIGINFO, blocked
    SIGHUP: UserHandler in libjvm.dylib, mask=11100110000111110111111111111111, flags=SA_RESTART|SA_SIGINFO, blocked
    SIGINT: UserHandler in libjvm.dylib, mask=11100110000111110111111111111111, flags=SA_RESTART|SA_SIGINFO, blocked
   SIGTERM: UserHandler in libjvm.dylib, mask=11100110000111110111111111111111, flags=SA_RESTART|SA_SIGINFO, blocked
   SIGQUIT: UserHandler in libjvm.dylib, mask=11100110000111110111111111111111, flags=SA_RESTART|SA_SIGINFO, blocked
   SIGTRAP: crash_handler in libjvm.dylib, mask=11100110000111110111111111111111, flags=SA_RESTART|SA_SIGINFO, unblocked


Periodic native trim disabled


---------------  S Y S T E M  ---------------

OS:
uname: Darwin 21.6.0 Darwin Kernel Version 21.6.0: Mon Feb 19 20:24:34 PST 2024; root:xnu-8020.240.18.707.4~1/RELEASE_X86_64 x86_64
OS uptime: 8 days 21:07 hours
rlimit (soft/hard): STACK 8192k/65532k , CORE 0k/infinity , NPROC 2784/4176 , NOFILE 10240/infinity , AS infinity/infinity , CPU infinity/infinity , DATA infinity/infinity , FSIZE infinity/infinity , MEMLOCK infinity/infinity , RSS infinity/infinity
load average: 2.30 2.32 2.30

CPU: total 8 (initial active 8) (4 cores per cpu, 2 threads per core) family 6 model 70 stepping 1 microcode 0x1c, cx8, cmov, fxsr, ht, mmx, sse, sse2, sse3, ssse3, sse4.1, sse4.2, popcnt, lzcnt, tsc, tscinvbit, avx, avx2, aes, erms, clmul, bmi1, bmi2, fma, vzeroupper, clflush
machdep.cpu.brand_string:Intel(R) Core(TM) i7-4980HQ CPU @ 2.80GHz
hw.cpufrequency:2800000000
hw.cpufrequency_min:2800000000
hw.cpufrequency_max:2800000000
hw.cachelinesize:64
hw.l1icachesize:32768
hw.l1dcachesize:32768
hw.l2cachesize:262144
hw.l3cachesize:6291456

Memory: 4k page, physical 16777216k(219372k free), swap 2097152k(1009664k free)

vm_info: OpenJDK 64-Bit Server VM (17.0.10+7-LTS) for bsd-amd64 JRE (17.0.10+7-LTS), built on Jan 10 2024 22:09:44 by "ec2user" with clang Apple LLVM 14.0.0 (clang-1400.0.29.202)

END.
