#
# A fatal error has been detected by the Java Runtime Environment:
#
#  SIGSEGV (0xb) at pc=0x000000010e85394d, pid=35962, tid=39171
#
# JRE version: OpenJDK Runtime Environment Corretto-17.0.10.7.1 (17.0.10+7) (build 17.0.10+7-LTS)
# Java VM: OpenJDK 64-Bit Server VM Corretto-17.0.10.7.1 (17.0.10+7-LTS, mixed mode, emulated-client, sharing, tiered, compressed oops, compressed class ptrs, g1 gc, bsd-amd64)
# Problematic frame:
# V  [libjvm.dylib+0x46494d]  void InstanceRefKlass::oop_oop_iterate_ref_processing<narrowOop, G1ScanEvacuatedObjClosure, AlwaysContains>(oopDesc*, G1ScanEvacuatedObjClosure*, AlwaysContains&)+0x12d
#
# No core dump will be written. Core dumps have been disabled. To enable core dumping, try "ulimit -c unlimited" before starting Java again
#
# If you would like to submit a bug report, please visit:
#   https://github.com/corretto/corretto-17/issues/
#

---------------  S U M M A R Y ------------

Command Line: -XX:TieredStopAtLevel=1 -Dspring.output.ansi.enabled=always -Dcom.sun.management.jmxremote -Dspring.jmx.enabled=true -Dspring.liveBeansView.mbeanDomain -Dspring.application.admin.enabled=true -Dmanagement.endpoints.jmx.exposure.include=* -javaagent:/private/var/folders/jp/0vdv6hcd6gn_kpzcjlvg2_6m0000gn/T/AppTranslocation/77858DE0-2297-4955-8706-42E74F83E092/d/IntelliJ IDEA.app/Contents/lib/idea_rt.jar=52720:/private/var/folders/jp/0vdv6hcd6gn_kpzcjlvg2_6m0000gn/T/AppTranslocation/77858DE0-2297-4955-8706-42E74F83E092/d/IntelliJ IDEA.app/Contents/bin -Dfile.encoding=UTF-8 com.TurkcellUpdateProjectApplication

Host: "MacBookPro11,4" x86_64 2800 MHz, 8 cores, 16G, Darwin 21.6.0, macOS 12.7.4 (21H1123)
Time: Thu Mar 28 18:04:14 2024 +03 elapsed time: 5.413270 seconds (0d 0h 0m 5s)

---------------  T H R E A D  ---------------

Current thread (0x00007f97f2a16870):  GCTaskThread "GC Thread#1" [stack: 0x000070000692e000,0x0000700006a2e000] [id=39171]

Stack: [0x000070000692e000,0x0000700006a2e000],  sp=0x0000700006a2da40,  free space=1022k
Native frames: (J=compiled Java code, j=interpreted, Vv=VM code, C=native code)
V  [libjvm.dylib+0x46494d]  void InstanceRefKlass::oop_oop_iterate_ref_processing<narrowOop, G1ScanEvacuatedObjClosure, AlwaysContains>(oopDesc*, G1ScanEvacuatedObjClosure*, AlwaysContains&)+0x12d
V  [libjvm.dylib+0x46474a]  void OopOopIterateBackwardsDispatch<G1ScanEvacuatedObjClosure>::Table::oop_oop_iterate_backwards<InstanceRefKlass, narrowOop>(G1ScanEvacuatedObjClosure*, oopDesc*, Klass*)+0xaa
V  [libjvm.dylib+0x4634d6]  G1ParScanThreadState::handle_evacuation_failure_par(oopDesc*, markWord)+0x146
V  [libjvm.dylib+0x462ff3]  G1ParScanThreadState::do_copy_to_survivor_space(G1HeapRegionAttr, oopDesc*, markWord)+0x323
V  [libjvm.dylib+0x463d54]  void G1ParScanThreadState::do_oop_evac<narrowOop>(narrowOop*)+0x84
V  [libjvm.dylib+0x4620bf]  G1ParScanThreadState::trim_queue_to_threshold(unsigned int)+0x18f
V  [libjvm.dylib+0x46e7cd]  G1ScanHRForRegionClosure::scan_memregion(unsigned int, MemRegion)+0xad
V  [libjvm.dylib+0x46e4e9]  G1ScanHRForRegionClosure::scan_heap_roots(HeapRegion*)+0x539
V  [libjvm.dylib+0x46df90]  G1ScanHRForRegionClosure::do_heap_region(HeapRegion*)+0x50
V  [libjvm.dylib+0x46c9b9]  G1RemSet::scan_heap_roots(G1ParScanThreadState*, unsigned int, G1GCPhaseTimes::GCParPhases, G1GCPhaseTimes::GCParPhases, bool)+0xe9
V  [libjvm.dylib+0x429cf8]  G1EvacuateRegionsTask::scan_roots(G1ParScanThreadState*, unsigned int)+0x48
V  [libjvm.dylib+0x429bb5]  G1EvacuateRegionsBaseTask::work(unsigned int)+0x75
V  [libjvm.dylib+0xb5535c]  GangWorker::loop()+0x5c
V  [libjvm.dylib+0xb552e6]  GangWorker::run()+0x16
V  [libjvm.dylib+0xa9b577]  Thread::call_run()+0xa7
V  [libjvm.dylib+0x8b3578]  thread_native_entry(Thread*)+0x148
C  [libsystem_pthread.dylib+0x64e1]  _pthread_start+0x7d
C  [libsystem_pthread.dylib+0x1f6b]  thread_start+0xf


siginfo: si_signo: 11 (SIGSEGV), si_code: 1 (SEGV_MAPERR), si_addr: 0x00000000000000b0

Registers:
RAX=0x00000000000000b0, RBX=0x000000010f14eb70, RCX=0x000000010f117703, RDX=0x0000000000000016
RSP=0x0000700006a2da40, RBP=0x0000700006a2da70, RSI=0x000000010f1142b0, RDI=0x000000070f67a444
R8 =0x00000000000030a0, R9 =0x0000000000000001, R10=0x0000000000000000, R11=0x0000000000000246
R12=0x0000600003870d80, R13=0x00007f97f2a17fe0, R14=0x000000070f67a438, R15=0x0000000000000000
RIP=0x000000010e85394d, EFLAGS=0x0000000000010202, ERR=0x0000000000000004
  TRAPNO=0x000000000000000e


Register to memory mapping:

RAX=0x00000000000000b0 is an unknown value
RBX=0x000000010f14eb70: _ZN23java_lang_ref_Reference18_discovered_offsetE+0 in /Users/beratkulcu/Library/Java/JavaVirtualMachines/corretto-17.0.10/Contents/Home/lib/server/libjvm.dylib at 0x000000010e3ef000
RCX=0x000000010f117703: _ZGVN21OopOopIterateDispatchI27FindEmbeddedNonNullPointersE6_tableE+0x3 in /Users/beratkulcu/Library/Java/JavaVirtualMachines/corretto-17.0.10/Contents/Home/lib/server/libjvm.dylib at 0x000000010e3ef000
RDX=0x0000000000000016 is an unknown value
RSP=0x0000700006a2da40 points into unknown readable memory: 0x0000000000000000 | 00 00 00 00 00 00 00 00
RBP=0x0000700006a2da70 points into unknown readable memory: 0x0000700006a2dac0 | c0 da a2 06 00 70 00 00
RSI=0x000000010f1142b0: _ZN14CompressedOops11_narrow_oopE+0 in /Users/beratkulcu/Library/Java/JavaVirtualMachines/corretto-17.0.10/Contents/Home/lib/server/libjvm.dylib at 0x000000010e3ef000
RDI=0x000000070f67a444 points into unknown readable memory: 16 00 00 00
R8 =0x00000000000030a0 is an unknown value
R9 =0x0000000000000001 is an unknown value
R10=0x0 is NULL
R11=0x0000000000000246 is an unknown value
R12=0x0000600003870d80 points into unknown readable memory: 0x000000010f102dd0 | d0 2d 10 0f 01 00 00 00
R13=0x00007f97f2a17fe0 points into unknown readable memory: 0x000000010f0ef638 | 38 f6 0e 0f 01 00 00 00
R14=0x000000070f67a438 points into unknown readable memory: 0x000000070f67a43b | 3b a4 67 0f 07 00 00 00
R15=0x0 is NULL


Top of Stack: (sp=0x0000700006a2da40)
0x0000700006a2da40:   0000000000000000 000000070f67a438
0x0000700006a2da50:   00007f97f2a17fe0 0000000000000000
0x0000700006a2da60:   00007f97f2a17fe0 0000000000000001
0x0000700006a2da70:   0000700006a2dac0 000000010e85374a
0x0000700006a2da80:   000000070f67a438 0000000126006840
0x0000700006a2da90:   0000000000000001 000000070f67a438
0x0000700006a2daa0:   000060000257abc0 0000000000000000
0x0000700006a2dab0:   00007f97f2a17fe0 0000000000000001
0x0000700006a2dac0:   0000700006a2daf0 000000010e8524d6
0x0000700006a2dad0:   00007f97f2a17e60 000000070e9e9420
0x0000700006a2dae0:   0000000000000000 000000070f67a438
0x0000700006a2daf0:   0000700006a2db60 000000010e851ff3
0x0000700006a2db00:   0000000126006840 0000000004c00101
0x0000700006a2db10:   0000000100000015 000060000257abc0
0x0000700006a2db20:   0000000000000001 0000000000000001
0x0000700006a2db30:   0000000000000001 0000000000000003
0x0000700006a2db40:   000000010f1142b0 000000070e9e941c
0x0000700006a2db50:   00007f97f2a17e60 000000070e9e941c
0x0000700006a2db60:   0000700006a2db90 000000010e852d54
0x0000700006a2db70:   00007f97f2a17e60 00007f97f2a17e60
0x0000700006a2db80:   0000000000000040 ffffffff00000000
0x0000700006a2db90:   0000700006a2dbd0 000000010e8510bf
0x0000700006a2dba0:   00007f97f2a17e78 00007f97f2a17e60
0x0000700006a2dbb0:   0000000383624dda 0000700006a2dbe8
0x0000700006a2dbc0:   00000007ffd10000 00000001425eff6b
0x0000700006a2dbd0:   0000700006a2dc30 000000010e85d7cd
0x0000700006a2dbe0:   0000700006a2dc00 000000010f0ef928
0x0000700006a2dbf0:   0000000000000000 00007f97f300be00
0x0000700006a2dc00:   00007f97f2a17e60 00000001177b6880
0x0000700006a2dc10:   0000000000000035 0000000000000040
0x0000700006a2dc20:   0000600003f624e0 00000007ffd09600
0x0000700006a2dc30:   0000700006a2dd00 000000010e85d4e9 

Instructions: (pc=0x000000010e85394d)
0x000000010e85384d:   0d 5a 01 00 00 48 63 04 81 48 01 c8 ff e0 4d 8b
0x000000010e85385d:   7d 08 4d 85 ff 74 51 44 0f b6 a3 3c 01 00 00 48
0x000000010e85386d:   8d 05 f1 b2 8f 00 48 63 38 4c 01 f7 41 80 fc 05
0x000000010e85387d:   48 8d 05 6c 19 8c 00 48 8d 0d 95 3e 8c 00 48 0f
0x000000010e85388d:   44 c8 ff 11 48 85 c0 74 1f 48 8b 00 f7 d0 a8 03
0x000000010e85389d:   74 16 49 8b 07 4c 89 ff 4c 89 f6 44 89 e2 ff 10
0x000000010e8538ad:   84 c0 0f 85 b4 00 00 00 48 8d 05 a8 b2 8f 00 48
0x000000010e8538bd:   63 30 4c 01 f6 4c 89 ef e8 76 f1 ff ff 48 8d 05
0x000000010e8538cd:   9f b2 8f 00 48 63 30 e9 b7 00 00 00 48 8d 3d aa
0x000000010e8538dd:   5e 73 00 be 84 00 00 00 e8 e6 34 f0 ff 48 83 c4
0x000000010e8538ed:   08 5b 41 5c 41 5d 41 5e 41 5f 5d e9 c3 e7 44 00
0x000000010e8538fd:   44 0f b6 bb 3c 01 00 00 48 8d 1d 64 b2 8f 00 48
0x000000010e85390d:   63 33 4c 01 f6 4c 89 ef e8 26 f1 ff ff 4d 8b 65
0x000000010e85391d:   08 4d 85 e4 74 55 48 8d 05 3a b2 8f 00 48 63 38
0x000000010e85392d:   4c 01 f7 41 80 ff 05 48 8d 05 b5 18 8c 00 48 8d
0x000000010e85393d:   0d de 3d 8c 00 48 0f 44 c8 ff 11 48 85 c0 74 2b
0x000000010e85394d:   48 8b 00 f7 d0 a8 03 74 22 49 8b 04 24 4c 89 e7
0x000000010e85395d:   4c 89 f6 44 89 fa ff 10 84 c0 74 0f 48 83 c4 08
0x000000010e85396d:   5b 41 5c 41 5d 41 5e 41 5f 5d c3 48 8d 05 e5 b1
0x000000010e85397d:   8f 00 48 63 30 4c 01 f6 4c 89 ef e8 b3 f0 ff ff
0x000000010e85398d:   48 63 33 4c 01 f6 4c 89 ef 48 83 c4 08 5b 41 5c
0x000000010e85399d:   41 5d 41 5e 41 5f 5d e9 97 f0 ff ff 0f 1f 00 af
0x000000010e8539ad:   fe ff ff 51 ff ff ff 09 ff ff ff 1e ff ff ff 0f
0x000000010e8539bd:   1f 40 00 55 48 89 e5 41 57 41 56 41 55 41 54 53
0x000000010e8539cd:   50 49 89 d5 49 89 f6 48 89 fb 48 8b 02 48 89 d7
0x000000010e8539dd:   ff 50 10 83 f8 03 0f 87 90 00 00 00 89 c0 48 8d
0x000000010e8539ed:   0d 5a 01 00 00 48 63 04 81 48 01 c8 ff e0 4d 8b
0x000000010e8539fd:   7d 08 4d 85 ff 74 51 44 0f b6 a3 3c 01 00 00 48
0x000000010e853a0d:   8d 05 51 b1 8f 00 48 63 38 4c 01 f7 41 80 fc 05
0x000000010e853a1d:   48 8d 05 cc 17 8c 00 48 8d 0d f5 3c 8c 00 48 0f
0x000000010e853a2d:   44 c8 ff 11 48 85 c0 74 1f 48 8b 00 f7 d0 a8 03
0x000000010e853a3d:   74 16 49 8b 07 4c 89 ff 4c 89 f6 44 89 e2 ff 10 


Stack slot to memory mapping:
stack at sp + 0 slots: 0x0 is NULL
stack at sp + 1 slots: 0x000000070f67a438 points into unknown readable memory: 0x000000070f67a43b | 3b a4 67 0f 07 00 00 00
stack at sp + 2 slots: 0x00007f97f2a17fe0 points into unknown readable memory: 0x000000010f0ef638 | 38 f6 0e 0f 01 00 00 00
stack at sp + 3 slots: 0x0 is NULL
stack at sp + 4 slots: 0x00007f97f2a17fe0 points into unknown readable memory: 0x000000010f0ef638 | 38 f6 0e 0f 01 00 00 00
stack at sp + 5 slots: 0x0000000000000001 is an unknown value
stack at sp + 6 slots: 0x0000700006a2dac0 points into unknown readable memory: 0x0000700006a2daf0 | f0 da a2 06 00 70 00 00
stack at sp + 7 slots: 0x000000010e85374a: _ZN30OopOopIterateBackwardsDispatchI25G1ScanEvacuatedObjClosureE5Table25oop_oop_iterate_backwardsI16InstanceRefKlass9narrowOopEEvPS0_P7oopDescP5Klass+0xaa in /Users/beratkulcu/Library/Java/JavaVirtualMachines/corretto-17.0.10/Contents/Home/lib/server/libjvm.dylib at 0x000000010e3ef000


---------------  P R O C E S S  ---------------

Threads class SMR info:
_java_thread_list=0x0000600001c444c0, length=14, elements={
0x00007f97f300b200, 0x00007f97f2051a00, 0x00007f97f2015c00, 0x00007f97f2016800,
0x00007f97f2018000, 0x00007f97f2018600, 0x00007f97f2018c00, 0x00007f97f2019200,
0x00007f97f302a200, 0x00007f97f302a800, 0x00007f97f38a5200, 0x00007f97f38a4600,
0x00007f97f4815600, 0x00007f97f390ae00
}

Java Threads: ( => current thread )
  0x00007f97f300b200 JavaThread "main" [_thread_blocked, id=6915, stack(0x00007000052e9000,0x00007000053e9000)]
  0x00007f97f2051a00 JavaThread "Reference Handler" daemon [_thread_blocked, id=15619, stack(0x00007000059fe000,0x0000700005afe000)]
  0x00007f97f2015c00 JavaThread "Finalizer" daemon [_thread_blocked, id=16643, stack(0x0000700005b01000,0x0000700005c01000)]
  0x00007f97f2016800 JavaThread "Signal Dispatcher" daemon [_thread_blocked, id=22531, stack(0x0000700005d0a000,0x0000700005e0a000)]
  0x00007f97f2018000 JavaThread "Service Thread" daemon [_thread_blocked, id=23043, stack(0x0000700005e0d000,0x0000700005f0d000)]
  0x00007f97f2018600 JavaThread "Monitor Deflation Thread" daemon [_thread_blocked, id=23555, stack(0x0000700005f10000,0x0000700006010000)]
  0x00007f97f2018c00 JavaThread "C1 CompilerThread0" daemon [_thread_blocked, id=23811, stack(0x0000700006013000,0x0000700006113000)]
  0x00007f97f2019200 JavaThread "Sweeper thread" daemon [_thread_blocked, id=41475, stack(0x0000700006116000,0x0000700006216000)]
  0x00007f97f302a200 JavaThread "Common-Cleaner" daemon [_thread_blocked, id=24067, stack(0x0000700006219000,0x0000700006319000)]
  0x00007f97f302a800 JavaThread "Monitor Ctrl-Break" daemon [_thread_in_native, id=40451, stack(0x0000700006522000,0x0000700006622000)]
  0x00007f97f38a5200 JavaThread "Notification Thread" daemon [_thread_blocked, id=25091, stack(0x0000700006625000,0x0000700006725000)]
  0x00007f97f38a4600 JavaThread "Attach Listener" daemon [_thread_blocked, id=39683, stack(0x0000700006728000,0x0000700006828000)]
  0x00007f97f4815600 JavaThread "RMI TCP Accept-0" daemon [_thread_in_native, id=40967, stack(0x000070000631c000,0x000070000641c000)]
  0x00007f97f390ae00 JavaThread "C1 CompilerThread1" daemon [_thread_blocked, id=40711, stack(0x000070000682b000,0x000070000692b000)]

Other Threads:
  0x00007f97f2b05420 VMThread "VM Thread" [stack: 0x00007000058fb000,0x00007000059fb000] [id=17667]
  0x00007f97f2e0d680 WatcherThread [stack: 0x000070000641f000,0x000070000651f000] [id=22023]
  0x00007f97f2a07800 GCTaskThread "GC Thread#0" [stack: 0x00007000053ec000,0x00007000054ec000] [id=19971]
=>0x00007f97f2a16870 GCTaskThread "GC Thread#1" [stack: 0x000070000692e000,0x0000700006a2e000] [id=39171]
  0x00007f97f2a16cf0 GCTaskThread "GC Thread#2" [stack: 0x0000700006a31000,0x0000700006b31000] [id=38915]
  0x00007f97f2a17170 GCTaskThread "GC Thread#3" [stack: 0x0000700006b34000,0x0000700006c34000] [id=38403]
  0x00007f97f2a175f0 GCTaskThread "GC Thread#4" [stack: 0x0000700006c37000,0x0000700006d37000] [id=26115]
  0x00007f97f2b12d00 GCTaskThread "GC Thread#5" [stack: 0x0000700006d3a000,0x0000700006e3a000] [id=26627]
  0x00007f97f1f04df0 ConcurrentGCThread "G1 Main Marker" [stack: 0x00007000054ef000,0x00007000055ef000] [id=12803]
  0x00007f97f1f05680 ConcurrentGCThread "G1 Conc#0" [stack: 0x00007000055f2000,0x00007000056f2000] [id=13571]
  0x00007f97f2b04420 ConcurrentGCThread "G1 Refine#0" [stack: 0x00007000056f5000,0x00007000057f5000] [id=19459]
  0x00007f97f5f04080 ConcurrentGCThread "G1 Service" [stack: 0x00007000057f8000,0x00007000058f8000] [id=14595]

Threads with active compile tasks:

VM state: at safepoint (normal execution)

VM Mutex/Monitor currently owned by a thread:  ([mutex/lock_event])
[0x0000600003261700] Threads_lock - owner thread: 0x00007f97f2b05420
[0x0000600003261c80] Heap_lock - owner thread: 0x00007f97f300b200

Heap address: 0x0000000700000000, size: 4096 MB, Compressed Oops mode: Zero based, Oop shift amount: 3

CDS archive(s) mapped at: [0x0000000126000000-0x0000000126bba000-0x0000000126bba000), size 12296192, SharedBaseAddress: 0x0000000126000000, ArchiveRelocationMode: 1.
Compressed class space mapped at: 0x0000000127000000-0x0000000167000000, reserved size: 1073741824
Narrow klass base: 0x0000000126000000, Narrow klass shift: 0, Narrow klass range: 0x100000000

GC Precious Log:
 CPUs: 8 total, 8 available
 Memory: 16384M
 Large Page Support: Disabled
 NUMA Support: Disabled
 Compressed Oops: Enabled (Zero based)
 Heap Region Size: 2M
 Heap Min Capacity: 8M
 Heap Initial Capacity: 256M
 Heap Max Capacity: 4G
 Pre-touch: Disabled
 Parallel Workers: 8
 Concurrent Workers: 2
 Concurrent Refinement Workers: 8
 Periodic GC: Disabled

Heap:
 garbage-first heap   total 266240K, used 24476K [0x0000000700000000, 0x0000000800000000)
  region size 2048K, 13 young (26624K), 2 survivors (4096K)
 Metaspace       used 7076K, committed 7296K, reserved 1114112K
  class space    used 894K, committed 1024K, reserved 1048576K

Heap Regions: E=young(eden), S=young(survivor), O=old, HS=humongous(starts), HC=humongous(continues), CS=collection set, F=free, OA=open archive, CA=closed archive, TAMS=top-at-mark-start (previous, next)
|   0|0x0000000700000000, 0x0000000700200000, 0x0000000700200000|100%| O|  |TAMS 0x0000000700000000, 0x0000000700000000| Untracked 
|   1|0x0000000700200000, 0x0000000700200000, 0x0000000700400000|  0%| F|  |TAMS 0x0000000700200000, 0x0000000700200000| Untracked 
|   2|0x0000000700400000, 0x0000000700400000, 0x0000000700600000|  0%| F|  |TAMS 0x0000000700400000, 0x0000000700400000| Untracked 
|   3|0x0000000700600000, 0x0000000700600000, 0x0000000700800000|  0%| F|  |TAMS 0x0000000700600000, 0x0000000700600000| Untracked 
|   4|0x0000000700800000, 0x0000000700800000, 0x0000000700a00000|  0%| F|  |TAMS 0x0000000700800000, 0x0000000700800000| Untracked 
|   5|0x0000000700a00000, 0x0000000700a00000, 0x0000000700c00000|  0%| F|  |TAMS 0x0000000700a00000, 0x0000000700a00000| Untracked 
|   6|0x0000000700c00000, 0x0000000700c00000, 0x0000000700e00000|  0%| F|  |TAMS 0x0000000700c00000, 0x0000000700c00000| Untracked 
|   7|0x0000000700e00000, 0x0000000700e00000, 0x0000000701000000|  0%| F|  |TAMS 0x0000000700e00000, 0x0000000700e00000| Untracked 
|   8|0x0000000701000000, 0x0000000701000000, 0x0000000701200000|  0%| F|  |TAMS 0x0000000701000000, 0x0000000701000000| Untracked 
|   9|0x0000000701200000, 0x0000000701200000, 0x0000000701400000|  0%| F|  |TAMS 0x0000000701200000, 0x0000000701200000| Untracked 
|  10|0x0000000701400000, 0x0000000701400000, 0x0000000701600000|  0%| F|  |TAMS 0x0000000701400000, 0x0000000701400000| Untracked 
|  11|0x0000000701600000, 0x0000000701600000, 0x0000000701800000|  0%| F|  |TAMS 0x0000000701600000, 0x0000000701600000| Untracked 
|  12|0x0000000701800000, 0x0000000701800000, 0x0000000701a00000|  0%| F|  |TAMS 0x0000000701800000, 0x0000000701800000| Untracked 
|  13|0x0000000701a00000, 0x0000000701a00000, 0x0000000701c00000|  0%| F|  |TAMS 0x0000000701a00000, 0x0000000701a00000| Untracked 
|  14|0x0000000701c00000, 0x0000000701c00000, 0x0000000701e00000|  0%| F|  |TAMS 0x0000000701c00000, 0x0000000701c00000| Untracked 
|  15|0x0000000701e00000, 0x0000000701e00000, 0x0000000702000000|  0%| F|  |TAMS 0x0000000701e00000, 0x0000000701e00000| Untracked 
|  16|0x0000000702000000, 0x0000000702000000, 0x0000000702200000|  0%| F|  |TAMS 0x0000000702000000, 0x0000000702000000| Untracked 
|  17|0x0000000702200000, 0x0000000702200000, 0x0000000702400000|  0%| F|  |TAMS 0x0000000702200000, 0x0000000702200000| Untracked 
|  18|0x0000000702400000, 0x0000000702400000, 0x0000000702600000|  0%| F|  |TAMS 0x0000000702400000, 0x0000000702400000| Untracked 
|  19|0x0000000702600000, 0x0000000702600000, 0x0000000702800000|  0%| F|  |TAMS 0x0000000702600000, 0x0000000702600000| Untracked 
|  20|0x0000000702800000, 0x0000000702800000, 0x0000000702a00000|  0%| F|  |TAMS 0x0000000702800000, 0x0000000702800000| Untracked 
|  21|0x0000000702a00000, 0x0000000702a00000, 0x0000000702c00000|  0%| F|  |TAMS 0x0000000702a00000, 0x0000000702a00000| Untracked 
|  22|0x0000000702c00000, 0x0000000702c00000, 0x0000000702e00000|  0%| F|  |TAMS 0x0000000702c00000, 0x0000000702c00000| Untracked 
|  23|0x0000000702e00000, 0x0000000702e00000, 0x0000000703000000|  0%| F|  |TAMS 0x0000000702e00000, 0x0000000702e00000| Untracked 
|  24|0x0000000703000000, 0x0000000703000000, 0x0000000703200000|  0%| F|  |TAMS 0x0000000703000000, 0x0000000703000000| Untracked 
|  25|0x0000000703200000, 0x0000000703200000, 0x0000000703400000|  0%| F|  |TAMS 0x0000000703200000, 0x0000000703200000| Untracked 
|  26|0x0000000703400000, 0x0000000703400000, 0x0000000703600000|  0%| F|  |TAMS 0x0000000703400000, 0x0000000703400000| Untracked 
|  27|0x0000000703600000, 0x0000000703600000, 0x0000000703800000|  0%| F|  |TAMS 0x0000000703600000, 0x0000000703600000| Untracked 
|  28|0x0000000703800000, 0x0000000703800000, 0x0000000703a00000|  0%| F|  |TAMS 0x0000000703800000, 0x0000000703800000| Untracked 
|  29|0x0000000703a00000, 0x0000000703a00000, 0x0000000703c00000|  0%| F|  |TAMS 0x0000000703a00000, 0x0000000703a00000| Untracked 
|  30|0x0000000703c00000, 0x0000000703c00000, 0x0000000703e00000|  0%| F|  |TAMS 0x0000000703c00000, 0x0000000703c00000| Untracked 
|  31|0x0000000703e00000, 0x0000000703e00000, 0x0000000704000000|  0%| F|  |TAMS 0x0000000703e00000, 0x0000000703e00000| Untracked 
|  32|0x0000000704000000, 0x0000000704000000, 0x0000000704200000|  0%| F|  |TAMS 0x0000000704000000, 0x0000000704000000| Untracked 
|  33|0x0000000704200000, 0x0000000704200000, 0x0000000704400000|  0%| F|  |TAMS 0x0000000704200000, 0x0000000704200000| Untracked 
|  34|0x0000000704400000, 0x0000000704400000, 0x0000000704600000|  0%| F|  |TAMS 0x0000000704400000, 0x0000000704400000| Untracked 
|  35|0x0000000704600000, 0x0000000704600000, 0x0000000704800000|  0%| F|  |TAMS 0x0000000704600000, 0x0000000704600000| Untracked 
|  36|0x0000000704800000, 0x0000000704800000, 0x0000000704a00000|  0%| F|  |TAMS 0x0000000704800000, 0x0000000704800000| Untracked 
|  37|0x0000000704a00000, 0x0000000704a00000, 0x0000000704c00000|  0%| F|  |TAMS 0x0000000704a00000, 0x0000000704a00000| Untracked 
|  38|0x0000000704c00000, 0x0000000704c00000, 0x0000000704e00000|  0%| F|  |TAMS 0x0000000704c00000, 0x0000000704c00000| Untracked 
|  39|0x0000000704e00000, 0x0000000704e00000, 0x0000000705000000|  0%| F|  |TAMS 0x0000000704e00000, 0x0000000704e00000| Untracked 
|  40|0x0000000705000000, 0x0000000705000000, 0x0000000705200000|  0%| F|  |TAMS 0x0000000705000000, 0x0000000705000000| Untracked 
|  41|0x0000000705200000, 0x0000000705200000, 0x0000000705400000|  0%| F|  |TAMS 0x0000000705200000, 0x0000000705200000| Untracked 
|  42|0x0000000705400000, 0x0000000705400000, 0x0000000705600000|  0%| F|  |TAMS 0x0000000705400000, 0x0000000705400000| Untracked 
|  43|0x0000000705600000, 0x0000000705600000, 0x0000000705800000|  0%| F|  |TAMS 0x0000000705600000, 0x0000000705600000| Untracked 
|  44|0x0000000705800000, 0x0000000705800000, 0x0000000705a00000|  0%| F|  |TAMS 0x0000000705800000, 0x0000000705800000| Untracked 
|  45|0x0000000705a00000, 0x0000000705a00000, 0x0000000705c00000|  0%| F|  |TAMS 0x0000000705a00000, 0x0000000705a00000| Untracked 
|  46|0x0000000705c00000, 0x0000000705c00000, 0x0000000705e00000|  0%| F|  |TAMS 0x0000000705c00000, 0x0000000705c00000| Untracked 
|  47|0x0000000705e00000, 0x0000000705e00000, 0x0000000706000000|  0%| F|  |TAMS 0x0000000705e00000, 0x0000000705e00000| Untracked 
|  48|0x0000000706000000, 0x0000000706000000, 0x0000000706200000|  0%| F|  |TAMS 0x0000000706000000, 0x0000000706000000| Untracked 
|  49|0x0000000706200000, 0x0000000706200000, 0x0000000706400000|  0%| F|  |TAMS 0x0000000706200000, 0x0000000706200000| Untracked 
|  50|0x0000000706400000, 0x0000000706400000, 0x0000000706600000|  0%| F|  |TAMS 0x0000000706400000, 0x0000000706400000| Untracked 
|  51|0x0000000706600000, 0x0000000706600000, 0x0000000706800000|  0%| F|  |TAMS 0x0000000706600000, 0x0000000706600000| Untracked 
|  52|0x0000000706800000, 0x0000000706800000, 0x0000000706a00000|  0%| F|  |TAMS 0x0000000706800000, 0x0000000706800000| Untracked 
|  53|0x0000000706a00000, 0x0000000706a00000, 0x0000000706c00000|  0%| F|  |TAMS 0x0000000706a00000, 0x0000000706a00000| Untracked 
|  54|0x0000000706c00000, 0x0000000706c00000, 0x0000000706e00000|  0%| F|  |TAMS 0x0000000706c00000, 0x0000000706c00000| Untracked 
|  55|0x0000000706e00000, 0x0000000706e00000, 0x0000000707000000|  0%| F|  |TAMS 0x0000000706e00000, 0x0000000706e00000| Untracked 
|  56|0x0000000707000000, 0x0000000707000000, 0x0000000707200000|  0%| F|  |TAMS 0x0000000707000000, 0x0000000707000000| Untracked 
|  57|0x0000000707200000, 0x0000000707200000, 0x0000000707400000|  0%| F|  |TAMS 0x0000000707200000, 0x0000000707200000| Untracked 
|  58|0x0000000707400000, 0x0000000707400000, 0x0000000707600000|  0%| F|  |TAMS 0x0000000707400000, 0x0000000707400000| Untracked 
|  59|0x0000000707600000, 0x0000000707600000, 0x0000000707800000|  0%| F|  |TAMS 0x0000000707600000, 0x0000000707600000| Untracked 
|  60|0x0000000707800000, 0x0000000707800000, 0x0000000707a00000|  0%| F|  |TAMS 0x0000000707800000, 0x0000000707800000| Untracked 
|  61|0x0000000707a00000, 0x0000000707a00000, 0x0000000707c00000|  0%| F|  |TAMS 0x0000000707a00000, 0x0000000707a00000| Untracked 
|  62|0x0000000707c00000, 0x0000000707c00000, 0x0000000707e00000|  0%| F|  |TAMS 0x0000000707c00000, 0x0000000707c00000| Untracked 
|  63|0x0000000707e00000, 0x0000000707e00000, 0x0000000708000000|  0%| F|  |TAMS 0x0000000707e00000, 0x0000000707e00000| Untracked 
|  64|0x0000000708000000, 0x0000000708000000, 0x0000000708200000|  0%| F|  |TAMS 0x0000000708000000, 0x0000000708000000| Untracked 
|  65|0x0000000708200000, 0x0000000708200000, 0x0000000708400000|  0%| F|  |TAMS 0x0000000708200000, 0x0000000708200000| Untracked 
|  66|0x0000000708400000, 0x0000000708400000, 0x0000000708600000|  0%| F|  |TAMS 0x0000000708400000, 0x0000000708400000| Untracked 
|  67|0x0000000708600000, 0x0000000708600000, 0x0000000708800000|  0%| F|  |TAMS 0x0000000708600000, 0x0000000708600000| Untracked 
|  68|0x0000000708800000, 0x0000000708800000, 0x0000000708a00000|  0%| F|  |TAMS 0x0000000708800000, 0x0000000708800000| Untracked 
|  69|0x0000000708a00000, 0x0000000708a00000, 0x0000000708c00000|  0%| F|  |TAMS 0x0000000708a00000, 0x0000000708a00000| Untracked 
|  70|0x0000000708c00000, 0x0000000708c00000, 0x0000000708e00000|  0%| F|  |TAMS 0x0000000708c00000, 0x0000000708c00000| Untracked 
|  71|0x0000000708e00000, 0x0000000708e00000, 0x0000000709000000|  0%| F|  |TAMS 0x0000000708e00000, 0x0000000708e00000| Untracked 
|  72|0x0000000709000000, 0x0000000709000000, 0x0000000709200000|  0%| F|  |TAMS 0x0000000709000000, 0x0000000709000000| Untracked 
|  73|0x0000000709200000, 0x0000000709200000, 0x0000000709400000|  0%| F|  |TAMS 0x0000000709200000, 0x0000000709200000| Untracked 
|  74|0x0000000709400000, 0x0000000709400000, 0x0000000709600000|  0%| F|  |TAMS 0x0000000709400000, 0x0000000709400000| Untracked 
|  75|0x0000000709600000, 0x0000000709600000, 0x0000000709800000|  0%| F|  |TAMS 0x0000000709600000, 0x0000000709600000| Untracked 
|  76|0x0000000709800000, 0x0000000709800000, 0x0000000709a00000|  0%| F|  |TAMS 0x0000000709800000, 0x0000000709800000| Untracked 
|  77|0x0000000709a00000, 0x0000000709a00000, 0x0000000709c00000|  0%| F|  |TAMS 0x0000000709a00000, 0x0000000709a00000| Untracked 
|  78|0x0000000709c00000, 0x0000000709c00000, 0x0000000709e00000|  0%| F|  |TAMS 0x0000000709c00000, 0x0000000709c00000| Untracked 
|  79|0x0000000709e00000, 0x0000000709e00000, 0x000000070a000000|  0%| F|  |TAMS 0x0000000709e00000, 0x0000000709e00000| Untracked 
|  80|0x000000070a000000, 0x000000070a000000, 0x000000070a200000|  0%| F|  |TAMS 0x000000070a000000, 0x000000070a000000| Untracked 
|  81|0x000000070a200000, 0x000000070a200000, 0x000000070a400000|  0%| F|  |TAMS 0x000000070a200000, 0x000000070a200000| Untracked 
|  82|0x000000070a400000, 0x000000070a400000, 0x000000070a600000|  0%| F|  |TAMS 0x000000070a400000, 0x000000070a400000| Untracked 
|  83|0x000000070a600000, 0x000000070a600000, 0x000000070a800000|  0%| F|  |TAMS 0x000000070a600000, 0x000000070a600000| Untracked 
|  84|0x000000070a800000, 0x000000070a800000, 0x000000070aa00000|  0%| F|  |TAMS 0x000000070a800000, 0x000000070a800000| Untracked 
|  85|0x000000070aa00000, 0x000000070aa00000, 0x000000070ac00000|  0%| F|  |TAMS 0x000000070aa00000, 0x000000070aa00000| Untracked 
|  86|0x000000070ac00000, 0x000000070ac00000, 0x000000070ae00000|  0%| F|  |TAMS 0x000000070ac00000, 0x000000070ac00000| Untracked 
|  87|0x000000070ae00000, 0x000000070ae00000, 0x000000070b000000|  0%| F|  |TAMS 0x000000070ae00000, 0x000000070ae00000| Untracked 
|  88|0x000000070b000000, 0x000000070b000000, 0x000000070b200000|  0%| F|  |TAMS 0x000000070b000000, 0x000000070b000000| Untracked 
|  89|0x000000070b200000, 0x000000070b200000, 0x000000070b400000|  0%| F|  |TAMS 0x000000070b200000, 0x000000070b200000| Untracked 
|  90|0x000000070b400000, 0x000000070b400000, 0x000000070b600000|  0%| F|  |TAMS 0x000000070b400000, 0x000000070b400000| Untracked 
|  91|0x000000070b600000, 0x000000070b600000, 0x000000070b800000|  0%| F|  |TAMS 0x000000070b600000, 0x000000070b600000| Untracked 
|  92|0x000000070b800000, 0x000000070b800000, 0x000000070ba00000|  0%| F|  |TAMS 0x000000070b800000, 0x000000070b800000| Untracked 
|  93|0x000000070ba00000, 0x000000070ba00000, 0x000000070bc00000|  0%| F|  |TAMS 0x000000070ba00000, 0x000000070ba00000| Untracked 
|  94|0x000000070bc00000, 0x000000070bc00000, 0x000000070be00000|  0%| F|  |TAMS 0x000000070bc00000, 0x000000070bc00000| Untracked 
|  95|0x000000070be00000, 0x000000070be00000, 0x000000070c000000|  0%| F|  |TAMS 0x000000070be00000, 0x000000070be00000| Untracked 
|  96|0x000000070c000000, 0x000000070c000000, 0x000000070c200000|  0%| F|  |TAMS 0x000000070c000000, 0x000000070c000000| Untracked 
|  97|0x000000070c200000, 0x000000070c200000, 0x000000070c400000|  0%| F|  |TAMS 0x000000070c200000, 0x000000070c200000| Untracked 
|  98|0x000000070c400000, 0x000000070c400000, 0x000000070c600000|  0%| F|  |TAMS 0x000000070c400000, 0x000000070c400000| Untracked 
|  99|0x000000070c600000, 0x000000070c600000, 0x000000070c800000|  0%| F|  |TAMS 0x000000070c600000, 0x000000070c600000| Untracked 
| 100|0x000000070c800000, 0x000000070c800000, 0x000000070ca00000|  0%| F|  |TAMS 0x000000070c800000, 0x000000070c800000| Untracked 
| 101|0x000000070ca00000, 0x000000070ca00000, 0x000000070cc00000|  0%| F|  |TAMS 0x000000070ca00000, 0x000000070ca00000| Untracked 
| 102|0x000000070cc00000, 0x000000070cc00000, 0x000000070ce00000|  0%| F|  |TAMS 0x000000070cc00000, 0x000000070cc00000| Untracked 
| 103|0x000000070ce00000, 0x000000070ce00000, 0x000000070d000000|  0%| F|  |TAMS 0x000000070ce00000, 0x000000070ce00000| Untracked 
| 104|0x000000070d000000, 0x000000070d000000, 0x000000070d200000|  0%| F|  |TAMS 0x000000070d000000, 0x000000070d000000| Untracked 
| 105|0x000000070d200000, 0x000000070d200000, 0x000000070d400000|  0%| F|  |TAMS 0x000000070d200000, 0x000000070d200000| Untracked 
| 106|0x000000070d400000, 0x000000070d400000, 0x000000070d600000|  0%| F|  |TAMS 0x000000070d400000, 0x000000070d400000| Untracked 
| 107|0x000000070d600000, 0x000000070d600000, 0x000000070d800000|  0%| F|  |TAMS 0x000000070d600000, 0x000000070d600000| Untracked 
| 108|0x000000070d800000, 0x000000070d800000, 0x000000070da00000|  0%| F|  |TAMS 0x000000070d800000, 0x000000070d800000| Untracked 
| 109|0x000000070da00000, 0x000000070da00000, 0x000000070dc00000|  0%| F|  |TAMS 0x000000070da00000, 0x000000070da00000| Untracked 
| 110|0x000000070dc00000, 0x000000070dc00000, 0x000000070de00000|  0%| F|  |TAMS 0x000000070dc00000, 0x000000070dc00000| Untracked 
| 111|0x000000070de00000, 0x000000070de00000, 0x000000070e000000|  0%| F|  |TAMS 0x000000070de00000, 0x000000070de00000| Untracked 
| 112|0x000000070e000000, 0x000000070e000000, 0x000000070e200000|  0%| F|  |TAMS 0x000000070e000000, 0x000000070e000000| Untracked 
| 113|0x000000070e200000, 0x000000070e200000, 0x000000070e400000|  0%| F|  |TAMS 0x000000070e200000, 0x000000070e200000| Untracked 
| 114|0x000000070e400000, 0x000000070e400000, 0x000000070e600000|  0%| F|  |TAMS 0x000000070e400000, 0x000000070e400000| Untracked 
| 115|0x000000070e600000, 0x000000070e800000, 0x000000070e800000|100%| S|  |TAMS 0x000000070e600000, 0x000000070e600000| Complete 
| 116|0x000000070e800000, 0x000000070ea00000, 0x000000070ea00000|100%| S|  |TAMS 0x000000070e800000, 0x000000070e800000| Complete 
| 117|0x000000070ea00000, 0x000000070ec00000, 0x000000070ec00000|100%| E|CS|TAMS 0x000000070ea00000, 0x000000070ea00000| Complete 
| 118|0x000000070ec00000, 0x000000070ee00000, 0x000000070ee00000|100%| E|CS|TAMS 0x000000070ec00000, 0x000000070ec00000| Complete 
| 119|0x000000070ee00000, 0x000000070f000000, 0x000000070f000000|100%| E|CS|TAMS 0x000000070ee00000, 0x000000070ee00000| Complete 
| 120|0x000000070f000000, 0x000000070f200000, 0x000000070f200000|100%| E|CS|TAMS 0x000000070f000000, 0x000000070f000000| Complete 
| 121|0x000000070f200000, 0x000000070f400000, 0x000000070f400000|100%| E|CS|TAMS 0x000000070f200000, 0x000000070f200000| Complete 
| 122|0x000000070f400000, 0x000000070f600000, 0x000000070f600000|100%| E|CS|TAMS 0x000000070f400000, 0x000000070f400000| Complete 
| 123|0x000000070f600000, 0x000000070f800000, 0x000000070f800000|100%| E|CS|TAMS 0x000000070f600000, 0x000000070f600000| Complete 
| 124|0x000000070f800000, 0x000000070fa00000, 0x000000070fa00000|100%| E|CS|TAMS 0x000000070f800000, 0x000000070f800000| Complete 
| 125|0x000000070fa00000, 0x000000070fc00000, 0x000000070fc00000|100%| E|CS|TAMS 0x000000070fa00000, 0x000000070fa00000| Complete 
| 126|0x000000070fc00000, 0x000000070fe00000, 0x000000070fe00000|100%| E|CS|TAMS 0x000000070fc00000, 0x000000070fc00000| Complete 
| 127|0x000000070fe00000, 0x0000000710000000, 0x0000000710000000|100%| E|CS|TAMS 0x000000070fe00000, 0x000000070fe00000| Complete 
|2046|0x00000007ffc00000, 0x00000007ffd74000, 0x00000007ffe00000| 72%|OA|  |TAMS 0x00000007ffc00000, 0x00000007ffc00000| Untracked 
|2047|0x00000007ffe00000, 0x00000007ffe73000, 0x0000000800000000| 22%|CA|  |TAMS 0x00000007ffe00000, 0x00000007ffe00000| Untracked 

Card table byte_map: [0x0000000116fb8000,0x00000001177b8000] _byte_map_base: 0x00000001137b8000

Marking Bits (Prev, Next): (CMBitMap*) 0x00007f97f380ac10, (CMBitMap*) 0x00007f97f380ac50
 Prev Bits: [0x000000011b368000, 0x000000011f368000)
 Next Bits: [0x000000011f368000, 0x0000000123368000)

Polling page: 0x000000010d2d2000

Metaspace:

Usage:
  Non-class:      6.04 MB used.
      Class:    894.23 KB used.
       Both:      6.91 MB used.

Virtual space:
  Non-class space:       64.00 MB reserved,       6.12 MB ( 10%) committed,  1 nodes.
      Class space:        1.00 GB reserved,       1.00 MB ( <1%) committed,  1 nodes.
             Both:        1.06 GB reserved,       7.12 MB ( <1%) committed. 

Chunk freelists:
   Non-Class:  9.36 MB
       Class:  14.98 MB
        Both:  24.34 MB

MaxMetaspaceSize: unlimited
CompressedClassSpaceSize: 1.00 GB
Initial GC threshold: 21.00 MB
Current GC threshold: 21.00 MB
CDS: on
MetaspaceReclaimPolicy: balanced
 - commit_granule_bytes: 65536.
 - commit_granule_words: 8192.
 - virtual_space_node_default_size: 8388608.
 - enlarge_chunks_in_place: 1.
 - new_chunks_are_fully_committed: 0.
 - uncommit_free_chunks: 1.
 - use_allocation_guard: 0.
 - handle_deallocations: 1.


Internal statistics:

num_allocs_failed_limit: 0.
num_arena_births: 120.
num_arena_deaths: 0.
num_vsnodes_births: 2.
num_vsnodes_deaths: 0.
num_space_committed: 114.
num_space_uncommitted: 0.
num_chunks_returned_to_freelist: 0.
num_chunks_taken_from_freelist: 230.
num_chunk_merges: 0.
num_chunk_splits: 148.
num_chunks_enlarged: 99.
num_inconsistent_stats: 0.

CodeCache: size=49152Kb used=3316Kb max_used=3316Kb free=45835Kb
 bounds [0x0000000118368000, 0x00000001186a8000, 0x000000011b368000]
 total_blobs=1593 nmethods=1146 adapters=375
 compilation: enabled
              stopped_count=0, restarted_count=0
 full_count=0

Compilation events (20 events):
Event: 5.404 Thread 0x00007f97f2018c00 1137       1       java.lang.invoke.TypeConvertingMethodAdapter::cast (42 bytes)
Event: 5.404 Thread 0x00007f97f2018c00 nmethod 1137 0x00000001186a2110 code [0x00000001186a22e0, 0x00000001186a24a0]
Event: 5.406 Thread 0x00007f97f390ae00 1138       1       sun.reflect.generics.parser.SignatureParser::skipIdentifier (67 bytes)
Event: 5.406 Thread 0x00007f97f390ae00 nmethod 1138 0x00000001186a2610 code [0x00000001186a27e0, 0x00000001186a29a0]
Event: 5.406 Thread 0x00007f97f2018c00 1139       1       org.springframework.util.Assert::notNull (14 bytes)
Event: 5.407 Thread 0x00007f97f2018c00 nmethod 1139 0x00000001186a2b10 code [0x00000001186a2cc0, 0x00000001186a2e00]
Event: 5.407 Thread 0x00007f97f390ae00 1140       1       org.springframework.util.ConcurrentReferenceHashMap$Segment::restructureIfNecessary (56 bytes)
Event: 5.407 Thread 0x00007f97f2018c00 1141       1       org.springframework.util.ConcurrentReferenceHashMap$ReferenceManager::pollForPurge (11 bytes)
Event: 5.407 Thread 0x00007f97f2018c00 nmethod 1141 0x00000001186a2e90 code [0x00000001186a3040, 0x00000001186a3280]
Event: 5.407 Thread 0x00007f97f2018c00 1144       1       java.util.ArrayList::<init> (61 bytes)
Event: 5.407 Thread 0x00007f97f390ae00 nmethod 1140 0x00000001186a3410 code [0x00000001186a35e0, 0x00000001186a38d0]
Event: 5.407 Thread 0x00007f97f390ae00 1142       1       java.util.concurrent.locks.AbstractOwnableSynchronizer::getExclusiveOwnerThread (5 bytes)
Event: 5.407 Thread 0x00007f97f390ae00 nmethod 1142 0x00000001186a3b10 code [0x00000001186a3ca0, 0x00000001186a3d70]
Event: 5.407 Thread 0x00007f97f390ae00 1143       1       java.util.concurrent.locks.AbstractQueuedSynchronizer::setState (6 bytes)
Event: 5.407 Thread 0x00007f97f390ae00 nmethod 1143 0x00000001186a3e10 code [0x00000001186a3fa0, 0x00000001186a4070]
Event: 5.407 Thread 0x00007f97f390ae00 1145       1       sun.reflect.generics.visitor.Reifier::getFactory (5 bytes)
Event: 5.407 Thread 0x00007f97f390ae00 nmethod 1145 0x00000001186a4110 code [0x00000001186a42a0, 0x00000001186a4370]
Event: 5.407 Thread 0x00007f97f390ae00 1146       1       java.util.concurrent.locks.AbstractOwnableSynchronizer::setExclusiveOwnerThread (6 bytes)
Event: 5.407 Thread 0x00007f97f390ae00 nmethod 1146 0x00000001186a4410 code [0x00000001186a45a0, 0x00000001186a46b0]
Event: 5.407 Thread 0x00007f97f2018c00 nmethod 1144 0x00000001186a4710 code [0x00000001186a4920, 0x00000001186a4eb0]

GC Heap History (1 events):
Event: 5.408 GC heap before
{Heap before GC invocations=0 (full 0):
 garbage-first heap   total 266240K, used 22428K [0x0000000700000000, 0x0000000800000000)
  region size 2048K, 11 young (22528K), 0 survivors (0K)
 Metaspace       used 7076K, committed 7296K, reserved 1114112K
  class space    used 894K, committed 1024K, reserved 1048576K
}

Dll operation events (10 events):
Event: 0.007 Loaded shared library /Users/beratkulcu/Library/Java/JavaVirtualMachines/corretto-17.0.10/Contents/Home/lib/libjava.dylib
Event: 0.076 Loaded shared library /Users/beratkulcu/Library/Java/JavaVirtualMachines/corretto-17.0.10/Contents/Home/lib/libzip.dylib
Event: 0.077 Loaded shared library /Users/beratkulcu/Library/Java/JavaVirtualMachines/corretto-17.0.10/Contents/Home/lib/libinstrument.dylib
Event: 0.081 Loaded shared library /Users/beratkulcu/Library/Java/JavaVirtualMachines/corretto-17.0.10/Contents/Home/lib/libnio.dylib
Event: 0.085 Loaded shared library /Users/beratkulcu/Library/Java/JavaVirtualMachines/corretto-17.0.10/Contents/Home/lib/libzip.dylib
Event: 0.142 Loaded shared library /Users/beratkulcu/Library/Java/JavaVirtualMachines/corretto-17.0.10/Contents/Home/lib/libnet.dylib
Event: 0.144 Loaded shared library /Users/beratkulcu/Library/Java/JavaVirtualMachines/corretto-17.0.10/Contents/Home/lib/libjimage.dylib
Event: 0.153 Loaded shared library /Users/beratkulcu/Library/Java/JavaVirtualMachines/corretto-17.0.10/Contents/Home/lib/libextnet.dylib
Event: 0.158 Loaded shared library /Users/beratkulcu/Library/Java/JavaVirtualMachines/corretto-17.0.10/Contents/Home/lib/libmanagement.dylib
Event: 0.168 Loaded shared library /Users/beratkulcu/Library/Java/JavaVirtualMachines/corretto-17.0.10/Contents/Home/lib/libmanagement_ext.dylib

Deoptimization events (0 events):
No events

Classes unloaded (0 events):
No events

Classes redefined (0 events):
No events

Internal exceptions (19 events):
Event: 0.146 Thread 0x00007f97f302a800 Exception <a 'java/lang/NoSuchMethodError'{0x000000070f9a5158}: 'java.lang.Object java.lang.invoke.DirectMethodHandle$Holder.invokeStaticInit(java.lang.Object)'> (0x000000070f9a5158) 
thrown [src/hotspot/share/interpreter/linkResolver.cpp, line 759]
Event: 0.160 Thread 0x00007f97f302a800 Exception <a 'java/lang/NoSuchMethodError'{0x000000070f9b3968}: 'void java.lang.invoke.DirectMethodHandle$Holder.invokeStatic(java.lang.Object, java.lang.Object)'> (0x000000070f9b3968) 
thrown [src/hotspot/share/interpreter/linkResolver.cpp, line 759]
Event: 0.172 Thread 0x00007f97f300b200 Exception <a 'java/lang/NoSuchMethodError'{0x000000070f9648d0}: 'int java.lang.invoke.DirectMethodHandle$Holder.invokeInterface(java.lang.Object, java.lang.Object)'> (0x000000070f9648d0) 
thrown [src/hotspot/share/interpreter/linkResolver.cpp, line 759]
Event: 0.172 Thread 0x00007f97f300b200 Exception <a 'java/lang/IncompatibleClassChangeError'{0x000000070f967ed0}: Found class java.lang.Object, but interface was expected> (0x000000070f967ed0) 
thrown [src/hotspot/share/interpreter/linkResolver.cpp, line 826]
Event: 0.216 Thread 0x00007f97f300b200 Exception <a 'java/lang/NoSuchMethodError'{0x000000070f6b5c38}: 'int java.lang.invoke.DirectMethodHandle$Holder.invokeSpecial(java.lang.Object, java.lang.Object, java.lang.Object)'> (0x000000070f6b5c38) 
thrown [src/hotspot/share/interpreter/linkResolver.cpp, line 759]
Event: 0.248 Thread 0x00007f97f300b200 Exception <a 'java/lang/NoSuchMethodError'{0x000000070f45ae78}: 'void java.lang.invoke.DirectMethodHandle$Holder.invokeStatic(java.lang.Object, java.lang.Object, java.lang.Object)'> (0x000000070f45ae78) 
thrown [src/hotspot/share/interpreter/linkResolver.cpp, line 759]
Event: 0.255 Thread 0x00007f97f300b200 Exception <a 'java/lang/NoSuchMethodError'{0x000000070f497c18}: 'int java.lang.invoke.DirectMethodHandle$Holder.invokeSpecialIFC(java.lang.Object, java.lang.Object, java.lang.Object)'> (0x000000070f497c18) 
thrown [src/hotspot/share/interpreter/linkResolver.cpp, line 759]
Event: 1.178 Thread 0x00007f97f38a4600 Exception <a 'java/lang/NoSuchMethodError'{0x000000070f2508f8}: 'java.lang.Object java.lang.invoke.DirectMethodHandle$Holder.invokeStaticInit(java.lang.Object, int)'> (0x000000070f2508f8) 
thrown [src/hotspot/share/interpreter/linkResolver.cpp, line 759]
Event: 5.279 Thread 0x00007f97f300b200 Exception <a 'java/lang/ClassNotFoundException'{0x000000070f52fd80}: javax/management/remote/rmi/RMIServerImpl_Skel> (0x000000070f52fd80) 
thrown [src/hotspot/share/classfile/systemDictionary.cpp, line 256]
Event: 5.324 Thread 0x00007f97f300b200 Exception <a 'java/lang/ClassNotFoundException'{0x000000070f1cc100}: javax/smartcardio/CardPermission> (0x000000070f1cc100) 
thrown [src/hotspot/share/classfile/systemDictionary.cpp, line 256]
Event: 5.325 Thread 0x00007f97f300b200 Exception <a 'java/io/FileNotFoundException'{0x000000070f1d9c10}> (0x000000070f1d9c10) 
thrown [src/hotspot/share/prims/jni.cpp, line 516]
Event: 5.333 Thread 0x00007f97f300b200 Exception <a 'java/lang/NoSuchMethodError'{0x000000070ee36bb0}: 'java.lang.Object java.lang.invoke.DirectMethodHandle$Holder.invokeSpecial(java.lang.Object, java.lang.Object, java.lang.Object, long, java.lang.Object)'> (0x000000070ee36bb0) 
thrown [src/hotspot/share/interpreter/linkResolver.cpp, line 759]
Event: 5.333 Thread 0x00007f97f300b200 Exception <a 'java/lang/NoSuchMethodError'{0x000000070ee3a780}: 'java.lang.Object java.lang.invoke.Invokers$Holder.linkToTargetMethod(java.lang.Object, long, java.lang.Object, java.lang.Object)'> (0x000000070ee3a780) 
thrown [src/hotspot/share/interpreter/linkResolver.cpp, line 759]
Event: 5.355 Thread 0x00007f97f300b200 Exception <a 'java/lang/NoSuchMethodError'{0x000000070efbddd8}: 'void java.lang.invoke.DirectMethodHandle$Holder.invokeStatic(java.lang.Object, java.lang.Object, java.lang.Object, java.lang.Object)'> (0x000000070efbddd8) 
thrown [src/hotspot/share/interpreter/linkResolver.cpp, line 759]
Event: 5.372 Thread 0x00007f97f300b200 Exception <a 'java/lang/NoSuchMethodError'{0x000000070ecec988}: 'int java.lang.invoke.DirectMethodHandle$Holder.invokeStaticInit(java.lang.Object, java.lang.Object)'> (0x000000070ecec988) 
thrown [src/hotspot/share/interpreter/linkResolver.cpp, line 759]
Event: 5.375 Thread 0x00007f97f300b200 Exception <a 'java/lang/NoSuchMethodError'{0x000000070ed41348}: 'void java.lang.invoke.DirectMethodHandle$Holder.invokeInterface(java.lang.Object, java.lang.Object, java.lang.Object, java.lang.Object)'> (0x000000070ed41348) 
thrown [src/hotspot/share/interpreter/linkResolver.cpp, line 759]
Event: 5.397 Thread 0x00007f97f300b200 Exception <a 'java/lang/NoSuchMethodError'{0x000000070eb1f6d8}: 'java.lang.Object java.lang.invoke.DirectMethodHandle$Holder.invokeInterface(java.lang.Object, java.lang.Object)'> (0x000000070eb1f6d8) 
thrown [src/hotspot/share/interpreter/linkResolver.cpp, line 759]
Event: 5.401 Thread 0x00007f97f300b200 Exception <a 'java/lang/NoSuchMethodError'{0x000000070eb77a10}: 'java.lang.Object java.lang.invoke.DirectMethodHandle$Holder.invokeSpecialIFC(java.lang.Object, java.lang.Object, java.lang.Object, java.lang.Object)'> (0x000000070eb77a10) 
thrown [src/hotspot/share/interpreter/linkResolver.cpp, line 759]
Event: 5.403 Thread 0x00007f97f300b200 Exception <a 'java/lang/NoSuchMethodError'{0x000000070eb9c3a0}: 'java.lang.Object java.lang.invoke.DirectMethodHandle$Holder.invokeInterface(java.lang.Object, java.lang.Object, java.lang.Object)'> (0x000000070eb9c3a0) 
thrown [src/hotspot/share/interpreter/linkResolver.cpp, line 759]

VM Operations (20 events):
Event: 0.061 Executing VM operation: HandshakeAllThreads done
Event: 0.143 Executing VM operation: HandshakeAllThreads
Event: 0.143 Executing VM operation: HandshakeAllThreads done
Event: 0.167 Executing VM operation: HandshakeAllThreads
Event: 0.167 Executing VM operation: HandshakeAllThreads done
Event: 0.176 Executing VM operation: HandshakeAllThreads
Event: 0.176 Executing VM operation: HandshakeAllThreads done
Event: 0.263 Executing VM operation: HandshakeAllThreads
Event: 0.263 Executing VM operation: HandshakeAllThreads done
Event: 1.058 Executing VM operation: Cleanup
Event: 1.059 Executing VM operation: Cleanup done
Event: 2.060 Executing VM operation: Cleanup
Event: 2.060 Executing VM operation: Cleanup done
Event: 5.289 Executing VM operation: HandshakeAllThreads
Event: 5.289 Executing VM operation: HandshakeAllThreads done
Event: 5.289 Executing VM operation: Cleanup
Event: 5.289 Executing VM operation: Cleanup done
Event: 5.308 Executing VM operation: HandshakeAllThreads
Event: 5.308 Executing VM operation: HandshakeAllThreads done
Event: 5.407 Executing VM operation: G1CollectForAllocation

Events (20 events):
Event: 5.396 loading class java/util/concurrent/CountDownLatch
Event: 5.396 loading class java/util/concurrent/CountDownLatch done
Event: 5.396 loading class java/util/concurrent/CountDownLatch$Sync
Event: 5.396 loading class java/util/concurrent/CountDownLatch$Sync done
Event: 5.397 loading class java/lang/StackStreamFactory
Event: 5.397 loading class java/lang/StackStreamFactory done
Event: 5.397 loading class java/lang/StackWalker$ExtendedOption
Event: 5.397 loading class java/lang/StackWalker$ExtendedOption done
Event: 5.397 loading class java/lang/StackStreamFactory$StackFrameTraverser
Event: 5.397 loading class java/lang/StackStreamFactory$StackFrameTraverser done
Event: 5.397 loading class java/lang/StackStreamFactory$WalkerState
Event: 5.397 loading class java/lang/StackStreamFactory$WalkerState done
Event: 5.397 loading class java/lang/StackStreamFactory$1
Event: 5.397 loading class java/lang/StackStreamFactory$1 done
Event: 5.397 loading class java/lang/StackStreamFactory$StackFrameTraverser$StackFrameBuffer
Event: 5.397 loading class java/lang/StackStreamFactory$FrameBuffer
Event: 5.397 loading class java/lang/StackStreamFactory$FrameBuffer done
Event: 5.397 loading class java/lang/StackStreamFactory$StackFrameTraverser$StackFrameBuffer done
Event: 5.400 loading class java/util/concurrent/RejectedExecutionException
Event: 5.400 loading class java/util/concurrent/RejectedExecutionException done


Dynamic libraries:
0x000000010d2b0000 	/Users/beratkulcu/Library/Java/JavaVirtualMachines/corretto-17.0.10/Contents/Home/lib/libjli.dylib
0x00007ff814775000 	/usr/lib/libz.1.dylib
0x00007ff814855000 	/usr/lib/libSystem.B.dylib
0x00007ff814850000 	/usr/lib/system/libcache.dylib
0x00007ff81480c000 	/usr/lib/system/libcommonCrypto.dylib
0x00007ff814835000 	/usr/lib/system/libcompiler_rt.dylib
0x00007ff81482b000 	/usr/lib/system/libcopyfile.dylib
0x00007ff8097de000 	/usr/lib/system/libcorecrypto.dylib
0x00007ff80989c000 	/usr/lib/system/libdispatch.dylib
0x00007ff809a5d000 	/usr/lib/system/libdyld.dylib
0x00007ff814847000 	/usr/lib/system/libkeymgr.dylib
0x00007ff8147ea000 	/usr/lib/system/libmacho.dylib
0x00007ff813e6b000 	/usr/lib/system/libquarantine.dylib
0x00007ff814845000 	/usr/lib/system/libremovefile.dylib
0x00007ff80e9f6000 	/usr/lib/system/libsystem_asl.dylib
0x00007ff809787000 	/usr/lib/system/libsystem_blocks.dylib
0x00007ff809921000 	/usr/lib/system/libsystem_c.dylib
0x00007ff81483d000 	/usr/lib/system/libsystem_collections.dylib
0x00007ff81311f000 	/usr/lib/system/libsystem_configuration.dylib
0x00007ff8123c8000 	/usr/lib/system/libsystem_containermanager.dylib
0x00007ff814522000 	/usr/lib/system/libsystem_coreservices.dylib
0x00007ff80c094000 	/usr/lib/system/libsystem_darwin.dylib
0x00007ff814848000 	/usr/lib/system/libsystem_dnssd.dylib
0x00007ff80991e000 	/usr/lib/system/libsystem_featureflags.dylib
0x00007ff809a73000 	/usr/lib/system/libsystem_info.dylib
0x00007ff814788000 	/usr/lib/system/libsystem_m.dylib
0x00007ff809870000 	/usr/lib/system/libsystem_malloc.dylib
0x00007ff80e991000 	/usr/lib/system/libsystem_networkextension.dylib
0x00007ff80c4be000 	/usr/lib/system/libsystem_notify.dylib
0x00007ff81aac9000 	/usr/lib/system/libsystem_product_info_filter.dylib
0x00007ff813123000 	/usr/lib/system/libsystem_sandbox.dylib
0x00007ff814842000 	/usr/lib/system/libsystem_secinit.dylib
0x00007ff809a19000 	/usr/lib/system/libsystem_kernel.dylib
0x00007ff809a69000 	/usr/lib/system/libsystem_platform.dylib
0x00007ff809a51000 	/usr/lib/system/libsystem_pthread.dylib
0x00007ff810244000 	/usr/lib/system/libsystem_symptoms.dylib
0x00007ff8097c5000 	/usr/lib/system/libsystem_trace.dylib
0x00007ff814818000 	/usr/lib/system/libunwind.dylib
0x00007ff809789000 	/usr/lib/system/libxpc.dylib
0x00007ff809a03000 	/usr/lib/libc++abi.dylib
0x00007ff8098e3000 	/usr/lib/libobjc.A.dylib
0x00007ff814823000 	/usr/lib/liboah.dylib
0x00007ff8099aa000 	/usr/lib/libc++.1.dylib
0x00007ff8208de000 	/System/Library/Frameworks/Cocoa.framework/Versions/A/Cocoa
0x00007ff80c51c000 	/System/Library/Frameworks/AppKit.framework/Versions/C/AppKit
0x00007ff80fa32000 	/System/Library/Frameworks/CoreData.framework/Versions/A/CoreData
0x00007ff80a91b000 	/System/Library/Frameworks/Foundation.framework/Versions/C/Foundation
0x00007ff80d3ac000 	/System/Library/PrivateFrameworks/UIFoundation.framework/Versions/A/UIFoundation
0x00007ff81a7cc000 	/System/Library/PrivateFrameworks/RemoteViewServices.framework/Versions/A/RemoteViewServices
0x00007ff812aa8000 	/System/Library/PrivateFrameworks/XCTTargetBootstrap.framework/Versions/A/XCTTargetBootstrap
0x00007ff816662000 	/System/Library/PrivateFrameworks/InternationalSupport.framework/Versions/A/InternationalSupport
0x00007ff8166ec000 	/System/Library/PrivateFrameworks/UserActivity.framework/Versions/A/UserActivity
0x00007ff815a3d000 	/usr/lib/libspindump.dylib
0x00007ff80d63b000 	/System/Library/Frameworks/UniformTypeIdentifiers.framework/Versions/A/UniformTypeIdentifiers
0x00007ff8111cd000 	/usr/lib/libapp_launch_measurement.dylib
0x00007ff810404000 	/System/Library/PrivateFrameworks/CoreAnalytics.framework/Versions/A/CoreAnalytics
0x00007ff8111d0000 	/System/Library/PrivateFrameworks/CoreAutoLayout.framework/Versions/A/CoreAutoLayout
0x00007ff812400000 	/System/Library/Frameworks/Metal.framework/Versions/A/Metal
0x00007ff81312f000 	/usr/lib/liblangid.dylib
0x00007ff812aad000 	/System/Library/PrivateFrameworks/CoreSVG.framework/Versions/A/CoreSVG
0x00007ff80ea26000 	/System/Library/PrivateFrameworks/SkyLight.framework/Versions/A/SkyLight
0x00007ff80edc5000 	/System/Library/Frameworks/CoreGraphics.framework/Versions/A/CoreGraphics
0x00007ff81ae8c000 	/System/Library/Frameworks/Accelerate.framework/Versions/A/Accelerate
0x00007ff8154bc000 	/System/Library/PrivateFrameworks/IconServices.framework/Versions/A/IconServices
0x00007ff8123e5000 	/System/Library/Frameworks/IOSurface.framework/Versions/A/IOSurface
0x00007ff810432000 	/usr/lib/libDiagnosticMessagesClient.dylib
0x00007ff81e582000 	/System/Library/Frameworks/ApplicationServices.framework/Versions/A/ApplicationServices
0x00007ff812a94000 	/System/Library/PrivateFrameworks/DFRFoundation.framework/Versions/A/DFRFoundation
0x00007ff80be00000 	/usr/lib/libicucore.A.dylib
0x00007ff817458000 	/System/Library/Frameworks/AudioToolbox.framework/Versions/A/AudioToolbox
0x00007ff81666e000 	/System/Library/PrivateFrameworks/DataDetectorsCore.framework/Versions/A/DataDetectorsCore
0x00007ff912b71000 	/System/Library/PrivateFrameworks/TextInput.framework/Versions/A/TextInput
0x00007ff80e9a9000 	/usr/lib/libMobileGestalt.dylib
0x00007ff8127a0000 	/System/Library/Frameworks/Carbon.framework/Versions/A/Frameworks/HIToolbox.framework/Versions/A/HIToolbox
0x00007ff810bcf000 	/System/Library/Frameworks/QuartzCore.framework/Versions/A/QuartzCore
0x00007ff80baa5000 	/System/Library/Frameworks/Security.framework/Versions/A/Security
0x00007ff81a804000 	/System/Library/Frameworks/Carbon.framework/Versions/A/Frameworks/SpeechRecognition.framework/Versions/A/SpeechRecognition
0x00007ff810f2d000 	/System/Library/PrivateFrameworks/CoreUI.framework/Versions/A/CoreUI
0x00007ff80b36f000 	/System/Library/Frameworks/CoreAudio.framework/Versions/A/CoreAudio
0x00007ff810521000 	/System/Library/Frameworks/DiskArbitration.framework/Versions/A/DiskArbitration
0x00007ff815e2e000 	/System/Library/PrivateFrameworks/MultitouchSupport.framework/Versions/A/MultitouchSupport
0x00007ff80e9a8000 	/usr/lib/libenergytrace.dylib
0x00007ff80c404000 	/System/Library/Frameworks/IOKit.framework/Versions/A/IOKit
0x00007ff81abf4000 	/System/Library/Frameworks/CoreServices.framework/Versions/A/CoreServices
0x00007ff811167000 	/System/Library/PrivateFrameworks/PerformanceAnalysis.framework/Versions/A/PerformanceAnalysis
0x00007ffa22842000 	/System/Library/Frameworks/OpenGL.framework/Versions/A/OpenGL
0x00007ff813d91000 	/System/Library/PrivateFrameworks/MobileKeyBag.framework/Versions/A/MobileKeyBag
0x00007ff80f491000 	/System/Library/Frameworks/ColorSync.framework/Versions/A/ColorSync
0x00007ff809a9e000 	/System/Library/Frameworks/CoreFoundation.framework/Versions/A/CoreFoundation
0x00007ff812d25000 	/System/Library/Frameworks/CoreImage.framework/Versions/A/CoreImage
0x00007ff80b183000 	/System/Library/Frameworks/CoreText.framework/Versions/A/CoreText
0x00007ff812add000 	/System/Library/Frameworks/ImageIO.framework/Versions/A/ImageIO
0x00007ff81485b000 	/System/Library/PrivateFrameworks/SoftLinking.framework/Versions/A/SoftLinking
0x00007ff811218000 	/usr/lib/libxml2.2.dylib
0x00007ff814adf000 	/usr/lib/libcompression.dylib
0x00007ff816595000 	/System/Library/PrivateFrameworks/TextureIO.framework/Versions/A/TextureIO
0x00007ff8151cd000 	/usr/lib/libate.dylib
0x00007ff814fa9000 	/usr/lib/liblzma.5.dylib
0x00007ff80a62d000 	/System/Library/Frameworks/SystemConfiguration.framework/Versions/A/SystemConfiguration
0x00007ff814857000 	/usr/lib/libfakelink.dylib
0x00007ff80e502000 	/System/Library/Frameworks/CFNetwork.framework/Versions/A/CFNetwork
0x00007ff814998000 	/usr/lib/libarchive.2.dylib
0x00007ff81312b000 	/System/Library/PrivateFrameworks/AppleSystemInfo.framework/Versions/A/AppleSystemInfo
0x00007ff813e92000 	/usr/lib/libbsm.0.dylib
0x00007ff80db11000 	/usr/lib/libnetwork.dylib
0x00007ff8147f0000 	/usr/lib/system/libkxld.dylib
0x00007ff813ac5000 	/System/Library/PrivateFrameworks/IOMobileFramebuffer.framework/Versions/A/IOMobileFramebuffer
0x00007ffb221f9000 	/usr/lib/libCoreEntitlements.dylib
0x00007ff814504000 	/System/Library/PrivateFrameworks/AppleFSCompression.framework/Versions/A/AppleFSCompression
0x00007ff813e7a000 	/usr/lib/libcoretls.dylib
0x00007ff814fc3000 	/usr/lib/libcoretls_cfhelpers.dylib
0x00007ff814ad9000 	/usr/lib/libpam.2.dylib
0x00007ff80fe63000 	/usr/lib/libsqlite3.dylib
0x00007ff815032000 	/usr/lib/libxar.1.dylib
0x00007ff814514000 	/usr/lib/libbz2.1.0.dylib
0x00007ff81485c000 	/usr/lib/libpcap.A.dylib
0x00007ff81023c000 	/usr/lib/libdns_services.dylib
0x00007ff814aa9000 	/usr/lib/libapple_nghttp2.dylib
0x00007ff814896000 	/usr/lib/libiconv.2.dylib
0x00007ff8147e9000 	/usr/lib/libcharset.1.dylib
0x00007ff81119b000 	/System/Library/Frameworks/CoreServices.framework/Versions/A/Frameworks/FSEvents.framework/Versions/A/FSEvents
0x00007ff80c09e000 	/System/Library/Frameworks/CoreServices.framework/Versions/A/Frameworks/CarbonCore.framework/Versions/A/CarbonCore
0x00007ff810485000 	/System/Library/Frameworks/CoreServices.framework/Versions/A/Frameworks/Metadata.framework/Versions/A/Metadata
0x00007ff814527000 	/System/Library/Frameworks/CoreServices.framework/Versions/A/Frameworks/OSServices.framework/Versions/A/OSServices
0x00007ff814a1e000 	/System/Library/Frameworks/CoreServices.framework/Versions/A/Frameworks/SearchKit.framework/Versions/A/SearchKit
0x00007ff8101ce000 	/System/Library/Frameworks/CoreServices.framework/Versions/A/Frameworks/AE.framework/Versions/A/AE
0x00007ff809fa1000 	/System/Library/Frameworks/CoreServices.framework/Versions/A/Frameworks/LaunchServices.framework/Versions/A/LaunchServices
0x00007ff814f5a000 	/System/Library/Frameworks/CoreServices.framework/Versions/A/Frameworks/DictionaryServices.framework/Versions/A/DictionaryServices
0x00007ff8111a8000 	/System/Library/Frameworks/CoreServices.framework/Versions/A/Frameworks/SharedFileList.framework/Versions/A/SharedFileList
0x00007ff813e6e000 	/usr/lib/libCheckFix.dylib
0x00007ff80ea0d000 	/System/Library/PrivateFrameworks/TCC.framework/Versions/A/TCC
0x00007ff813131000 	/System/Library/PrivateFrameworks/CoreNLP.framework/Versions/A/CoreNLP
0x00007ff810435000 	/System/Library/PrivateFrameworks/MetadataUtilities.framework/Versions/A/MetadataUtilities
0x00007ff80a6de000 	/usr/lib/libmecabra.dylib
0x00007ff813ea2000 	/usr/lib/libmecab.dylib
0x00007ff80a6a9000 	/usr/lib/libCRFSuite.dylib
0x00007ff813efc000 	/usr/lib/libgermantok.dylib
0x00007ff814a84000 	/usr/lib/libThaiTokenizer.dylib
0x00007ff810528000 	/System/Library/Frameworks/Accelerate.framework/Versions/A/Frameworks/vImage.framework/Versions/A/vImage
0x00007ff81abcb000 	/System/Library/Frameworks/Accelerate.framework/Versions/A/Frameworks/vecLib.framework/Versions/A/vecLib
0x00007ff815073000 	/System/Library/Frameworks/Accelerate.framework/Versions/A/Frameworks/vecLib.framework/Versions/A/libvMisc.dylib
0x00007ff8138f0000 	/System/Library/Frameworks/Accelerate.framework/Versions/A/Frameworks/vecLib.framework/Versions/A/libvDSP.dylib
0x00007ff80a31d000 	/System/Library/Frameworks/Accelerate.framework/Versions/A/Frameworks/vecLib.framework/Versions/A/libBLAS.dylib
0x00007ff814bbc000 	/System/Library/Frameworks/Accelerate.framework/Versions/A/Frameworks/vecLib.framework/Versions/A/libLAPACK.dylib
0x00007ff813eff000 	/System/Library/Frameworks/Accelerate.framework/Versions/A/Frameworks/vecLib.framework/Versions/A/libLinearAlgebra.dylib
0x00007ff814ac1000 	/System/Library/Frameworks/Accelerate.framework/Versions/A/Frameworks/vecLib.framework/Versions/A/libSparseBLAS.dylib
0x00007ff814bb6000 	/System/Library/Frameworks/Accelerate.framework/Versions/A/Frameworks/vecLib.framework/Versions/A/libQuadrature.dylib
0x00007ff81321c000 	/System/Library/Frameworks/Accelerate.framework/Versions/A/Frameworks/vecLib.framework/Versions/A/libBNNS.dylib
0x00007ff80a5b7000 	/System/Library/Frameworks/Accelerate.framework/Versions/A/Frameworks/vecLib.framework/Versions/A/libSparse.dylib
0x00007ff813215000 	/System/Library/PrivateFrameworks/LinguisticData.framework/Versions/A/LinguisticData
0x00007ff80a56d000 	/System/Library/PrivateFrameworks/Lexicon.framework/Versions/A/Lexicon
0x00007ff81506c000 	/usr/lib/libChineseTokenizer.dylib
0x00007ff80acd8000 	/System/Library/PrivateFrameworks/LanguageModeling.framework/Versions/A/LanguageModeling
0x00007ff814a86000 	/System/Library/PrivateFrameworks/AppleSauce.framework/Versions/A/AppleSauce
0x00007ff813ab3000 	/System/Library/PrivateFrameworks/CoreEmoji.framework/Versions/A/CoreEmoji
0x00007ff814987000 	/usr/lib/libcmph.dylib
0x00007ff81117f000 	/System/Library/Frameworks/OpenDirectory.framework/Versions/A/Frameworks/CFOpenDirectory.framework/Versions/A/CFOpenDirectory
0x00007ff811173000 	/System/Library/Frameworks/OpenDirectory.framework/Versions/A/OpenDirectory
0x00007ff814fc5000 	/System/Library/PrivateFrameworks/APFS.framework/Versions/A/APFS
0x00007ff813dc9000 	/System/Library/Frameworks/SecurityFoundation.framework/Versions/A/SecurityFoundation
0x00007ff815040000 	/usr/lib/libutil.dylib
0x00007ff80c3c8000 	/System/Library/PrivateFrameworks/CoreServicesStore.framework/Versions/A/CoreServicesStore
0x00007ff815044000 	/usr/lib/libxslt.1.dylib
0x00007ff813e56000 	/System/Library/PrivateFrameworks/BackgroundTaskManagement.framework/Versions/A/BackgroundTaskManagement
0x00007ff8164b5000 	/System/Library/Frameworks/ImageIO.framework/Versions/A/Resources/libRadiance.dylib
0x00007ff8164be000 	/System/Library/Frameworks/ImageIO.framework/Versions/A/Resources/libJPEG.dylib
0x00007ff81640d000 	/System/Library/Frameworks/ImageIO.framework/Versions/A/Resources/libPng.dylib
0x00007ff81642e000 	/System/Library/Frameworks/ImageIO.framework/Versions/A/Resources/libTIFF.dylib
0x00007ff81651e000 	/System/Library/Frameworks/ImageIO.framework/Versions/A/Resources/libGIF.dylib
0x00007ff815d47000 	/System/Library/Frameworks/ImageIO.framework/Versions/A/Resources/libJP2.dylib
0x00007ff815482000 	/usr/lib/libexpat.1.dylib
0x00007ff815cfc000 	/System/Library/PrivateFrameworks/AppleJPEG.framework/Versions/A/AppleJPEG
0x00007ff812665000 	/System/Library/PrivateFrameworks/FontServices.framework/libFontParser.dylib
0x00007ff810178000 	/System/Library/PrivateFrameworks/RunningBoardServices.framework/Versions/A/RunningBoardServices
0x00007ff820e99000 	/System/Library/PrivateFrameworks/IOSurfaceAccelerator.framework/Versions/A/IOSurfaceAccelerator
0x00007ff815e2a000 	/System/Library/PrivateFrameworks/WatchdogClient.framework/Versions/A/WatchdogClient
0x00007ff80adc6000 	/System/Library/Frameworks/CoreDisplay.framework/Versions/A/CoreDisplay
0x00007ff812563000 	/System/Library/Frameworks/CoreMedia.framework/Versions/A/CoreMedia
0x00007ff8123f7000 	/System/Library/PrivateFrameworks/IOAccelerator.framework/Versions/A/IOAccelerator
0x00007ff8112fc000 	/System/Library/Frameworks/CoreVideo.framework/Versions/A/CoreVideo
0x00007ff814ad7000 	/System/Library/Frameworks/MetalPerformanceShaders.framework/Versions/A/MetalPerformanceShaders
0x00007ff815e67000 	/System/Library/Frameworks/VideoToolbox.framework/Versions/A/VideoToolbox
0x00007ff8100c2000 	/System/Library/PrivateFrameworks/BaseBoard.framework/Versions/A/BaseBoard
0x00007ff80fe49000 	/System/Library/PrivateFrameworks/ProtocolBuffer.framework/Versions/A/ProtocolBuffer
0x00007ff8164ae000 	/System/Library/PrivateFrameworks/GPUWrangler.framework/Versions/A/GPUWrangler
0x00007ff816492000 	/System/Library/PrivateFrameworks/IOPresentment.framework/Versions/A/IOPresentment
0x00007ff8164b8000 	/System/Library/PrivateFrameworks/DSExternalDisplay.framework/Versions/A/DSExternalDisplay
0x00007ffa22836000 	/System/Library/Frameworks/OpenGL.framework/Versions/A/Libraries/libCoreFSCache.dylib
0x00007ffb0f90c000 	/System/Library/PrivateFrameworks/GPUCompiler.framework/Versions/31001/Libraries/libGPUCompilerUtils.dylib
0x00007ff816523000 	/System/Library/PrivateFrameworks/CMCaptureCore.framework/Versions/A/CMCaptureCore
0x00007ff815a2b000 	/System/Library/PrivateFrameworks/AppServerSupport.framework/Versions/A/AppServerSupport
0x00007ff817cf1000 	/System/Library/PrivateFrameworks/perfdata.framework/Versions/A/perfdata
0x00007ff80aef2000 	/System/Library/PrivateFrameworks/AudioToolboxCore.framework/Versions/A/AudioToolboxCore
0x00007ff812541000 	/System/Library/PrivateFrameworks/caulk.framework/Versions/A/caulk
0x00007ff817603000 	/usr/lib/libAudioStatistics.dylib
0x00007ff90f2f6000 	/System/Library/PrivateFrameworks/SystemPolicy.framework/Versions/A/SystemPolicy
0x00007ff81785e000 	/usr/lib/libSMC.dylib
0x00007ff820791000 	/System/Library/Frameworks/CoreMIDI.framework/Versions/A/CoreMIDI
0x00007ff8163dc000 	/usr/lib/libAudioToolboxUtility.dylib
0x00007ff90b51a000 	/System/Library/PrivateFrameworks/OSAServicesClient.framework/Versions/A/OSAServicesClient
0x00007ff817cfe000 	/usr/lib/libperfcheck.dylib
0x00007ff90fda7000 	/usr/lib/libmis.dylib
0x00007ffa22891000 	/System/Library/Frameworks/OpenGL.framework/Versions/A/Libraries/libGLU.dylib
0x00007ffa22855000 	/System/Library/Frameworks/OpenGL.framework/Versions/A/Libraries/libGFXShared.dylib
0x00007ffa22a5e000 	/System/Library/Frameworks/OpenGL.framework/Versions/A/Libraries/libGL.dylib
0x00007ffa2285e000 	/System/Library/Frameworks/OpenGL.framework/Versions/A/Libraries/libGLImage.dylib
0x00007ffa22852000 	/System/Library/Frameworks/OpenGL.framework/Versions/A/Libraries/libCVMSPluginSupport.dylib
0x00007ffa2283d000 	/System/Library/Frameworks/OpenGL.framework/Versions/A/Libraries/libCoreVMClient.dylib
0x00007ff8130ad000 	/System/Library/Frameworks/MetalPerformanceShaders.framework/Versions/A/Frameworks/MPSCore.framework/Versions/A/MPSCore
0x00007ff81446f000 	/System/Library/Frameworks/MetalPerformanceShaders.framework/Versions/A/Frameworks/MPSImage.framework/Versions/A/MPSImage
0x00007ff813f15000 	/System/Library/Frameworks/MetalPerformanceShaders.framework/Versions/A/Frameworks/MPSNeuralNetwork.framework/Versions/A/MPSNeuralNetwork
0x00007ff814389000 	/System/Library/Frameworks/MetalPerformanceShaders.framework/Versions/A/Frameworks/MPSMatrix.framework/Versions/A/MPSMatrix
0x00007ff814144000 	/System/Library/Frameworks/MetalPerformanceShaders.framework/Versions/A/Frameworks/MPSRayIntersector.framework/Versions/A/MPSRayIntersector
0x00007ff8143c1000 	/System/Library/Frameworks/MetalPerformanceShaders.framework/Versions/A/Frameworks/MPSNDArray.framework/Versions/A/MPSNDArray
0x00007ffa28316000 	/System/Library/Frameworks/MetalPerformanceShaders.framework/Versions/A/Frameworks/MPSFunctions.framework/Versions/A/MPSFunctions
0x00007ff80a1f9000 	/System/Library/PrivateFrameworks/MetalTools.framework/Versions/A/MetalTools
0x00007ff813129000 	/System/Library/PrivateFrameworks/AggregateDictionary.framework/Versions/A/AggregateDictionary
0x00007ff815264000 	/usr/lib/libIOReport.dylib
0x00007ffa23e6d000 	/System/Library/Frameworks/OpenCL.framework/Versions/A/OpenCL
0x00007ff8155c9000 	/System/Library/PrivateFrameworks/FaceCore.framework/Versions/A/FaceCore
0x00007ff8155ba000 	/System/Library/PrivateFrameworks/GraphVisualizer.framework/Versions/A/GraphVisualizer
0x00007ffb0f817000 	/System/Library/PrivateFrameworks/FontServices.framework/Versions/A/FontServices
0x00007ff8159e3000 	/System/Library/PrivateFrameworks/OTSVG.framework/Versions/A/OTSVG
0x00007ff810ee2000 	/System/Library/Frameworks/ApplicationServices.framework/Versions/A/Frameworks/ATS.framework/Versions/A/Resources/libFontRegistry.dylib
0x00007ff815a33000 	/System/Library/PrivateFrameworks/FontServices.framework/libhvf.dylib
0x00007ffb0f818000 	/System/Library/PrivateFrameworks/FontServices.framework/libXTFontStaticRegistryData.dylib
0x00007ff815432000 	/System/Library/PrivateFrameworks/AppleVA.framework/Versions/A/AppleVA
0x00007ff817623000 	/System/Library/Frameworks/ApplicationServices.framework/Versions/A/Frameworks/ATS.framework/Versions/A/ATS
0x00007ff80f58f000 	/System/Library/Frameworks/ApplicationServices.framework/Versions/A/Frameworks/HIServices.framework/Versions/A/HIServices
0x00007ff81652d000 	/System/Library/Frameworks/ApplicationServices.framework/Versions/A/Frameworks/PrintCore.framework/Versions/A/PrintCore
0x00007ff8179b1000 	/System/Library/Frameworks/ApplicationServices.framework/Versions/A/Frameworks/QD.framework/Versions/A/QD
0x00007ff8179a9000 	/System/Library/Frameworks/ApplicationServices.framework/Versions/A/Frameworks/ColorSyncLegacy.framework/Versions/A/ColorSyncLegacy
0x00007ff817613000 	/System/Library/Frameworks/ApplicationServices.framework/Versions/A/Frameworks/SpeechSynthesis.framework/Versions/A/SpeechSynthesis
0x00007ff8164ee000 	/System/Library/Frameworks/ApplicationServices.framework/Versions/A/Frameworks/ATSUI.framework/Versions/A/ATSUI
0x00007ff81793e000 	/usr/lib/libcups.2.dylib
0x00007ff817d0d000 	/System/Library/Frameworks/Kerberos.framework/Versions/A/Kerberos
0x00007ff817d1c000 	/System/Library/Frameworks/GSS.framework/Versions/A/GSS
0x00007ff81768f000 	/usr/lib/libresolv.9.dylib
0x00007ff815a42000 	/System/Library/PrivateFrameworks/Heimdal.framework/Versions/A/Heimdal
0x00007ff81e914000 	/System/Library/Frameworks/Kerberos.framework/Versions/A/Libraries/libHeimdalProxy.dylib
0x00007ff81024c000 	/System/Library/Frameworks/Network.framework/Versions/A/Network
0x00007ff81549d000 	/usr/lib/libheimdal-asn1.dylib
0x00007ff817d67000 	/System/Library/PrivateFrameworks/CommonAuth.framework/Versions/A/CommonAuth
0x00007ff817595000 	/System/Library/PrivateFrameworks/AudioSession.framework/Versions/A/AudioSession
0x00007ff81552d000 	/System/Library/PrivateFrameworks/MediaExperience.framework/Versions/A/MediaExperience
0x00007ff817427000 	/System/Library/PrivateFrameworks/AudioSession.framework/libSessionUtility.dylib
0x00007ff8179bd000 	/System/Library/PrivateFrameworks/AudioResourceArbitration.framework/Versions/A/AudioResourceArbitration
0x00007ff81ba3e000 	/System/Library/PrivateFrameworks/PowerLog.framework/Versions/A/PowerLog
0x00007ff8154a6000 	/System/Library/PrivateFrameworks/IconFoundation.framework/Versions/A/IconFoundation
0x00007ff81a7f4000 	/System/Library/PrivateFrameworks/SpeechRecognitionCore.framework/Versions/A/SpeechRecognitionCore
0x00007ffa0f2cf000 	/System/Library/CoreServices/Encodings/libLatin5Converter.dylib
0x000000010e3ef000 	/Users/beratkulcu/Library/Java/JavaVirtualMachines/corretto-17.0.10/Contents/Home/lib/server/libjvm.dylib
0x000000010d2e1000 	/Users/beratkulcu/Library/Java/JavaVirtualMachines/corretto-17.0.10/Contents/Home/lib/libjimage.dylib
0x000000010d304000 	/Users/beratkulcu/Library/Java/JavaVirtualMachines/corretto-17.0.10/Contents/Home/lib/libinstrument.dylib
0x000000010d346000 	/Users/beratkulcu/Library/Java/JavaVirtualMachines/corretto-17.0.10/Contents/Home/lib/libjava.dylib
0x000000010d32b000 	/Users/beratkulcu/Library/Java/JavaVirtualMachines/corretto-17.0.10/Contents/Home/lib/libzip.dylib
0x000000010dcb6000 	/Users/beratkulcu/Library/Java/JavaVirtualMachines/corretto-17.0.10/Contents/Home/lib/libnio.dylib
0x000000010dcf0000 	/Users/beratkulcu/Library/Java/JavaVirtualMachines/corretto-17.0.10/Contents/Home/lib/libnet.dylib
0x000000010dc9b000 	/Users/beratkulcu/Library/Java/JavaVirtualMachines/corretto-17.0.10/Contents/Home/lib/libextnet.dylib
0x000000010dcd2000 	/Users/beratkulcu/Library/Java/JavaVirtualMachines/corretto-17.0.10/Contents/Home/lib/libmanagement.dylib
0x000000010dd10000 	/Users/beratkulcu/Library/Java/JavaVirtualMachines/corretto-17.0.10/Contents/Home/lib/libmanagement_ext.dylib


VM Arguments:
jvm_args: -XX:TieredStopAtLevel=1 -Dspring.output.ansi.enabled=always -Dcom.sun.management.jmxremote -Dspring.jmx.enabled=true -Dspring.liveBeansView.mbeanDomain -Dspring.application.admin.enabled=true -Dmanagement.endpoints.jmx.exposure.include=* -javaagent:/private/var/folders/jp/0vdv6hcd6gn_kpzcjlvg2_6m0000gn/T/AppTranslocation/77858DE0-2297-4955-8706-42E74F83E092/d/IntelliJ IDEA.app/Contents/lib/idea_rt.jar=52720:/private/var/folders/jp/0vdv6hcd6gn_kpzcjlvg2_6m0000gn/T/AppTranslocation/77858DE0-2297-4955-8706-42E74F83E092/d/IntelliJ IDEA.app/Contents/bin -Dfile.encoding=UTF-8 
java_command: com.TurkcellUpdateProjectApplication
java_class_path (initial): /Users/beratkulcu/Desktop/Turkcell-Update-Project/target/classes:/Users/beratkulcu/.m2/repository/org/springframework/boot/spring-boot-starter-actuator/3.2.4/spring-boot-starter-actuator-3.2.4.jar:/Users/beratkulcu/.m2/repository/org/springframework/boot/spring-boot-starter/3.2.4/spring-boot-starter-3.2.4.jar:/Users/beratkulcu/.m2/repository/org/springframework/boot/spring-boot-starter-logging/3.2.4/spring-boot-starter-logging-3.2.4.jar:/Users/beratkulcu/.m2/repository/ch/qos/logback/logback-classic/1.4.14/logback-classic-1.4.14.jar:/Users/beratkulcu/.m2/repository/ch/qos/logback/logback-core/1.4.14/logback-core-1.4.14.jar:/Users/beratkulcu/.m2/repository/org/apache/logging/log4j/log4j-to-slf4j/2.21.1/log4j-to-slf4j-2.21.1.jar:/Users/beratkulcu/.m2/repository/org/apache/logging/log4j/log4j-api/2.21.1/log4j-api-2.21.1.jar:/Users/beratkulcu/.m2/repository/org/slf4j/jul-to-slf4j/2.0.12/jul-to-slf4j-2.0.12.jar:/Users/beratkulcu/.m2/repository/jakarta/annotation/jakarta.annotation-api/2.1.1/jakarta.annotation-api-2.1.1.jar:/Users/beratkulcu/.m2/repository/org/yaml/snakeyaml/2.2/snakeyaml-2.2.jar:/Users/beratkulcu/.m2/repository/org/springframework/boot/spring-boot-actuator-autoconfigure/3.2.4/spring-boot-actuator-autoconfigure-3.2.4.jar:/Users/beratkulcu/.m2/repository/org/springframework/boot/spring-boot-actuator/3.2.4/spring-boot-actuator-3.2.4.jar:/Users/beratkulcu/.m2/repository/com/fasterxml/jackson/core/jackson-databind/2.15.4/jackson-databind-2.15.4.jar:/Users/beratkulcu/.m2/repository/com/fasterxml/jackson/core/jackson-annotations/2.15.4/jackson-annotations-2.15.4.jar:/Users/beratkulcu/.m2/repository/com/fasterxml/jackson/core/jackson-core/2.15.4/jackson-core-2.15.4.jar:/Users/beratkulcu/.m2/repository/com/fasterxml/jackson/datatype/jackson-datatype-jsr310/2.15.4/jackson-datatype-jsr310-2.15.4.jar:/Users/beratkulcu/.m2/repository/io/micrometer/micrometer-observation/1.12.4/micrometer-observation-1.12.4.jar:/Users/beratkulcu/.m2/reposi
Launcher Type: SUN_STANDARD

[Global flags]
     intx CICompilerCount                          = 4                                         {product} {ergonomic}
     uint ConcGCThreads                            = 2                                         {product} {ergonomic}
     uint G1ConcRefinementThreads                  = 8                                         {product} {ergonomic}
   size_t G1HeapRegionSize                         = 2097152                                   {product} {ergonomic}
    uintx GCDrainStackTargetSize                   = 64                                        {product} {ergonomic}
   size_t InitialHeapSize                          = 268435456                                 {product} {ergonomic}
     bool ManagementServer                         = true                                      {product} {command line}
   size_t MarkStackSize                            = 4194304                                   {product} {ergonomic}
   size_t MaxHeapSize                              = 4294967296                                {product} {ergonomic}
   size_t MaxNewSize                               = 2575302656                                {product} {ergonomic}
   size_t MinHeapDeltaBytes                        = 2097152                                   {product} {ergonomic}
   size_t MinHeapSize                              = 8388608                                   {product} {ergonomic}
    uintx NonProfiledCodeHeapSize                  = 0                                      {pd product} {ergonomic}
     bool ProfileInterpreter                       = false                                  {pd product} {command line}
    uintx ProfiledCodeHeapSize                     = 0                                      {pd product} {ergonomic}
   size_t SoftMaxHeapSize                          = 4294967296                             {manageable} {ergonomic}
     intx TieredStopAtLevel                        = 1                                         {product} {command line}
     bool UseCompressedClassPointers               = true                           {product lp64_product} {ergonomic}
     bool UseCompressedOops                        = true                           {product lp64_product} {ergonomic}
     bool UseG1GC                                  = true                                      {product} {ergonomic}
     bool UseNUMA                                  = false                                     {product} {ergonomic}
     bool UseNUMAInterleaving                      = false                                     {product} {ergonomic}

Logging:
Log output configuration:
 #0: stdout all=warning uptime,level,tags
 #1: stderr all=off uptime,level,tags

Environment Variables:
PATH=/Users/beratkulcu/Downloads/apache-maven-3.6.3/bin:/usr/local/bin:/usr/bin:/bin:/usr/sbin:/sbin
SHELL=/bin/zsh
LC_CTYPE=tr_TR.UTF-8
TMPDIR=/var/folders/jp/0vdv6hcd6gn_kpzcjlvg2_6m0000gn/T/

Active Locale:
LC_ALL=C/tr_TR.UTF-8/C/C/C/C
LC_COLLATE=C
LC_CTYPE=tr_TR.UTF-8
LC_MESSAGES=C
LC_MONETARY=C
LC_NUMERIC=C
LC_TIME=C

Signal Handlers:
   SIGSEGV: crash_handler in libjvm.dylib, mask=11100110000111110111111111111111, flags=SA_RESTART|SA_SIGINFO, unblocked
    SIGBUS: crash_handler in libjvm.dylib, mask=11100110000111110111111111111111, flags=SA_RESTART|SA_SIGINFO, unblocked
    SIGFPE: crash_handler in libjvm.dylib, mask=11100110000111110111111111111111, flags=SA_RESTART|SA_SIGINFO, unblocked
   SIGPIPE: javaSignalHandler in libjvm.dylib, mask=11100110000111110111111111111111, flags=SA_RESTART|SA_SIGINFO, blocked
   SIGXFSZ: javaSignalHandler in libjvm.dylib, mask=11100110000111110111111111111111, flags=SA_RESTART|SA_SIGINFO, blocked
    SIGILL: crash_handler in libjvm.dylib, mask=11100110000111110111111111111111, flags=SA_RESTART|SA_SIGINFO, unblocked
   SIGUSR2: SR_handler in libjvm.dylib, mask=00100000000000000000000000000000, flags=SA_RESTART|SA_SIGINFO, blocked
    SIGHUP: UserHandler in libjvm.dylib, mask=11100110000111110111111111111111, flags=SA_RESTART|SA_SIGINFO, blocked
    SIGINT: UserHandler in libjvm.dylib, mask=11100110000111110111111111111111, flags=SA_RESTART|SA_SIGINFO, blocked
   SIGTERM: UserHandler in libjvm.dylib, mask=11100110000111110111111111111111, flags=SA_RESTART|SA_SIGINFO, blocked
   SIGQUIT: UserHandler in libjvm.dylib, mask=11100110000111110111111111111111, flags=SA_RESTART|SA_SIGINFO, blocked
   SIGTRAP: crash_handler in libjvm.dylib, mask=11100110000111110111111111111111, flags=SA_RESTART|SA_SIGINFO, unblocked


Periodic native trim disabled


---------------  S Y S T E M  ---------------

OS:
uname: Darwin 21.6.0 Darwin Kernel Version 21.6.0: Mon Feb 19 20:24:34 PST 2024; root:xnu-8020.240.18.707.4~1/RELEASE_X86_64 x86_64
OS uptime: 8 days 3:28 hours
rlimit (soft/hard): STACK 8192k/65532k , CORE 0k/infinity , NPROC 2784/4176 , NOFILE 10240/infinity , AS infinity/infinity , CPU infinity/infinity , DATA infinity/infinity , FSIZE infinity/infinity , MEMLOCK infinity/infinity , RSS infinity/infinity
load average: 1.96 2.13 2.40

CPU: total 8 (initial active 8) (4 cores per cpu, 2 threads per core) family 6 model 70 stepping 1 microcode 0x1c, cx8, cmov, fxsr, ht, mmx, sse, sse2, sse3, ssse3, sse4.1, sse4.2, popcnt, lzcnt, tsc, tscinvbit, avx, avx2, aes, erms, clmul, bmi1, bmi2, fma, vzeroupper, clflush
machdep.cpu.brand_string:Intel(R) Core(TM) i7-4980HQ CPU @ 2.80GHz
hw.cpufrequency:2800000000
hw.cpufrequency_min:2800000000
hw.cpufrequency_max:2800000000
hw.cachelinesize:64
hw.l1icachesize:32768
hw.l1dcachesize:32768
hw.l2cachesize:262144
hw.l3cachesize:6291456

Memory: 4k page, physical 16777216k(3485272k free), swap 3145728k(1373440k free)

vm_info: OpenJDK 64-Bit Server VM (17.0.10+7-LTS) for bsd-amd64 JRE (17.0.10+7-LTS), built on Jan 10 2024 22:09:44 by "ec2user" with clang Apple LLVM 14.0.0 (clang-1400.0.29.202)

END.
